#
# A fatal error has been detected by the Java Runtime Environment:
#
#  SIGSEGV (0xb) at pc=0x00007f65e01ba646, pid=8614, tid=8615
#
# JRE version: OpenJDK Runtime Environment (11.0.4+11) (build 11.0.4+11-post-Ubuntu-1ubuntu218.04.3)
# Java VM: OpenJDK 64-Bit Server VM (11.0.4+11-post-Ubuntu-1ubuntu218.04.3, mixed mode, tiered, compressed oops, g1 gc, linux-amd64)
# Problematic frame:
# C  [libc.so.6+0xb1646]
#
# Core dump will be written. Default location: Core dumps may be processed with "/usr/share/apport/apport %p %s %c %d %P" (or dumping to /home/esaric/Desktop/NICSLU-master/read_file_java/core.8614)
#
# If you would like to submit a bug report, please visit:
#   https://bugs.launchpad.net/ubuntu/+source/openjdk-lts
# The crash happened outside the Java Virtual Machine in native code.
# See problematic frame for where to report the bug.
#

---------------  S U M M A R Y ------------

Command Line: runme

Host: AMD E-450 APU with Radeon(tm) HD Graphics, 2 cores, 7G, Ubuntu 18.04.3 LTS
Time: Wed Oct 23 21:58:50 2019 CEST elapsed time: 0 seconds (0d 0h 0m 0s)

---------------  T H R E A D  ---------------

Current thread (0x00007f65d8012000):  JavaThread "main" [_thread_in_native, id=8615, stack(0x00007f65e0815000,0x00007f65e0916000)]

Stack: [0x00007f65e0815000,0x00007f65e0916000],  sp=0x00007f65e0914748,  free space=1021k
Native frames: (J=compiled Java code, A=aot compiled Java code, j=interpreted, Vv=VM code, C=native code)
C  [libc.so.6+0xb1646]
C  [libdemop.so+0x99f]  solveMatrix+0x95
C  [libdemop.so+0xae1]  Java_demopJNI_solveMatrix+0x2f
j  demopJNI.solveMatrix(I)I+0
j  demop.solveMatrix(I)I+1
j  runme.main([Ljava/lang/String;)V+12
v  ~StubRoutines::call_stub
V  [libjvm.so+0x841c99]
V  [libjvm.so+0x8b9c7d]
V  [libjvm.so+0x8bbd6e]
C  [libjli.so+0x5856]
C  [libjli.so+0x92cd]

Java frames: (J=compiled Java code, j=interpreted, Vv=VM code)
j  demopJNI.solveMatrix(I)I+0
j  demop.solveMatrix(I)I+1
j  runme.main([Ljava/lang/String;)V+12
v  ~StubRoutines::call_stub

siginfo: si_signo: 11 (SIGSEGV), si_code: 1 (SEGV_MAPERR), si_addr: 0x0000000000000008

Register to memory mapping:

RAX=0x0 is NULL
RBX={method} {0x00007f65b1c00b40} 'solveMatrix' '(I)I' in 'demopJNI'
RCX=0x0 is NULL
RDX=0x0 is NULL
RSP=0x00007f65e0914748 is pointing into the stack for thread: 0x00007f65d8012000
RBP=0x00007f65e0914800 is pointing into the stack for thread: 0x00007f65d8012000
RSI=0x00007f65d81eb120 points into unknown readable memory: 2f 75 73 72 2f 6c 69 62
RDI=0x0 is NULL
R8 =0x00007f65e04f5a60: <offset 0x00000000003eca60> in /lib/x86_64-linux-gnu/libc.so.6 at 0x00007f65e0109000
R9 =0x0 is NULL
R10=0x000000000000000b is an unknown value
R11=0x00007f65e01899c0: _IO_puts+0x0000000000000000 in /lib/x86_64-linux-gnu/libc.so.6 at 0x00007f65e0109000
R12=0x0 is NULL
R13={method} {0x00007f65b1c00b40} 'solveMatrix' '(I)I' in 'demopJNI'
R14=0x00007f65e0914930 is pointing into the stack for thread: 0x00007f65d8012000
R15=0x00007f65d8012000 is a thread


Registers:
RAX=0x0000000000000000, RBX=0x00007f65b1c00b40, RCX=0x0000000000000000, RDX=0x0000000000000000
RSP=0x00007f65e0914748, RBP=0x00007f65e0914800, RSI=0x00007f65d81eb120, RDI=0x0000000000000000
R8 =0x00007f65e04f5a60, R9 =0x0000000000000000, R10=0x000000000000000b, R11=0x00007f65e01899c0
R12=0x0000000000000000, R13=0x00007f65b1c00b40, R14=0x00007f65e0914930, R15=0x00007f65d8012000
RIP=0x00007f65e01ba646, EFLAGS=0x0000000000010293, CSGSFS=0x002b000000000033, ERR=0x0000000000000004
  TRAPNO=0x000000000000000e

Top of Stack: (sp=0x00007f65e0914748)
0x00007f65e0914748:   00007f65e01899d2 00007f65e0914800
0x00007f65e0914758:   00007f65b1c00b40 00007f65e0914800
0x00007f65e0914768:   0000000000000000 00007f65b1c00b40
0x00007f65e0914778:   00007f65b0267fd0 0000000000000000 

Instructions: (pc=0x00007f65e01ba646)
0x00007f65e01ba546:   66 2e 0f 1f 84 00 00 00 00 00 48 89 f8 66 0f ef
0x00007f65e01ba556:   c0 48 83 e0 c0 f3 0f 6f 28 66 0f 6f f5 f3 0f 6f
0x00007f65e01ba566:   60 10 66 0f 74 e9 66 0f 74 f0 f3 0f 6f 58 20 66
0x00007f65e01ba576:   0f d7 f6 66 0f 6f f4 f3 0f 6f 50 30 66 0f 74 e1
0x00007f65e01ba586:   66 0f 74 f0 66 0f d7 d6 66 0f 6f f3 66 0f 74 d9
0x00007f65e01ba596:   66 0f 74 f0 66 0f 74 c2 48 c1 e2 10 66 44 0f d7
0x00007f65e01ba5a6:   cb 66 44 0f d7 c6 66 0f d7 c8 49 c1 e1 20 49 c1
0x00007f65e01ba5b6:   e0 20 66 0f 74 d1 4c 09 c2 48 c1 e1 30 66 44 0f
0x00007f65e01ba5c6:   d7 c5 48 09 f2 66 0f d7 f4 48 09 ca 66 0f d7 ca
0x00007f65e01ba5d6:   48 c1 e6 10 48 c1 e1 30 4c 09 ce 4c 09 c6 48 09
0x00007f65e01ba5e6:   ce 89 f9 29 c1 48 d3 ea 48 d3 ee 48 85 d2 0f 84
0x00007f65e01ba5f6:   26 fe ff ff 48 8d 42 ff 48 31 d0 48 21 c6 0f 84
0x00007f65e01ba606:   36 ff ff ff 48 0f bd c6 48 01 f8 c3 66 2e 0f 1f
0x00007f65e01ba616:   84 00 00 00 00 00 0f 1f 40 00 66 0f ef c0 66 0f
0x00007f65e01ba626:   ef c9 66 0f ef d2 66 0f ef db 48 89 f8 48 89 f9
0x00007f65e01ba636:   48 81 e1 ff 0f 00 00 48 81 f9 cf 0f 00 00 77 6a
0x00007f65e01ba646:   f3 0f 6f 20 66 0f 74 e0 66 0f d7 d4 85 d2 74 04
0x00007f65e01ba656:   0f bc c2 c3 48 83 e0 f0 66 0f 74 48 10 66 0f 74
0x00007f65e01ba666:   50 20 66 0f 74 58 30 66 0f d7 d1 66 44 0f d7 c2
0x00007f65e01ba676:   66 0f d7 cb 48 c1 e2 10 48 c1 e1 10 4c 09 c1 48
0x00007f65e01ba686:   c1 e1 20 48 09 ca 48 89 f9 48 31 c1 48 83 e0 c0
0x00007f65e01ba696:   48 d3 fa 48 85 d2 0f 84 7e 00 00 00 48 0f bc c2
0x00007f65e01ba6a6:   c3 66 0f 1f 84 00 00 00 00 00 48 83 e0 c0 66 0f
0x00007f65e01ba6b6:   74 00 66 0f 74 48 10 66 0f 74 50 20 66 0f 74 58
0x00007f65e01ba6c6:   30 66 0f d7 f0 66 0f d7 d1 66 44 0f d7 c2 66 0f
0x00007f65e01ba6d6:   d7 cb 48 c1 e2 10 48 c1 e1 10 48 09 f2 4c 09 c1
0x00007f65e01ba6e6:   48 c1 e1 20 48 09 ca 48 89 f9 48 31 c1 48 83 e0
0x00007f65e01ba6f6:   c0 48 d3 fa 48 85 d2 74 11 48 0f bc c2 c3 66 90
0x00007f65e01ba706:   66 2e 0f 1f 84 00 00 00 00 00 66 0f ef c9 66 0f
0x00007f65e01ba716:   ef d2 66 0f ef db 0f 1f 40 00 66 0f 6f 40 40 66
0x00007f65e01ba726:   0f da 40 50 66 0f da 40 60 66 0f da 40 70 66 0f
0x00007f65e01ba736:   74 c3 66 0f d7 d0 85 d2 75 30 48 83 e8 80 66 0f 


Stack slot to memory mapping:
stack at sp + 0 slots: 0x00007f65e01899d2: _IO_puts+0x0000000000000012 in /lib/x86_64-linux-gnu/libc.so.6 at 0x00007f65e0109000
stack at sp + 1 slots: 0x00007f65e0914800 is pointing into the stack for thread: 0x00007f65d8012000
stack at sp + 2 slots: {method} {0x00007f65b1c00b40} 'solveMatrix' '(I)I' in 'demopJNI'
stack at sp + 3 slots: 0x00007f65e0914800 is pointing into the stack for thread: 0x00007f65d8012000
stack at sp + 4 slots: 0x0 is NULL
stack at sp + 5 slots: {method} {0x00007f65b1c00b40} 'solveMatrix' '(I)I' in 'demopJNI'
stack at sp + 6 slots: 0x00007f65b0267fd0: NicsLU_ReadTripletColumnToSparse+0x0000000000000048 in libnicslu_readfile.so at 0x00007f65b0267000
stack at sp + 7 slots: 0x0 is NULL


---------------  P R O C E S S  ---------------

Threads class SMR info:
_java_thread_list=0x00007f65d81de810, length=9, elements={
0x00007f65d8012000, 0x00007f65d812e800, 0x00007f65d8133000, 0x00007f65d8146800,
0x00007f65d8148800, 0x00007f65d814a800, 0x00007f65d814c800, 0x00007f65d81cd800,
0x00007f65d81dd000
}

Java Threads: ( => current thread )
=>0x00007f65d8012000 JavaThread "main" [_thread_in_native, id=8615, stack(0x00007f65e0815000,0x00007f65e0916000)]
  0x00007f65d812e800 JavaThread "Reference Handler" daemon [_thread_blocked, id=8622, stack(0x00007f65b16ff000,0x00007f65b1800000)]
  0x00007f65d8133000 JavaThread "Finalizer" daemon [_thread_blocked, id=8623, stack(0x00007f65b15fe000,0x00007f65b16ff000)]
  0x00007f65d8146800 JavaThread "Signal Dispatcher" daemon [_thread_blocked, id=8624, stack(0x00007f65b109c000,0x00007f65b119d000)]
  0x00007f65d8148800 JavaThread "C2 CompilerThread0" daemon [_thread_blocked, id=8625, stack(0x00007f65b0f9b000,0x00007f65b109c000)]
  0x00007f65d814a800 JavaThread "C1 CompilerThread0" daemon [_thread_blocked, id=8626, stack(0x00007f65b0e9a000,0x00007f65b0f9b000)]
  0x00007f65d814c800 JavaThread "Sweeper thread" daemon [_thread_blocked, id=8627, stack(0x00007f65b0d99000,0x00007f65b0e9a000)]
  0x00007f65d81cd800 JavaThread "Service Thread" daemon [_thread_blocked, id=8628, stack(0x00007f65b0c98000,0x00007f65b0d99000)]
  0x00007f65d81dd000 JavaThread "Common-Cleaner" daemon [_thread_blocked, id=8630, stack(0x00007f65b0a95000,0x00007f65b0b96000)]

Other Threads:
  0x00007f65d8126800 VMThread "VM Thread" [stack: 0x00007f65b80bb000,0x00007f65b81bb000] [id=8621]
  0x00007f65d81d0000 WatcherThread [stack: 0x00007f65b0b98000,0x00007f65b0c98000] [id=8629]
  0x00007f65d8028000 GCTaskThread "GC Thread#0" [stack: 0x00007f65dc80b000,0x00007f65dc90b000] [id=8616]
  0x00007f65d8057000 ConcurrentGCThread "G1 Main Marker" [stack: 0x00007f65dc153000,0x00007f65dc253000] [id=8617]
  0x00007f65d8059000 ConcurrentGCThread "G1 Conc#0" [stack: 0x00007f65dc051000,0x00007f65dc151000] [id=8618]
  0x00007f65d80c5800 ConcurrentGCThread "G1 Refine#0" [stack: 0x00007f65b82bf000,0x00007f65b83bf000] [id=8619]
  0x00007f65d80c7800 ConcurrentGCThread "G1 Young RemSet Sampling" [stack: 0x00007f65b81bd000,0x00007f65b82bd000] [id=8620]

Threads with active compile tasks:

VM state:not at safepoint (normal execution)

VM Mutex/Monitor currently owned by a thread: None

Heap address: 0x0000000089800000, size: 1896 MB, Compressed Oops mode: 32-bit
Narrow klass base: 0x0000000000000000, Narrow klass shift: 3
Compressed class space size: 1073741824 Address: 0x0000000100000000

Heap:
 garbage-first heap   total 122880K, used 0K [0x0000000089800000, 0x0000000100000000)
  region size 1024K, 1 young (1024K), 0 survivors (0K)
 Metaspace       used 3769K, capacity 4486K, committed 4864K, reserved 1056768K
  class space    used 335K, capacity 386K, committed 512K, reserved 1048576K
Heap Regions: E=young(eden), S=young(survivor), O=old, HS=humongous(starts), HC=humongous(continues), CS=collection set, F=free, A=archive, TAMS=top-at-mark-start (previous, next)
|   0|0x0000000089800000, 0x0000000089800000, 0x0000000089900000|  0%| F|  |TAMS 0x0000000089800000, 0x0000000089800000| Untracked 
|   1|0x0000000089900000, 0x0000000089900000, 0x0000000089a00000|  0%| F|  |TAMS 0x0000000089900000, 0x0000000089900000| Untracked 
|   2|0x0000000089a00000, 0x0000000089a00000, 0x0000000089b00000|  0%| F|  |TAMS 0x0000000089a00000, 0x0000000089a00000| Untracked 
|   3|0x0000000089b00000, 0x0000000089b00000, 0x0000000089c00000|  0%| F|  |TAMS 0x0000000089b00000, 0x0000000089b00000| Untracked 
|   4|0x0000000089c00000, 0x0000000089c00000, 0x0000000089d00000|  0%| F|  |TAMS 0x0000000089c00000, 0x0000000089c00000| Untracked 
|   5|0x0000000089d00000, 0x0000000089d00000, 0x0000000089e00000|  0%| F|  |TAMS 0x0000000089d00000, 0x0000000089d00000| Untracked 
|   6|0x0000000089e00000, 0x0000000089e00000, 0x0000000089f00000|  0%| F|  |TAMS 0x0000000089e00000, 0x0000000089e00000| Untracked 
|   7|0x0000000089f00000, 0x0000000089f00000, 0x000000008a000000|  0%| F|  |TAMS 0x0000000089f00000, 0x0000000089f00000| Untracked 
|   8|0x000000008a000000, 0x000000008a000000, 0x000000008a100000|  0%| F|  |TAMS 0x000000008a000000, 0x000000008a000000| Untracked 
|   9|0x000000008a100000, 0x000000008a100000, 0x000000008a200000|  0%| F|  |TAMS 0x000000008a100000, 0x000000008a100000| Untracked 
|  10|0x000000008a200000, 0x000000008a200000, 0x000000008a300000|  0%| F|  |TAMS 0x000000008a200000, 0x000000008a200000| Untracked 
|  11|0x000000008a300000, 0x000000008a300000, 0x000000008a400000|  0%| F|  |TAMS 0x000000008a300000, 0x000000008a300000| Untracked 
|  12|0x000000008a400000, 0x000000008a400000, 0x000000008a500000|  0%| F|  |TAMS 0x000000008a400000, 0x000000008a400000| Untracked 
|  13|0x000000008a500000, 0x000000008a500000, 0x000000008a600000|  0%| F|  |TAMS 0x000000008a500000, 0x000000008a500000| Untracked 
|  14|0x000000008a600000, 0x000000008a600000, 0x000000008a700000|  0%| F|  |TAMS 0x000000008a600000, 0x000000008a600000| Untracked 
|  15|0x000000008a700000, 0x000000008a700000, 0x000000008a800000|  0%| F|  |TAMS 0x000000008a700000, 0x000000008a700000| Untracked 
|  16|0x000000008a800000, 0x000000008a800000, 0x000000008a900000|  0%| F|  |TAMS 0x000000008a800000, 0x000000008a800000| Untracked 
|  17|0x000000008a900000, 0x000000008a900000, 0x000000008aa00000|  0%| F|  |TAMS 0x000000008a900000, 0x000000008a900000| Untracked 
|  18|0x000000008aa00000, 0x000000008aa00000, 0x000000008ab00000|  0%| F|  |TAMS 0x000000008aa00000, 0x000000008aa00000| Untracked 
|  19|0x000000008ab00000, 0x000000008ab00000, 0x000000008ac00000|  0%| F|  |TAMS 0x000000008ab00000, 0x000000008ab00000| Untracked 
|  20|0x000000008ac00000, 0x000000008ac00000, 0x000000008ad00000|  0%| F|  |TAMS 0x000000008ac00000, 0x000000008ac00000| Untracked 
|  21|0x000000008ad00000, 0x000000008ad00000, 0x000000008ae00000|  0%| F|  |TAMS 0x000000008ad00000, 0x000000008ad00000| Untracked 
|  22|0x000000008ae00000, 0x000000008ae00000, 0x000000008af00000|  0%| F|  |TAMS 0x000000008ae00000, 0x000000008ae00000| Untracked 
|  23|0x000000008af00000, 0x000000008af00000, 0x000000008b000000|  0%| F|  |TAMS 0x000000008af00000, 0x000000008af00000| Untracked 
|  24|0x000000008b000000, 0x000000008b000000, 0x000000008b100000|  0%| F|  |TAMS 0x000000008b000000, 0x000000008b000000| Untracked 
|  25|0x000000008b100000, 0x000000008b100000, 0x000000008b200000|  0%| F|  |TAMS 0x000000008b100000, 0x000000008b100000| Untracked 
|  26|0x000000008b200000, 0x000000008b200000, 0x000000008b300000|  0%| F|  |TAMS 0x000000008b200000, 0x000000008b200000| Untracked 
|  27|0x000000008b300000, 0x000000008b300000, 0x000000008b400000|  0%| F|  |TAMS 0x000000008b300000, 0x000000008b300000| Untracked 
|  28|0x000000008b400000, 0x000000008b400000, 0x000000008b500000|  0%| F|  |TAMS 0x000000008b400000, 0x000000008b400000| Untracked 
|  29|0x000000008b500000, 0x000000008b500000, 0x000000008b600000|  0%| F|  |TAMS 0x000000008b500000, 0x000000008b500000| Untracked 
|  30|0x000000008b600000, 0x000000008b600000, 0x000000008b700000|  0%| F|  |TAMS 0x000000008b600000, 0x000000008b600000| Untracked 
|  31|0x000000008b700000, 0x000000008b700000, 0x000000008b800000|  0%| F|  |TAMS 0x000000008b700000, 0x000000008b700000| Untracked 
|  32|0x000000008b800000, 0x000000008b800000, 0x000000008b900000|  0%| F|  |TAMS 0x000000008b800000, 0x000000008b800000| Untracked 
|  33|0x000000008b900000, 0x000000008b900000, 0x000000008ba00000|  0%| F|  |TAMS 0x000000008b900000, 0x000000008b900000| Untracked 
|  34|0x000000008ba00000, 0x000000008ba00000, 0x000000008bb00000|  0%| F|  |TAMS 0x000000008ba00000, 0x000000008ba00000| Untracked 
|  35|0x000000008bb00000, 0x000000008bb00000, 0x000000008bc00000|  0%| F|  |TAMS 0x000000008bb00000, 0x000000008bb00000| Untracked 
|  36|0x000000008bc00000, 0x000000008bc00000, 0x000000008bd00000|  0%| F|  |TAMS 0x000000008bc00000, 0x000000008bc00000| Untracked 
|  37|0x000000008bd00000, 0x000000008bd00000, 0x000000008be00000|  0%| F|  |TAMS 0x000000008bd00000, 0x000000008bd00000| Untracked 
|  38|0x000000008be00000, 0x000000008be00000, 0x000000008bf00000|  0%| F|  |TAMS 0x000000008be00000, 0x000000008be00000| Untracked 
|  39|0x000000008bf00000, 0x000000008bf00000, 0x000000008c000000|  0%| F|  |TAMS 0x000000008bf00000, 0x000000008bf00000| Untracked 
|  40|0x000000008c000000, 0x000000008c000000, 0x000000008c100000|  0%| F|  |TAMS 0x000000008c000000, 0x000000008c000000| Untracked 
|  41|0x000000008c100000, 0x000000008c100000, 0x000000008c200000|  0%| F|  |TAMS 0x000000008c100000, 0x000000008c100000| Untracked 
|  42|0x000000008c200000, 0x000000008c200000, 0x000000008c300000|  0%| F|  |TAMS 0x000000008c200000, 0x000000008c200000| Untracked 
|  43|0x000000008c300000, 0x000000008c300000, 0x000000008c400000|  0%| F|  |TAMS 0x000000008c300000, 0x000000008c300000| Untracked 
|  44|0x000000008c400000, 0x000000008c400000, 0x000000008c500000|  0%| F|  |TAMS 0x000000008c400000, 0x000000008c400000| Untracked 
|  45|0x000000008c500000, 0x000000008c500000, 0x000000008c600000|  0%| F|  |TAMS 0x000000008c500000, 0x000000008c500000| Untracked 
|  46|0x000000008c600000, 0x000000008c600000, 0x000000008c700000|  0%| F|  |TAMS 0x000000008c600000, 0x000000008c600000| Untracked 
|  47|0x000000008c700000, 0x000000008c700000, 0x000000008c800000|  0%| F|  |TAMS 0x000000008c700000, 0x000000008c700000| Untracked 
|  48|0x000000008c800000, 0x000000008c800000, 0x000000008c900000|  0%| F|  |TAMS 0x000000008c800000, 0x000000008c800000| Untracked 
|  49|0x000000008c900000, 0x000000008c900000, 0x000000008ca00000|  0%| F|  |TAMS 0x000000008c900000, 0x000000008c900000| Untracked 
|  50|0x000000008ca00000, 0x000000008ca00000, 0x000000008cb00000|  0%| F|  |TAMS 0x000000008ca00000, 0x000000008ca00000| Untracked 
|  51|0x000000008cb00000, 0x000000008cb00000, 0x000000008cc00000|  0%| F|  |TAMS 0x000000008cb00000, 0x000000008cb00000| Untracked 
|  52|0x000000008cc00000, 0x000000008cc00000, 0x000000008cd00000|  0%| F|  |TAMS 0x000000008cc00000, 0x000000008cc00000| Untracked 
|  53|0x000000008cd00000, 0x000000008cd00000, 0x000000008ce00000|  0%| F|  |TAMS 0x000000008cd00000, 0x000000008cd00000| Untracked 
|  54|0x000000008ce00000, 0x000000008ce00000, 0x000000008cf00000|  0%| F|  |TAMS 0x000000008ce00000, 0x000000008ce00000| Untracked 
|  55|0x000000008cf00000, 0x000000008cf00000, 0x000000008d000000|  0%| F|  |TAMS 0x000000008cf00000, 0x000000008cf00000| Untracked 
|  56|0x000000008d000000, 0x000000008d000000, 0x000000008d100000|  0%| F|  |TAMS 0x000000008d000000, 0x000000008d000000| Untracked 
|  57|0x000000008d100000, 0x000000008d100000, 0x000000008d200000|  0%| F|  |TAMS 0x000000008d100000, 0x000000008d100000| Untracked 
|  58|0x000000008d200000, 0x000000008d200000, 0x000000008d300000|  0%| F|  |TAMS 0x000000008d200000, 0x000000008d200000| Untracked 
|  59|0x000000008d300000, 0x000000008d300000, 0x000000008d400000|  0%| F|  |TAMS 0x000000008d300000, 0x000000008d300000| Untracked 
|  60|0x000000008d400000, 0x000000008d400000, 0x000000008d500000|  0%| F|  |TAMS 0x000000008d400000, 0x000000008d400000| Untracked 
|  61|0x000000008d500000, 0x000000008d500000, 0x000000008d600000|  0%| F|  |TAMS 0x000000008d500000, 0x000000008d500000| Untracked 
|  62|0x000000008d600000, 0x000000008d600000, 0x000000008d700000|  0%| F|  |TAMS 0x000000008d600000, 0x000000008d600000| Untracked 
|  63|0x000000008d700000, 0x000000008d700000, 0x000000008d800000|  0%| F|  |TAMS 0x000000008d700000, 0x000000008d700000| Untracked 
|  64|0x000000008d800000, 0x000000008d800000, 0x000000008d900000|  0%| F|  |TAMS 0x000000008d800000, 0x000000008d800000| Untracked 
|  65|0x000000008d900000, 0x000000008d900000, 0x000000008da00000|  0%| F|  |TAMS 0x000000008d900000, 0x000000008d900000| Untracked 
|  66|0x000000008da00000, 0x000000008da00000, 0x000000008db00000|  0%| F|  |TAMS 0x000000008da00000, 0x000000008da00000| Untracked 
|  67|0x000000008db00000, 0x000000008db00000, 0x000000008dc00000|  0%| F|  |TAMS 0x000000008db00000, 0x000000008db00000| Untracked 
|  68|0x000000008dc00000, 0x000000008dc00000, 0x000000008dd00000|  0%| F|  |TAMS 0x000000008dc00000, 0x000000008dc00000| Untracked 
|  69|0x000000008dd00000, 0x000000008dd00000, 0x000000008de00000|  0%| F|  |TAMS 0x000000008dd00000, 0x000000008dd00000| Untracked 
|  70|0x000000008de00000, 0x000000008de00000, 0x000000008df00000|  0%| F|  |TAMS 0x000000008de00000, 0x000000008de00000| Untracked 
|  71|0x000000008df00000, 0x000000008df00000, 0x000000008e000000|  0%| F|  |TAMS 0x000000008df00000, 0x000000008df00000| Untracked 
|  72|0x000000008e000000, 0x000000008e000000, 0x000000008e100000|  0%| F|  |TAMS 0x000000008e000000, 0x000000008e000000| Untracked 
|  73|0x000000008e100000, 0x000000008e100000, 0x000000008e200000|  0%| F|  |TAMS 0x000000008e100000, 0x000000008e100000| Untracked 
|  74|0x000000008e200000, 0x000000008e200000, 0x000000008e300000|  0%| F|  |TAMS 0x000000008e200000, 0x000000008e200000| Untracked 
|  75|0x000000008e300000, 0x000000008e300000, 0x000000008e400000|  0%| F|  |TAMS 0x000000008e300000, 0x000000008e300000| Untracked 
|  76|0x000000008e400000, 0x000000008e400000, 0x000000008e500000|  0%| F|  |TAMS 0x000000008e400000, 0x000000008e400000| Untracked 
|  77|0x000000008e500000, 0x000000008e500000, 0x000000008e600000|  0%| F|  |TAMS 0x000000008e500000, 0x000000008e500000| Untracked 
|  78|0x000000008e600000, 0x000000008e600000, 0x000000008e700000|  0%| F|  |TAMS 0x000000008e600000, 0x000000008e600000| Untracked 
|  79|0x000000008e700000, 0x000000008e700000, 0x000000008e800000|  0%| F|  |TAMS 0x000000008e700000, 0x000000008e700000| Untracked 
|  80|0x000000008e800000, 0x000000008e800000, 0x000000008e900000|  0%| F|  |TAMS 0x000000008e800000, 0x000000008e800000| Untracked 
|  81|0x000000008e900000, 0x000000008e900000, 0x000000008ea00000|  0%| F|  |TAMS 0x000000008e900000, 0x000000008e900000| Untracked 
|  82|0x000000008ea00000, 0x000000008ea00000, 0x000000008eb00000|  0%| F|  |TAMS 0x000000008ea00000, 0x000000008ea00000| Untracked 
|  83|0x000000008eb00000, 0x000000008eb00000, 0x000000008ec00000|  0%| F|  |TAMS 0x000000008eb00000, 0x000000008eb00000| Untracked 
|  84|0x000000008ec00000, 0x000000008ec00000, 0x000000008ed00000|  0%| F|  |TAMS 0x000000008ec00000, 0x000000008ec00000| Untracked 
|  85|0x000000008ed00000, 0x000000008ed00000, 0x000000008ee00000|  0%| F|  |TAMS 0x000000008ed00000, 0x000000008ed00000| Untracked 
|  86|0x000000008ee00000, 0x000000008ee00000, 0x000000008ef00000|  0%| F|  |TAMS 0x000000008ee00000, 0x000000008ee00000| Untracked 
|  87|0x000000008ef00000, 0x000000008ef00000, 0x000000008f000000|  0%| F|  |TAMS 0x000000008ef00000, 0x000000008ef00000| Untracked 
|  88|0x000000008f000000, 0x000000008f000000, 0x000000008f100000|  0%| F|  |TAMS 0x000000008f000000, 0x000000008f000000| Untracked 
|  89|0x000000008f100000, 0x000000008f100000, 0x000000008f200000|  0%| F|  |TAMS 0x000000008f100000, 0x000000008f100000| Untracked 
|  90|0x000000008f200000, 0x000000008f200000, 0x000000008f300000|  0%| F|  |TAMS 0x000000008f200000, 0x000000008f200000| Untracked 
|  91|0x000000008f300000, 0x000000008f300000, 0x000000008f400000|  0%| F|  |TAMS 0x000000008f300000, 0x000000008f300000| Untracked 
|  92|0x000000008f400000, 0x000000008f400000, 0x000000008f500000|  0%| F|  |TAMS 0x000000008f400000, 0x000000008f400000| Untracked 
|  93|0x000000008f500000, 0x000000008f500000, 0x000000008f600000|  0%| F|  |TAMS 0x000000008f500000, 0x000000008f500000| Untracked 
|  94|0x000000008f600000, 0x000000008f600000, 0x000000008f700000|  0%| F|  |TAMS 0x000000008f600000, 0x000000008f600000| Untracked 
|  95|0x000000008f700000, 0x000000008f700000, 0x000000008f800000|  0%| F|  |TAMS 0x000000008f700000, 0x000000008f700000| Untracked 
|  96|0x000000008f800000, 0x000000008f800000, 0x000000008f900000|  0%| F|  |TAMS 0x000000008f800000, 0x000000008f800000| Untracked 
|  97|0x000000008f900000, 0x000000008f900000, 0x000000008fa00000|  0%| F|  |TAMS 0x000000008f900000, 0x000000008f900000| Untracked 
|  98|0x000000008fa00000, 0x000000008fa00000, 0x000000008fb00000|  0%| F|  |TAMS 0x000000008fa00000, 0x000000008fa00000| Untracked 
|  99|0x000000008fb00000, 0x000000008fb00000, 0x000000008fc00000|  0%| F|  |TAMS 0x000000008fb00000, 0x000000008fb00000| Untracked 
| 100|0x000000008fc00000, 0x000000008fc00000, 0x000000008fd00000|  0%| F|  |TAMS 0x000000008fc00000, 0x000000008fc00000| Untracked 
| 101|0x000000008fd00000, 0x000000008fd00000, 0x000000008fe00000|  0%| F|  |TAMS 0x000000008fd00000, 0x000000008fd00000| Untracked 
| 102|0x000000008fe00000, 0x000000008fe00000, 0x000000008ff00000|  0%| F|  |TAMS 0x000000008fe00000, 0x000000008fe00000| Untracked 
| 103|0x000000008ff00000, 0x000000008ff00000, 0x0000000090000000|  0%| F|  |TAMS 0x000000008ff00000, 0x000000008ff00000| Untracked 
| 104|0x0000000090000000, 0x0000000090000000, 0x0000000090100000|  0%| F|  |TAMS 0x0000000090000000, 0x0000000090000000| Untracked 
| 105|0x0000000090100000, 0x0000000090100000, 0x0000000090200000|  0%| F|  |TAMS 0x0000000090100000, 0x0000000090100000| Untracked 
| 106|0x0000000090200000, 0x0000000090200000, 0x0000000090300000|  0%| F|  |TAMS 0x0000000090200000, 0x0000000090200000| Untracked 
| 107|0x0000000090300000, 0x0000000090300000, 0x0000000090400000|  0%| F|  |TAMS 0x0000000090300000, 0x0000000090300000| Untracked 
| 108|0x0000000090400000, 0x0000000090400000, 0x0000000090500000|  0%| F|  |TAMS 0x0000000090400000, 0x0000000090400000| Untracked 
| 109|0x0000000090500000, 0x0000000090500000, 0x0000000090600000|  0%| F|  |TAMS 0x0000000090500000, 0x0000000090500000| Untracked 
| 110|0x0000000090600000, 0x0000000090600000, 0x0000000090700000|  0%| F|  |TAMS 0x0000000090600000, 0x0000000090600000| Untracked 
| 111|0x0000000090700000, 0x0000000090700000, 0x0000000090800000|  0%| F|  |TAMS 0x0000000090700000, 0x0000000090700000| Untracked 
| 112|0x0000000090800000, 0x0000000090800000, 0x0000000090900000|  0%| F|  |TAMS 0x0000000090800000, 0x0000000090800000| Untracked 
| 113|0x0000000090900000, 0x0000000090900000, 0x0000000090a00000|  0%| F|  |TAMS 0x0000000090900000, 0x0000000090900000| Untracked 
| 114|0x0000000090a00000, 0x0000000090a00000, 0x0000000090b00000|  0%| F|  |TAMS 0x0000000090a00000, 0x0000000090a00000| Untracked 
| 115|0x0000000090b00000, 0x0000000090b00000, 0x0000000090c00000|  0%| F|  |TAMS 0x0000000090b00000, 0x0000000090b00000| Untracked 
| 116|0x0000000090c00000, 0x0000000090c00000, 0x0000000090d00000|  0%| F|  |TAMS 0x0000000090c00000, 0x0000000090c00000| Untracked 
| 117|0x0000000090d00000, 0x0000000090d00000, 0x0000000090e00000|  0%| F|  |TAMS 0x0000000090d00000, 0x0000000090d00000| Untracked 
| 118|0x0000000090e00000, 0x0000000090e00000, 0x0000000090f00000|  0%| F|  |TAMS 0x0000000090e00000, 0x0000000090e00000| Untracked 
| 119|0x0000000090f00000, 0x0000000090ffbf68, 0x0000000091000000| 98%| E|  |TAMS 0x0000000090f00000, 0x0000000090f00000| Complete 

Card table byte_map: [0x00007f65c05a2000,0x00007f65c0956000] _byte_map_base: 0x00007f65c0156000

Marking Bits (Prev, Next): (CMBitMap*) 0x00007f65d804efd8, (CMBitMap*) 0x00007f65d804f010
 Prev Bits: [0x00007f65ba260000, 0x00007f65bc000000)
 Next Bits: [0x00007f65b84c0000, 0x00007f65ba260000)

Polling page: 0x00007f65e092e000

Metaspace:

Usage:
  Non-class:      4,00 MB capacity,     3,35 MB ( 84%) used,   665,80 KB ( 16%) free+waste,   128 bytes ( <1%) overhead. 
      Class:    386,00 KB capacity,   335,42 KB ( 87%) used,    50,45 KB ( 13%) free+waste,   128 bytes ( <1%) overhead. 
       Both:      4,38 MB capacity,     3,68 MB ( 84%) used,   716,25 KB ( 16%) free+waste,   256 bytes ( <1%) overhead. 

Virtual space:
  Non-class space:        8,00 MB reserved,       4,25 MB ( 53%) committed 
      Class space:        1,00 GB reserved,     512,00 KB ( <1%) committed 
             Both:        1,01 GB reserved,       4,75 MB ( <1%) committed 

Chunk freelists:
   Non-Class:  0 bytes
       Class:  0 bytes
        Both:  0 bytes

CodeHeap 'non-profiled nmethods': size=120036Kb used=18Kb max_used=18Kb free=120017Kb
 bounds [0x00007f65c841d000, 0x00007f65c868d000, 0x00007f65cf956000]
CodeHeap 'profiled nmethods': size=120032Kb used=110Kb max_used=110Kb free=119921Kb
 bounds [0x00007f65c0ee5000, 0x00007f65c1155000, 0x00007f65c841d000]
CodeHeap 'non-nmethods': size=5692Kb used=978Kb max_used=981Kb free=4713Kb
 bounds [0x00007f65c0956000, 0x00007f65c0bc6000, 0x00007f65c0ee5000]
 total_blobs=373 nmethods=78 adapters=159
 compilation: enabled
              stopped_count=0, restarted_count=0
 full_count=0

Compilation events (10 events):
Event: 0,315 Thread 0x00007f65d814a800   72       1       java.lang.Module::getDescriptor (5 bytes)
Event: 0,316 Thread 0x00007f65d814a800 nmethod 72 0x00007f65c8421190 code [0x00007f65c8421340, 0x00007f65c8421450]
Event: 0,317 Thread 0x00007f65d814a800   74       3       java.lang.StringLatin1::indexOf (61 bytes)
Event: 0,318 Thread 0x00007f65d814a800 nmethod 74 0x00007f65c0eff090 code [0x00007f65c0eff260, 0x00007f65c0eff670]
Event: 0,349 Thread 0x00007f65d814a800   75       3       java.lang.StringLatin1::canEncode (13 bytes)
Event: 0,350 Thread 0x00007f65d814a800 nmethod 75 0x00007f65c0eff790 code [0x00007f65c0eff940, 0x00007f65c0effad0]
Event: 0,360 Thread 0x00007f65d814a800   77       3       java.lang.AbstractStringBuilder::ensureCapacityInternal (39 bytes)
Event: 0,362 Thread 0x00007f65d814a800 nmethod 77 0x00007f65c0effb90 code [0x00007f65c0effd80, 0x00007f65c0f00258]
Event: 0,363 Thread 0x00007f65d814a800   78       3       java.lang.String::indexOf (29 bytes)
Event: 0,365 Thread 0x00007f65d814a800 nmethod 78 0x00007f65c0f00410 code [0x00007f65c0f005e0, 0x00007f65c0f008b8]

GC Heap History (0 events):
No events

Deoptimization events (4 events):
Event: 0,312 Thread 0x00007f65d8012000 Uncommon trap: trap_request=0xffffff4d fr.pc=0x00007f65c8420798 relative=0x0000000000000178
Event: 0,312 Thread 0x00007f65d8012000 Uncommon trap: reason=unstable_if action=reinterpret pc=0x00007f65c8420798 method=java.lang.String.hashCode()I @ 14 c2
Event: 0,312 Thread 0x00007f65d8012000 DEOPT PACKING pc=0x00007f65c8420798 sp=0x00007f65e09131a0
Event: 0,312 Thread 0x00007f65d8012000 DEOPT UNPACKING pc=0x00007f65c097d89f sp=0x00007f65e0913158 mode 2

Classes redefined (0 events):
No events

Internal exceptions (0 events):
No events

Events (10 events):
Event: 0,356 loading class java/lang/PublicMethods$Key
Event: 0,356 loading class java/lang/PublicMethods$Key done
Event: 0,357 loading class java/lang/Void
Event: 0,357 loading class java/lang/Void done
Event: 0,357 loading class java/lang/ClassLoaderHelper
Event: 0,357 loading class java/lang/ClassLoaderHelper done
Event: 0,363 loading class demop
Event: 0,363 loading class demop done
Event: 0,364 loading class demopJNI
Event: 0,364 loading class demopJNI done


Dynamic libraries:
89800000-91000000 rw-p 00000000 00:00 0 
91000000-100000000 ---p 00000000 00:00 0 
100000000-100080000 rw-p 00000000 00:00 0 
100080000-140000000 ---p 00000000 00:00 0 
55662caef000-55662caf0000 r-xp 00000000 08:05 796054                     /usr/lib/jvm/java-11-openjdk-amd64/bin/java
55662ccf0000-55662ccf1000 r--p 00001000 08:05 796054                     /usr/lib/jvm/java-11-openjdk-amd64/bin/java
55662ccf1000-55662ccf2000 rw-p 00002000 08:05 796054                     /usr/lib/jvm/java-11-openjdk-amd64/bin/java
55662eb4a000-55662eb6b000 rw-p 00000000 00:00 0                          [heap]
7f6580000000-7f6580021000 rw-p 00000000 00:00 0 
7f6580021000-7f6584000000 ---p 00000000 00:00 0 
7f6584000000-7f6584021000 rw-p 00000000 00:00 0 
7f6584021000-7f6588000000 ---p 00000000 00:00 0 
7f6588000000-7f658805f000 rw-p 00000000 00:00 0 
7f658805f000-7f658c000000 ---p 00000000 00:00 0 
7f658c000000-7f658c021000 rw-p 00000000 00:00 0 
7f658c021000-7f6590000000 ---p 00000000 00:00 0 
7f6590000000-7f6590021000 rw-p 00000000 00:00 0 
7f6590021000-7f6594000000 ---p 00000000 00:00 0 
7f6594000000-7f6594097000 rw-p 00000000 00:00 0 
7f6594097000-7f6598000000 ---p 00000000 00:00 0 
7f6598000000-7f6598021000 rw-p 00000000 00:00 0 
7f6598021000-7f659c000000 ---p 00000000 00:00 0 
7f659c000000-7f659c021000 rw-p 00000000 00:00 0 
7f659c021000-7f65a0000000 ---p 00000000 00:00 0 
7f65a0000000-7f65a0021000 rw-p 00000000 00:00 0 
7f65a0021000-7f65a4000000 ---p 00000000 00:00 0 
7f65a4000000-7f65a4021000 rw-p 00000000 00:00 0 
7f65a4021000-7f65a8000000 ---p 00000000 00:00 0 
7f65a8000000-7f65a8021000 rw-p 00000000 00:00 0 
7f65a8021000-7f65ac000000 ---p 00000000 00:00 0 
7f65ac000000-7f65ac021000 rw-p 00000000 00:00 0 
7f65ac021000-7f65b0000000 ---p 00000000 00:00 0 
7f65b0267000-7f65b026a000 r-xp 00000000 08:05 1717412                    /home/esaric/Desktop/NICSLU-master/read_file_java/libnicslu_readfile.so
7f65b026a000-7f65b0469000 ---p 00003000 08:05 1717412                    /home/esaric/Desktop/NICSLU-master/read_file_java/libnicslu_readfile.so
7f65b0469000-7f65b046a000 r--p 00002000 08:05 1717412                    /home/esaric/Desktop/NICSLU-master/read_file_java/libnicslu_readfile.so
7f65b046a000-7f65b046b000 rw-p 00003000 08:05 1717412                    /home/esaric/Desktop/NICSLU-master/read_file_java/libnicslu_readfile.so
7f65b046b000-7f65b046c000 r-xp 00000000 08:05 1717418                    /home/esaric/Desktop/NICSLU-master/read_file_java/libdemop.so
7f65b046c000-7f65b066b000 ---p 00001000 08:05 1717418                    /home/esaric/Desktop/NICSLU-master/read_file_java/libdemop.so
7f65b066b000-7f65b066c000 r--p 00000000 08:05 1717418                    /home/esaric/Desktop/NICSLU-master/read_file_java/libdemop.so
7f65b066c000-7f65b066d000 rw-p 00001000 08:05 1717418                    /home/esaric/Desktop/NICSLU-master/read_file_java/libdemop.so
7f65b066d000-7f65b0683000 r-xp 00000000 08:05 1196418                    /usr/lib/jvm/java-11-openjdk-amd64/lib/libnet.so
7f65b0683000-7f65b0882000 ---p 00016000 08:05 1196418                    /usr/lib/jvm/java-11-openjdk-amd64/lib/libnet.so
7f65b0882000-7f65b0883000 r--p 00015000 08:05 1196418                    /usr/lib/jvm/java-11-openjdk-amd64/lib/libnet.so
7f65b0883000-7f65b0884000 rw-p 00016000 08:05 1196418                    /usr/lib/jvm/java-11-openjdk-amd64/lib/libnet.so
7f65b0884000-7f65b0894000 r-xp 00000000 08:05 1196419                    /usr/lib/jvm/java-11-openjdk-amd64/lib/libnio.so
7f65b0894000-7f65b0a93000 ---p 00010000 08:05 1196419                    /usr/lib/jvm/java-11-openjdk-amd64/lib/libnio.so
7f65b0a93000-7f65b0a94000 r--p 0000f000 08:05 1196419                    /usr/lib/jvm/java-11-openjdk-amd64/lib/libnio.so
7f65b0a94000-7f65b0a95000 rw-p 00010000 08:05 1196419                    /usr/lib/jvm/java-11-openjdk-amd64/lib/libnio.so
7f65b0a95000-7f65b0a99000 ---p 00000000 00:00 0 
7f65b0a99000-7f65b0b96000 rw-p 00000000 00:00 0 
7f65b0b96000-7f65b0b97000 ---p 00000000 00:00 0 
7f65b0b97000-7f65b0c98000 rw-p 00000000 00:00 0 
7f65b0c98000-7f65b0c9c000 ---p 00000000 00:00 0 
7f65b0c9c000-7f65b0d99000 rw-p 00000000 00:00 0 
7f65b0d99000-7f65b0d9d000 ---p 00000000 00:00 0 
7f65b0d9d000-7f65b0e9a000 rw-p 00000000 00:00 0 
7f65b0e9a000-7f65b0e9e000 ---p 00000000 00:00 0 
7f65b0e9e000-7f65b0f9b000 rw-p 00000000 00:00 0 
7f65b0f9b000-7f65b0f9f000 ---p 00000000 00:00 0 
7f65b0f9f000-7f65b109c000 rw-p 00000000 00:00 0 
7f65b109c000-7f65b10a0000 ---p 00000000 00:00 0 
7f65b10a0000-7f65b119d000 rw-p 00000000 00:00 0 
7f65b119d000-7f65b15fe000 r--p 00000000 08:05 786462                     /usr/lib/locale/locale-archive
7f65b15fe000-7f65b1602000 ---p 00000000 00:00 0 
7f65b1602000-7f65b16ff000 rw-p 00000000 00:00 0 
7f65b16ff000-7f65b1703000 ---p 00000000 00:00 0 
7f65b1703000-7f65b1c40000 rw-p 00000000 00:00 0 
7f65b1c40000-7f65b2000000 ---p 00000000 00:00 0 
7f65b2000000-7f65b4000000 rw-p 00000000 00:00 0 
7f65b4000000-7f65b4021000 rw-p 00000000 00:00 0 
7f65b4021000-7f65b8000000 ---p 00000000 00:00 0 
7f65b80b9000-7f65b80ba000 ---p 00000000 00:00 0 
7f65b80ba000-7f65b81bb000 rw-p 00000000 00:00 0 
7f65b81bb000-7f65b81bc000 ---p 00000000 00:00 0 
7f65b81bc000-7f65b82bd000 rw-p 00000000 00:00 0 
7f65b82bd000-7f65b82be000 ---p 00000000 00:00 0 
7f65b82be000-7f65b86a0000 rw-p 00000000 00:00 0 
7f65b86a0000-7f65ba260000 ---p 00000000 00:00 0 
7f65ba260000-7f65ba440000 rw-p 00000000 00:00 0 
7f65ba440000-7f65bc000000 ---p 00000000 00:00 0 
7f65bc000000-7f65bc021000 rw-p 00000000 00:00 0 
7f65bc021000-7f65c0000000 ---p 00000000 00:00 0 
7f65c0011000-7f65c022a000 rw-p 00000000 00:00 0 
7f65c022a000-7f65c05a2000 ---p 00000000 00:00 0 
7f65c05a2000-7f65c05de000 rw-p 00000000 00:00 0 
7f65c05de000-7f65c0956000 ---p 00000000 00:00 0 
7f65c0956000-7f65c0bc6000 rwxp 00000000 00:00 0 
7f65c0bc6000-7f65c0ee5000 ---p 00000000 00:00 0 
7f65c0ee5000-7f65c1155000 rwxp 00000000 00:00 0 
7f65c1155000-7f65c841d000 ---p 00000000 00:00 0 
7f65c841d000-7f65c868d000 rwxp 00000000 00:00 0 
7f65c868d000-7f65cf956000 ---p 00000000 00:00 0 
7f65cf956000-7f65d8000000 r--s 00000000 08:05 1196428                    /usr/lib/jvm/java-11-openjdk-amd64/lib/modules
7f65d8000000-7f65d820a000 rw-p 00000000 00:00 0 
7f65d820a000-7f65dc000000 ---p 00000000 00:00 0 
7f65dc04f000-7f65dc050000 ---p 00000000 00:00 0 
7f65dc050000-7f65dc151000 rw-p 00000000 00:00 0 
7f65dc151000-7f65dc152000 ---p 00000000 00:00 0 
7f65dc152000-7f65dc28f000 rw-p 00000000 00:00 0 
7f65dc28f000-7f65dc607000 ---p 00000000 00:00 0 
7f65dc607000-7f65dc809000 rw-p 00000000 00:00 0 
7f65dc809000-7f65dc80a000 ---p 00000000 00:00 0 
7f65dc80a000-7f65dc910000 rw-p 00000000 00:00 0 
7f65dc910000-7f65dc9f6000 ---p 00000000 00:00 0 
7f65dc9f6000-7f65dc9fb000 rw-p 00000000 00:00 0 
7f65dc9fb000-7f65dcae1000 ---p 00000000 00:00 0 
7f65dcae1000-7f65dcae6000 r-xp 00000000 08:05 1196410                    /usr/lib/jvm/java-11-openjdk-amd64/lib/libjimage.so
7f65dcae6000-7f65dcce5000 ---p 00005000 08:05 1196410                    /usr/lib/jvm/java-11-openjdk-amd64/lib/libjimage.so
7f65dcce5000-7f65dcce6000 r--p 00004000 08:05 1196410                    /usr/lib/jvm/java-11-openjdk-amd64/lib/libjimage.so
7f65dcce6000-7f65dcce7000 rw-p 00005000 08:05 1196410                    /usr/lib/jvm/java-11-openjdk-amd64/lib/libjimage.so
7f65dcce7000-7f65dccee000 r-xp 00000000 08:05 1196427                    /usr/lib/jvm/java-11-openjdk-amd64/lib/libzip.so
7f65dccee000-7f65dceed000 ---p 00007000 08:05 1196427                    /usr/lib/jvm/java-11-openjdk-amd64/lib/libzip.so
7f65dceed000-7f65dceee000 r--p 00006000 08:05 1196427                    /usr/lib/jvm/java-11-openjdk-amd64/lib/libzip.so
7f65dceee000-7f65dceef000 rw-p 00007000 08:05 1196427                    /usr/lib/jvm/java-11-openjdk-amd64/lib/libzip.so
7f65dceef000-7f65dcefa000 r-xp 00000000 08:05 262206                     /lib/x86_64-linux-gnu/libnss_files-2.27.so
7f65dcefa000-7f65dd0f9000 ---p 0000b000 08:05 262206                     /lib/x86_64-linux-gnu/libnss_files-2.27.so
7f65dd0f9000-7f65dd0fa000 r--p 0000a000 08:05 262206                     /lib/x86_64-linux-gnu/libnss_files-2.27.so
7f65dd0fa000-7f65dd0fb000 rw-p 0000b000 08:05 262206                     /lib/x86_64-linux-gnu/libnss_files-2.27.so
7f65dd0fb000-7f65dd101000 rw-p 00000000 00:00 0 
7f65dd101000-7f65dd118000 r-xp 00000000 08:05 262200                     /lib/x86_64-linux-gnu/libnsl-2.27.so
7f65dd118000-7f65dd317000 ---p 00017000 08:05 262200                     /lib/x86_64-linux-gnu/libnsl-2.27.so
7f65dd317000-7f65dd318000 r--p 00016000 08:05 262200                     /lib/x86_64-linux-gnu/libnsl-2.27.so
7f65dd318000-7f65dd319000 rw-p 00017000 08:05 262200                     /lib/x86_64-linux-gnu/libnsl-2.27.so
7f65dd319000-7f65dd31b000 rw-p 00000000 00:00 0 
7f65dd31b000-7f65dd326000 r-xp 00000000 08:05 262210                     /lib/x86_64-linux-gnu/libnss_nis-2.27.so
7f65dd326000-7f65dd525000 ---p 0000b000 08:05 262210                     /lib/x86_64-linux-gnu/libnss_nis-2.27.so
7f65dd525000-7f65dd526000 r--p 0000a000 08:05 262210                     /lib/x86_64-linux-gnu/libnss_nis-2.27.so
7f65dd526000-7f65dd527000 rw-p 0000b000 08:05 262210                     /lib/x86_64-linux-gnu/libnss_nis-2.27.so
7f65dd527000-7f65dd52f000 r-xp 00000000 08:05 262202                     /lib/x86_64-linux-gnu/libnss_compat-2.27.so
7f65dd52f000-7f65dd72f000 ---p 00008000 08:05 262202                     /lib/x86_64-linux-gnu/libnss_compat-2.27.so
7f65dd72f000-7f65dd730000 r--p 00008000 08:05 262202                     /lib/x86_64-linux-gnu/libnss_compat-2.27.so
7f65dd730000-7f65dd731000 rw-p 00009000 08:05 262202                     /lib/x86_64-linux-gnu/libnss_compat-2.27.so
7f65dd731000-7f65dd75a000 r-xp 00000000 08:05 1196406                    /usr/lib/jvm/java-11-openjdk-amd64/lib/libjava.so
7f65dd75a000-7f65dd959000 ---p 00029000 08:05 1196406                    /usr/lib/jvm/java-11-openjdk-amd64/lib/libjava.so
7f65dd959000-7f65dd95a000 r--p 00028000 08:05 1196406                    /usr/lib/jvm/java-11-openjdk-amd64/lib/libjava.so
7f65dd95a000-7f65dd95c000 rw-p 00029000 08:05 1196406                    /usr/lib/jvm/java-11-openjdk-amd64/lib/libjava.so
7f65dd95c000-7f65dd969000 r-xp 00000000 08:05 1196426                    /usr/lib/jvm/java-11-openjdk-amd64/lib/libverify.so
7f65dd969000-7f65ddb68000 ---p 0000d000 08:05 1196426                    /usr/lib/jvm/java-11-openjdk-amd64/lib/libverify.so
7f65ddb68000-7f65ddb6a000 r--p 0000c000 08:05 1196426                    /usr/lib/jvm/java-11-openjdk-amd64/lib/libverify.so
7f65ddb6a000-7f65ddb6b000 rw-p 0000e000 08:05 1196426                    /usr/lib/jvm/java-11-openjdk-amd64/lib/libverify.so
7f65ddb6b000-7f65ddb72000 r-xp 00000000 08:05 262231                     /lib/x86_64-linux-gnu/librt-2.27.so
7f65ddb72000-7f65ddd71000 ---p 00007000 08:05 262231                     /lib/x86_64-linux-gnu/librt-2.27.so
7f65ddd71000-7f65ddd72000 r--p 00006000 08:05 262231                     /lib/x86_64-linux-gnu/librt-2.27.so
7f65ddd72000-7f65ddd73000 rw-p 00007000 08:05 262231                     /lib/x86_64-linux-gnu/librt-2.27.so
7f65ddd73000-7f65ddd8a000 r-xp 00000000 08:05 262315                     /lib/x86_64-linux-gnu/libgcc_s.so.1
7f65ddd8a000-7f65ddf89000 ---p 00017000 08:05 262315                     /lib/x86_64-linux-gnu/libgcc_s.so.1
7f65ddf89000-7f65ddf8a000 r--p 00016000 08:05 262315                     /lib/x86_64-linux-gnu/libgcc_s.so.1
7f65ddf8a000-7f65ddf8b000 rw-p 00017000 08:05 262315                     /lib/x86_64-linux-gnu/libgcc_s.so.1
7f65ddf8b000-7f65de128000 r-xp 00000000 08:05 262192                     /lib/x86_64-linux-gnu/libm-2.27.so
7f65de128000-7f65de327000 ---p 0019d000 08:05 262192                     /lib/x86_64-linux-gnu/libm-2.27.so
7f65de327000-7f65de328000 r--p 0019c000 08:05 262192                     /lib/x86_64-linux-gnu/libm-2.27.so
7f65de328000-7f65de329000 rw-p 0019d000 08:05 262192                     /lib/x86_64-linux-gnu/libm-2.27.so
7f65de329000-7f65de4a2000 r-xp 00000000 08:05 791971                     /usr/lib/x86_64-linux-gnu/libstdc++.so.6.0.25
7f65de4a2000-7f65de6a2000 ---p 00179000 08:05 791971                     /usr/lib/x86_64-linux-gnu/libstdc++.so.6.0.25
7f65de6a2000-7f65de6ac000 r--p 00179000 08:05 791971                     /usr/lib/x86_64-linux-gnu/libstdc++.so.6.0.25
7f65de6ac000-7f65de6ae000 rw-p 00183000 08:05 791971                     /usr/lib/x86_64-linux-gnu/libstdc++.so.6.0.25
7f65de6ae000-7f65de6b2000 rw-p 00000000 00:00 0 
7f65de6b2000-7f65df77e000 r-xp 00000000 08:05 1333060                    /usr/lib/jvm/java-11-openjdk-amd64/lib/server/libjvm.so
7f65df77e000-7f65df97d000 ---p 010cc000 08:05 1333060                    /usr/lib/jvm/java-11-openjdk-amd64/lib/server/libjvm.so
7f65df97d000-7f65dfa3a000 r--p 010cb000 08:05 1333060                    /usr/lib/jvm/java-11-openjdk-amd64/lib/server/libjvm.so
7f65dfa3a000-7f65dfa73000 rw-p 01188000 08:05 1333060                    /usr/lib/jvm/java-11-openjdk-amd64/lib/server/libjvm.so
7f65dfa73000-7f65dfac9000 rw-p 00000000 00:00 0 
7f65dfac9000-7f65dfae3000 r-xp 00000000 08:05 262216                     /lib/x86_64-linux-gnu/libpthread-2.27.so
7f65dfae3000-7f65dfce2000 ---p 0001a000 08:05 262216                     /lib/x86_64-linux-gnu/libpthread-2.27.so
7f65dfce2000-7f65dfce3000 r--p 00019000 08:05 262216                     /lib/x86_64-linux-gnu/libpthread-2.27.so
7f65dfce3000-7f65dfce4000 rw-p 0001a000 08:05 262216                     /lib/x86_64-linux-gnu/libpthread-2.27.so
7f65dfce4000-7f65dfce8000 rw-p 00000000 00:00 0 
7f65dfce8000-7f65dfceb000 r-xp 00000000 08:05 262191                     /lib/x86_64-linux-gnu/libdl-2.27.so
7f65dfceb000-7f65dfeea000 ---p 00003000 08:05 262191                     /lib/x86_64-linux-gnu/libdl-2.27.so
7f65dfeea000-7f65dfeeb000 r--p 00002000 08:05 262191                     /lib/x86_64-linux-gnu/libdl-2.27.so
7f65dfeeb000-7f65dfeec000 rw-p 00003000 08:05 262191                     /lib/x86_64-linux-gnu/libdl-2.27.so
7f65dfeec000-7f65dff08000 r-xp 00000000 08:05 262201                     /lib/x86_64-linux-gnu/libz.so.1.2.11
7f65dff08000-7f65e0107000 ---p 0001c000 08:05 262201                     /lib/x86_64-linux-gnu/libz.so.1.2.11
7f65e0107000-7f65e0108000 r--p 0001b000 08:05 262201                     /lib/x86_64-linux-gnu/libz.so.1.2.11
7f65e0108000-7f65e0109000 rw-p 0001c000 08:05 262201                     /lib/x86_64-linux-gnu/libz.so.1.2.11
7f65e0109000-7f65e02f0000 r-xp 00000000 08:05 262183                     /lib/x86_64-linux-gnu/libc-2.27.so
7f65e02f0000-7f65e04f0000 ---p 001e7000 08:05 262183                     /lib/x86_64-linux-gnu/libc-2.27.so
7f65e04f0000-7f65e04f4000 r--p 001e7000 08:05 262183                     /lib/x86_64-linux-gnu/libc-2.27.so
7f65e04f4000-7f65e04f6000 rw-p 001eb000 08:05 262183                     /lib/x86_64-linux-gnu/libc-2.27.so
7f65e04f6000-7f65e04fa000 rw-p 00000000 00:00 0 
7f65e04fa000-7f65e050a000 r-xp 00000000 08:05 1196390                    /usr/lib/jvm/java-11-openjdk-amd64/lib/jli/libjli.so
7f65e050a000-7f65e0709000 ---p 00010000 08:05 1196390                    /usr/lib/jvm/java-11-openjdk-amd64/lib/jli/libjli.so
7f65e0709000-7f65e070a000 r--p 0000f000 08:05 1196390                    /usr/lib/jvm/java-11-openjdk-amd64/lib/jli/libjli.so
7f65e070a000-7f65e070b000 rw-p 00010000 08:05 1196390                    /usr/lib/jvm/java-11-openjdk-amd64/lib/jli/libjli.so
7f65e070b000-7f65e0732000 r-xp 00000000 08:05 262170                     /lib/x86_64-linux-gnu/ld-2.27.so
7f65e073b000-7f65e0815000 rw-p 00000000 00:00 0 
7f65e0815000-7f65e0819000 ---p 00000000 00:00 0 
7f65e0819000-7f65e091d000 rw-p 00000000 00:00 0 
7f65e091d000-7f65e0924000 ---p 00000000 00:00 0 
7f65e0924000-7f65e0926000 r--s 00007000 08:05 1196450                    /usr/share/java/java-atk-wrapper.jar
7f65e0926000-7f65e092e000 rw-s 00000000 08:05 1185708                    /tmp/hsperfdata_esaric/8614
7f65e092e000-7f65e092f000 ---p 00000000 00:00 0 
7f65e092f000-7f65e0930000 r--p 00000000 00:00 0 
7f65e0930000-7f65e0932000 rw-p 00000000 00:00 0 
7f65e0932000-7f65e0933000 r--p 00027000 08:05 262170                     /lib/x86_64-linux-gnu/ld-2.27.so
7f65e0933000-7f65e0934000 rw-p 00028000 08:05 262170                     /lib/x86_64-linux-gnu/ld-2.27.so
7f65e0934000-7f65e0935000 rw-p 00000000 00:00 0 
7ffce29c1000-7ffce29e2000 rw-p 00000000 00:00 0                          [stack]
7ffce29f8000-7ffce29fb000 r--p 00000000 00:00 0                          [vvar]
7ffce29fb000-7ffce29fd000 r-xp 00000000 00:00 0                          [vdso]
ffffffffff600000-ffffffffff601000 r-xp 00000000 00:00 0                  [vsyscall]


VM Arguments:
java_command: runme
java_class_path (initial): .
Launcher Type: SUN_STANDARD

[Global flags]
     intx CICompilerCount                          = 2                                         {product} {ergonomic}
     uint ConcGCThreads                            = 1                                         {product} {ergonomic}
     uint G1ConcRefinementThreads                  = 2                                         {product} {ergonomic}
   size_t G1HeapRegionSize                         = 1048576                                   {product} {ergonomic}
    uintx GCDrainStackTargetSize                   = 64                                        {product} {ergonomic}
   size_t InitialHeapSize                          = 125829120                                 {product} {ergonomic}
   size_t MarkStackSize                            = 4194304                                   {product} {ergonomic}
   size_t MaxHeapSize                              = 1988100096                                {product} {ergonomic}
   size_t MaxNewSize                               = 1192230912                                {product} {ergonomic}
   size_t MinHeapDeltaBytes                        = 1048576                                   {product} {ergonomic}
    uintx NonNMethodCodeHeapSize                   = 5824844                                {pd product} {ergonomic}
    uintx NonProfiledCodeHeapSize                  = 122916698                              {pd product} {ergonomic}
    uintx ProfiledCodeHeapSize                     = 122916698                              {pd product} {ergonomic}
    uintx ReservedCodeCacheSize                    = 251658240                              {pd product} {ergonomic}
     bool SegmentedCodeCache                       = true                                      {product} {ergonomic}
     bool UseCompressedClassPointers               = true                                 {lp64_product} {ergonomic}
     bool UseCompressedOops                        = true                                 {lp64_product} {ergonomic}
     bool UseG1GC                                  = true                                      {product} {ergonomic}

Logging:
Log output configuration:
 #0: stdout all=warning uptime,level,tags
 #1: stderr all=off uptime,level,tags

Environment Variables:
PATH=/home/esaric/bin:/home/esaric/.local/bin:/usr/local/sbin:/usr/local/bin:/usr/sbin:/usr/bin:/sbin:/bin:/usr/games:/usr/local/games:/snap/bin
USERNAME=esaric
LD_LIBRARY_PATH=:/home/esaric/Desktop/NICSLU-master/read_file_java
SHELL=/bin/bash
DISPLAY=:0

Signal Handlers:
SIGSEGV: [libjvm.so+0xde5f50], sa_mask[0]=11111111011111111101111111111110, sa_flags=SA_RESTART|SA_SIGINFO
SIGBUS: [libjvm.so+0xde5f50], sa_mask[0]=11111111011111111101111111111110, sa_flags=SA_RESTART|SA_SIGINFO
SIGFPE: [libjvm.so+0xde5f50], sa_mask[0]=11111111011111111101111111111110, sa_flags=SA_RESTART|SA_SIGINFO
SIGPIPE: [libjvm.so+0xbba5b0], sa_mask[0]=11111111011111111101111111111110, sa_flags=SA_RESTART|SA_SIGINFO
SIGXFSZ: [libjvm.so+0xbba5b0], sa_mask[0]=11111111011111111101111111111110, sa_flags=SA_RESTART|SA_SIGINFO
SIGILL: [libjvm.so+0xde5f50], sa_mask[0]=11111111011111111101111111111110, sa_flags=SA_RESTART|SA_SIGINFO
SIGUSR2: [libjvm.so+0xbba450], sa_mask[0]=00000000000000000000000000000000, sa_flags=SA_RESTART|SA_SIGINFO
SIGHUP: [libjvm.so+0xbba7b0], sa_mask[0]=11111111011111111101111111111110, sa_flags=SA_RESTART|SA_SIGINFO
SIGINT: [libjvm.so+0xbba7b0], sa_mask[0]=11111111011111111101111111111110, sa_flags=SA_RESTART|SA_SIGINFO
SIGTERM: [libjvm.so+0xbba7b0], sa_mask[0]=11111111011111111101111111111110, sa_flags=SA_RESTART|SA_SIGINFO
SIGQUIT: [libjvm.so+0xbba7b0], sa_mask[0]=11111111011111111101111111111110, sa_flags=SA_RESTART|SA_SIGINFO


---------------  S Y S T E M  ---------------

OS:DISTRIB_ID=Ubuntu
DISTRIB_RELEASE=18.04
DISTRIB_CODENAME=bionic
DISTRIB_DESCRIPTION="Ubuntu 18.04.3 LTS"
uname:Linux 4.15.0-66-generic #75-Ubuntu SMP Tue Oct 1 05:24:09 UTC 2019 x86_64
libc:glibc 2.27 NPTL 2.27 
rlimit: STACK 8192k, CORE 0k, NPROC 30144, NOFILE 4096, AS infinity, DATA infinity, FSIZE infinity
load average:0,80 1,17 1,19

/proc/meminfo:
MemTotal:        7761376 kB
MemFree:         3229776 kB
MemAvailable:    5088548 kB
Buffers:          199224 kB
Cached:          1849416 kB
SwapCached:            0 kB
Active:          2771072 kB
Inactive:        1321148 kB
Active(anon):    1983556 kB
Inactive(anon):    92148 kB
Active(file):     787516 kB
Inactive(file):  1229000 kB
Unevictable:          32 kB
Mlocked:              32 kB
SwapTotal:             0 kB
SwapFree:              0 kB
Dirty:               288 kB
Writeback:             0 kB
AnonPages:       2043656 kB
Mapped:           592488 kB
Shmem:             93780 kB
Slab:             175456 kB
SReclaimable:     123596 kB
SUnreclaim:        51860 kB
KernelStack:       14144 kB
PageTables:        59048 kB
NFS_Unstable:          0 kB
Bounce:                0 kB
WritebackTmp:          0 kB
CommitLimit:     3880688 kB
Committed_AS:    7784984 kB
VmallocTotal:   34359738367 kB
VmallocUsed:           0 kB
VmallocChunk:          0 kB
HardwareCorrupted:     0 kB
AnonHugePages:         0 kB
ShmemHugePages:        0 kB
ShmemPmdMapped:        0 kB
CmaTotal:              0 kB
CmaFree:               0 kB
HugePages_Total:       0
HugePages_Free:        0
HugePages_Rsvd:        0
HugePages_Surp:        0
Hugepagesize:       2048 kB
DirectMap4k:      405532 kB
DirectMap2M:     6520832 kB
DirectMap1G:     1048576 kB


/proc/sys/kernel/threads-max (system-wide limit on the number of threads):
60289


/proc/sys/vm/max_map_count (maximum number of memory map areas a process may have):
65530


/proc/sys/kernel/pid_max (system-wide limit on number of process identifiers):
32768



container (cgroup) information:
container_type: cgroupv1
cpu_cpuset_cpus: 0-1
cpu_memory_nodes: 0
active_processor_count: 2
cpu_quota: -1
cpu_period: 100000
cpu_shares: -1
memory_limit_in_bytes: -1
memory_and_swap_limit_in_bytes: -2
memory_soft_limit_in_bytes: -1
memory_usage_in_bytes: 4190683136
memory_max_usage_in_bytes: 0

Steal ticks since vm start: 0
Steal ticks percentage since vm start:  0,000

CPU:total 2 (initial active 2) (2 cores per cpu, 1 threads per core) family 20 model 2 stepping 0, cmov, cx8, fxsr, mmx, sse, sse2, sse3, ssse3, popcnt, mmxext, lzcnt, sse4a, tsc, tscinvbit, tscinv
CPU Model and flags from /proc/cpuinfo:
model name	: AMD E-450 APU with Radeon(tm) HD Graphics
flags		: fpu vme de pse tsc msr pae mce cx8 apic sep mtrr pge mca cmov pat pse36 clflush mmx fxsr sse sse2 ht syscall nx mmxext fxsr_opt pdpe1gb rdtscp lm constant_tsc rep_good nopl nonstop_tsc cpuid extd_apicid aperfmperf pni monitor ssse3 cx16 popcnt lahf_lm cmp_legacy svm extapic cr8_legacy abm sse4a misalignsse 3dnowprefetch ibs skinit wdt hw_pstate vmmcall arat npt lbrv svm_lock nrip_save pausefilter

Memory: 4k page, physical 7761376k(3229776k free), swap 0k(0k free)

vm_info: OpenJDK 64-Bit Server VM (11.0.4+11-post-Ubuntu-1ubuntu218.04.3) for linux-amd64 JRE (11.0.4+11-post-Ubuntu-1ubuntu218.04.3), built on Jul 18 2019 18:21:46 by "buildd" with gcc 7.4.0

END.
