#
# A fatal error has been detected by the Java Runtime Environment:
#
#  SIGSEGV (0xb) at pc=0x00007fce2022d646, pid=8913, tid=8914
#
# JRE version: OpenJDK Runtime Environment (11.0.4+11) (build 11.0.4+11-post-Ubuntu-1ubuntu218.04.3)
# Java VM: OpenJDK 64-Bit Server VM (11.0.4+11-post-Ubuntu-1ubuntu218.04.3, mixed mode, tiered, compressed oops, g1 gc, linux-amd64)
# Problematic frame:
# C  [libc.so.6+0xb1646]
#
# Core dump will be written. Default location: Core dumps may be processed with "/usr/share/apport/apport %p %s %c %d %P" (or dumping to /home/esaric/Desktop/NICSLU-master/read_file_java/core.8913)
#
# If you would like to submit a bug report, please visit:
#   https://bugs.launchpad.net/ubuntu/+source/openjdk-lts
# The crash happened outside the Java Virtual Machine in native code.
# See problematic frame for where to report the bug.
#

---------------  S U M M A R Y ------------

Command Line: runme

Host: AMD E-450 APU with Radeon(tm) HD Graphics, 2 cores, 7G, Ubuntu 18.04.3 LTS
Time: Wed Oct 23 22:02:55 2019 CEST elapsed time: 0 seconds (0d 0h 0m 0s)

---------------  T H R E A D  ---------------

Current thread (0x00007fce18012000):  JavaThread "main" [_thread_in_native, id=8914, stack(0x00007fce20888000,0x00007fce20989000)]

Stack: [0x00007fce20888000,0x00007fce20989000],  sp=0x00007fce20987748,  free space=1021k
Native frames: (J=compiled Java code, A=aot compiled Java code, j=interpreted, Vv=VM code, C=native code)
C  [libc.so.6+0xb1646]
C  [libdemop.so+0x99f]  solveMatrix+0x95
C  [libdemop.so+0xae1]  Java_demopJNI_solveMatrix+0x2f
j  demopJNI.solveMatrix(I)I+0
j  demop.solveMatrix(I)I+1
j  runme.main([Ljava/lang/String;)V+12
v  ~StubRoutines::call_stub
V  [libjvm.so+0x841c99]
V  [libjvm.so+0x8b9c7d]
V  [libjvm.so+0x8bbd6e]
C  [libjli.so+0x5856]
C  [libjli.so+0x92cd]

Java frames: (J=compiled Java code, j=interpreted, Vv=VM code)
j  demopJNI.solveMatrix(I)I+0
j  demop.solveMatrix(I)I+1
j  runme.main([Ljava/lang/String;)V+12
v  ~StubRoutines::call_stub

siginfo: si_signo: 11 (SIGSEGV), si_code: 1 (SEGV_MAPERR), si_addr: 0x0000000000000008

Register to memory mapping:

RAX=0x0 is NULL
RBX={method} {0x00007fcdf1c00b40} 'solveMatrix' '(I)I' in 'demopJNI'
RCX=0x0 is NULL
RDX=0x0 is NULL
RSP=0x00007fce20987748 is pointing into the stack for thread: 0x00007fce18012000
RBP=0x00007fce20987800 is pointing into the stack for thread: 0x00007fce18012000
RSI=0x00007fce181da150 points into unknown readable memory: 2f 75 73 72 2f 6c 69 62
RDI=0x0 is NULL
R8 =0x00007fce20568a60: <offset 0x00000000003eca60> in /lib/x86_64-linux-gnu/libc.so.6 at 0x00007fce2017c000
R9 =0x0 is NULL
R10=0x000000000000000b is an unknown value
R11=0x00007fce201fc9c0: _IO_puts+0x0000000000000000 in /lib/x86_64-linux-gnu/libc.so.6 at 0x00007fce2017c000
R12=0x0 is NULL
R13={method} {0x00007fcdf1c00b40} 'solveMatrix' '(I)I' in 'demopJNI'
R14=0x00007fce20987930 is pointing into the stack for thread: 0x00007fce18012000
R15=0x00007fce18012000 is a thread


Registers:
RAX=0x0000000000000000, RBX=0x00007fcdf1c00b40, RCX=0x0000000000000000, RDX=0x0000000000000000
RSP=0x00007fce20987748, RBP=0x00007fce20987800, RSI=0x00007fce181da150, RDI=0x0000000000000000
R8 =0x00007fce20568a60, R9 =0x0000000000000000, R10=0x000000000000000b, R11=0x00007fce201fc9c0
R12=0x0000000000000000, R13=0x00007fcdf1c00b40, R14=0x00007fce20987930, R15=0x00007fce18012000
RIP=0x00007fce2022d646, EFLAGS=0x0000000000010293, CSGSFS=0x002b000000000033, ERR=0x0000000000000004
  TRAPNO=0x000000000000000e

Top of Stack: (sp=0x00007fce20987748)
0x00007fce20987748:   00007fce201fc9d2 00007fce20987800
0x00007fce20987758:   00007fcdf1c00b40 00007fce20987800
0x00007fce20987768:   0000000000000000 00007fcdf1c00b40
0x00007fce20987778:   00007fcdf0267fd0 0000000000000000 

Instructions: (pc=0x00007fce2022d646)
0x00007fce2022d546:   66 2e 0f 1f 84 00 00 00 00 00 48 89 f8 66 0f ef
0x00007fce2022d556:   c0 48 83 e0 c0 f3 0f 6f 28 66 0f 6f f5 f3 0f 6f
0x00007fce2022d566:   60 10 66 0f 74 e9 66 0f 74 f0 f3 0f 6f 58 20 66
0x00007fce2022d576:   0f d7 f6 66 0f 6f f4 f3 0f 6f 50 30 66 0f 74 e1
0x00007fce2022d586:   66 0f 74 f0 66 0f d7 d6 66 0f 6f f3 66 0f 74 d9
0x00007fce2022d596:   66 0f 74 f0 66 0f 74 c2 48 c1 e2 10 66 44 0f d7
0x00007fce2022d5a6:   cb 66 44 0f d7 c6 66 0f d7 c8 49 c1 e1 20 49 c1
0x00007fce2022d5b6:   e0 20 66 0f 74 d1 4c 09 c2 48 c1 e1 30 66 44 0f
0x00007fce2022d5c6:   d7 c5 48 09 f2 66 0f d7 f4 48 09 ca 66 0f d7 ca
0x00007fce2022d5d6:   48 c1 e6 10 48 c1 e1 30 4c 09 ce 4c 09 c6 48 09
0x00007fce2022d5e6:   ce 89 f9 29 c1 48 d3 ea 48 d3 ee 48 85 d2 0f 84
0x00007fce2022d5f6:   26 fe ff ff 48 8d 42 ff 48 31 d0 48 21 c6 0f 84
0x00007fce2022d606:   36 ff ff ff 48 0f bd c6 48 01 f8 c3 66 2e 0f 1f
0x00007fce2022d616:   84 00 00 00 00 00 0f 1f 40 00 66 0f ef c0 66 0f
0x00007fce2022d626:   ef c9 66 0f ef d2 66 0f ef db 48 89 f8 48 89 f9
0x00007fce2022d636:   48 81 e1 ff 0f 00 00 48 81 f9 cf 0f 00 00 77 6a
0x00007fce2022d646:   f3 0f 6f 20 66 0f 74 e0 66 0f d7 d4 85 d2 74 04
0x00007fce2022d656:   0f bc c2 c3 48 83 e0 f0 66 0f 74 48 10 66 0f 74
0x00007fce2022d666:   50 20 66 0f 74 58 30 66 0f d7 d1 66 44 0f d7 c2
0x00007fce2022d676:   66 0f d7 cb 48 c1 e2 10 48 c1 e1 10 4c 09 c1 48
0x00007fce2022d686:   c1 e1 20 48 09 ca 48 89 f9 48 31 c1 48 83 e0 c0
0x00007fce2022d696:   48 d3 fa 48 85 d2 0f 84 7e 00 00 00 48 0f bc c2
0x00007fce2022d6a6:   c3 66 0f 1f 84 00 00 00 00 00 48 83 e0 c0 66 0f
0x00007fce2022d6b6:   74 00 66 0f 74 48 10 66 0f 74 50 20 66 0f 74 58
0x00007fce2022d6c6:   30 66 0f d7 f0 66 0f d7 d1 66 44 0f d7 c2 66 0f
0x00007fce2022d6d6:   d7 cb 48 c1 e2 10 48 c1 e1 10 48 09 f2 4c 09 c1
0x00007fce2022d6e6:   48 c1 e1 20 48 09 ca 48 89 f9 48 31 c1 48 83 e0
0x00007fce2022d6f6:   c0 48 d3 fa 48 85 d2 74 11 48 0f bc c2 c3 66 90
0x00007fce2022d706:   66 2e 0f 1f 84 00 00 00 00 00 66 0f ef c9 66 0f
0x00007fce2022d716:   ef d2 66 0f ef db 0f 1f 40 00 66 0f 6f 40 40 66
0x00007fce2022d726:   0f da 40 50 66 0f da 40 60 66 0f da 40 70 66 0f
0x00007fce2022d736:   74 c3 66 0f d7 d0 85 d2 75 30 48 83 e8 80 66 0f 


Stack slot to memory mapping:
stack at sp + 0 slots: 0x00007fce201fc9d2: _IO_puts+0x0000000000000012 in /lib/x86_64-linux-gnu/libc.so.6 at 0x00007fce2017c000
stack at sp + 1 slots: 0x00007fce20987800 is pointing into the stack for thread: 0x00007fce18012000
stack at sp + 2 slots: {method} {0x00007fcdf1c00b40} 'solveMatrix' '(I)I' in 'demopJNI'
stack at sp + 3 slots: 0x00007fce20987800 is pointing into the stack for thread: 0x00007fce18012000
stack at sp + 4 slots: 0x0 is NULL
stack at sp + 5 slots: {method} {0x00007fcdf1c00b40} 'solveMatrix' '(I)I' in 'demopJNI'
stack at sp + 6 slots: 0x00007fcdf0267fd0: NicsLU_ReadTripletColumnToSparse+0x0000000000000048 in libnicslu_readfile.so at 0x00007fcdf0267000
stack at sp + 7 slots: 0x0 is NULL


---------------  P R O C E S S  ---------------

Threads class SMR info:
_java_thread_list=0x00007fce181cd930, length=9, elements={
0x00007fce18012000, 0x00007fce1812e800, 0x00007fce18133000, 0x00007fce18146800,
0x00007fce18148800, 0x00007fce1814a800, 0x00007fce1814c800, 0x00007fce181bd000,
0x00007fce181cc000
}

Java Threads: ( => current thread )
=>0x00007fce18012000 JavaThread "main" [_thread_in_native, id=8914, stack(0x00007fce20888000,0x00007fce20989000)]
  0x00007fce1812e800 JavaThread "Reference Handler" daemon [_thread_blocked, id=8921, stack(0x00007fcdf16ff000,0x00007fcdf1800000)]
  0x00007fce18133000 JavaThread "Finalizer" daemon [_thread_blocked, id=8922, stack(0x00007fcdf15fe000,0x00007fcdf16ff000)]
  0x00007fce18146800 JavaThread "Signal Dispatcher" daemon [_thread_blocked, id=8923, stack(0x00007fcdf109c000,0x00007fcdf119d000)]
  0x00007fce18148800 JavaThread "C2 CompilerThread0" daemon [_thread_blocked, id=8924, stack(0x00007fcdf0f9b000,0x00007fcdf109c000)]
  0x00007fce1814a800 JavaThread "C1 CompilerThread0" daemon [_thread_blocked, id=8925, stack(0x00007fcdf0e9a000,0x00007fcdf0f9b000)]
  0x00007fce1814c800 JavaThread "Sweeper thread" daemon [_thread_blocked, id=8926, stack(0x00007fcdf0d99000,0x00007fcdf0e9a000)]
  0x00007fce181bd000 JavaThread "Service Thread" daemon [_thread_blocked, id=8927, stack(0x00007fcdf0c98000,0x00007fcdf0d99000)]
  0x00007fce181cc000 JavaThread "Common-Cleaner" daemon [_thread_blocked, id=8929, stack(0x00007fcdf0a95000,0x00007fcdf0b96000)]

Other Threads:
  0x00007fce18126800 VMThread "VM Thread" [stack: 0x00007fcdf80bb000,0x00007fcdf81bb000] [id=8920]
  0x00007fce181bf800 WatcherThread [stack: 0x00007fcdf0b98000,0x00007fcdf0c98000] [id=8928]
  0x00007fce18028000 GCTaskThread "GC Thread#0" [stack: 0x00007fce1c87e000,0x00007fce1c97e000] [id=8915]
  0x00007fce18057000 ConcurrentGCThread "G1 Main Marker" [stack: 0x00007fce1c1c6000,0x00007fce1c2c6000] [id=8916]
  0x00007fce18059000 ConcurrentGCThread "G1 Conc#0" [stack: 0x00007fce1c0c4000,0x00007fce1c1c4000] [id=8917]
  0x00007fce180c5800 ConcurrentGCThread "G1 Refine#0" [stack: 0x00007fcdf82bf000,0x00007fcdf83bf000] [id=8918]
  0x00007fce180c7800 ConcurrentGCThread "G1 Young RemSet Sampling" [stack: 0x00007fcdf81bd000,0x00007fcdf82bd000] [id=8919]

Threads with active compile tasks:

VM state:not at safepoint (normal execution)

VM Mutex/Monitor currently owned by a thread: None

Heap address: 0x0000000089800000, size: 1896 MB, Compressed Oops mode: 32-bit
Narrow klass base: 0x0000000000000000, Narrow klass shift: 3
Compressed class space size: 1073741824 Address: 0x0000000100000000

Heap:
 garbage-first heap   total 122880K, used 0K [0x0000000089800000, 0x0000000100000000)
  region size 1024K, 1 young (1024K), 0 survivors (0K)
 Metaspace       used 3772K, capacity 4486K, committed 4864K, reserved 1056768K
  class space    used 335K, capacity 386K, committed 512K, reserved 1048576K
Heap Regions: E=young(eden), S=young(survivor), O=old, HS=humongous(starts), HC=humongous(continues), CS=collection set, F=free, A=archive, TAMS=top-at-mark-start (previous, next)
|   0|0x0000000089800000, 0x0000000089800000, 0x0000000089900000|  0%| F|  |TAMS 0x0000000089800000, 0x0000000089800000| Untracked 
|   1|0x0000000089900000, 0x0000000089900000, 0x0000000089a00000|  0%| F|  |TAMS 0x0000000089900000, 0x0000000089900000| Untracked 
|   2|0x0000000089a00000, 0x0000000089a00000, 0x0000000089b00000|  0%| F|  |TAMS 0x0000000089a00000, 0x0000000089a00000| Untracked 
|   3|0x0000000089b00000, 0x0000000089b00000, 0x0000000089c00000|  0%| F|  |TAMS 0x0000000089b00000, 0x0000000089b00000| Untracked 
|   4|0x0000000089c00000, 0x0000000089c00000, 0x0000000089d00000|  0%| F|  |TAMS 0x0000000089c00000, 0x0000000089c00000| Untracked 
|   5|0x0000000089d00000, 0x0000000089d00000, 0x0000000089e00000|  0%| F|  |TAMS 0x0000000089d00000, 0x0000000089d00000| Untracked 
|   6|0x0000000089e00000, 0x0000000089e00000, 0x0000000089f00000|  0%| F|  |TAMS 0x0000000089e00000, 0x0000000089e00000| Untracked 
|   7|0x0000000089f00000, 0x0000000089f00000, 0x000000008a000000|  0%| F|  |TAMS 0x0000000089f00000, 0x0000000089f00000| Untracked 
|   8|0x000000008a000000, 0x000000008a000000, 0x000000008a100000|  0%| F|  |TAMS 0x000000008a000000, 0x000000008a000000| Untracked 
|   9|0x000000008a100000, 0x000000008a100000, 0x000000008a200000|  0%| F|  |TAMS 0x000000008a100000, 0x000000008a100000| Untracked 
|  10|0x000000008a200000, 0x000000008a200000, 0x000000008a300000|  0%| F|  |TAMS 0x000000008a200000, 0x000000008a200000| Untracked 
|  11|0x000000008a300000, 0x000000008a300000, 0x000000008a400000|  0%| F|  |TAMS 0x000000008a300000, 0x000000008a300000| Untracked 
|  12|0x000000008a400000, 0x000000008a400000, 0x000000008a500000|  0%| F|  |TAMS 0x000000008a400000, 0x000000008a400000| Untracked 
|  13|0x000000008a500000, 0x000000008a500000, 0x000000008a600000|  0%| F|  |TAMS 0x000000008a500000, 0x000000008a500000| Untracked 
|  14|0x000000008a600000, 0x000000008a600000, 0x000000008a700000|  0%| F|  |TAMS 0x000000008a600000, 0x000000008a600000| Untracked 
|  15|0x000000008a700000, 0x000000008a700000, 0x000000008a800000|  0%| F|  |TAMS 0x000000008a700000, 0x000000008a700000| Untracked 
|  16|0x000000008a800000, 0x000000008a800000, 0x000000008a900000|  0%| F|  |TAMS 0x000000008a800000, 0x000000008a800000| Untracked 
|  17|0x000000008a900000, 0x000000008a900000, 0x000000008aa00000|  0%| F|  |TAMS 0x000000008a900000, 0x000000008a900000| Untracked 
|  18|0x000000008aa00000, 0x000000008aa00000, 0x000000008ab00000|  0%| F|  |TAMS 0x000000008aa00000, 0x000000008aa00000| Untracked 
|  19|0x000000008ab00000, 0x000000008ab00000, 0x000000008ac00000|  0%| F|  |TAMS 0x000000008ab00000, 0x000000008ab00000| Untracked 
|  20|0x000000008ac00000, 0x000000008ac00000, 0x000000008ad00000|  0%| F|  |TAMS 0x000000008ac00000, 0x000000008ac00000| Untracked 
|  21|0x000000008ad00000, 0x000000008ad00000, 0x000000008ae00000|  0%| F|  |TAMS 0x000000008ad00000, 0x000000008ad00000| Untracked 
|  22|0x000000008ae00000, 0x000000008ae00000, 0x000000008af00000|  0%| F|  |TAMS 0x000000008ae00000, 0x000000008ae00000| Untracked 
|  23|0x000000008af00000, 0x000000008af00000, 0x000000008b000000|  0%| F|  |TAMS 0x000000008af00000, 0x000000008af00000| Untracked 
|  24|0x000000008b000000, 0x000000008b000000, 0x000000008b100000|  0%| F|  |TAMS 0x000000008b000000, 0x000000008b000000| Untracked 
|  25|0x000000008b100000, 0x000000008b100000, 0x000000008b200000|  0%| F|  |TAMS 0x000000008b100000, 0x000000008b100000| Untracked 
|  26|0x000000008b200000, 0x000000008b200000, 0x000000008b300000|  0%| F|  |TAMS 0x000000008b200000, 0x000000008b200000| Untracked 
|  27|0x000000008b300000, 0x000000008b300000, 0x000000008b400000|  0%| F|  |TAMS 0x000000008b300000, 0x000000008b300000| Untracked 
|  28|0x000000008b400000, 0x000000008b400000, 0x000000008b500000|  0%| F|  |TAMS 0x000000008b400000, 0x000000008b400000| Untracked 
|  29|0x000000008b500000, 0x000000008b500000, 0x000000008b600000|  0%| F|  |TAMS 0x000000008b500000, 0x000000008b500000| Untracked 
|  30|0x000000008b600000, 0x000000008b600000, 0x000000008b700000|  0%| F|  |TAMS 0x000000008b600000, 0x000000008b600000| Untracked 
|  31|0x000000008b700000, 0x000000008b700000, 0x000000008b800000|  0%| F|  |TAMS 0x000000008b700000, 0x000000008b700000| Untracked 
|  32|0x000000008b800000, 0x000000008b800000, 0x000000008b900000|  0%| F|  |TAMS 0x000000008b800000, 0x000000008b800000| Untracked 
|  33|0x000000008b900000, 0x000000008b900000, 0x000000008ba00000|  0%| F|  |TAMS 0x000000008b900000, 0x000000008b900000| Untracked 
|  34|0x000000008ba00000, 0x000000008ba00000, 0x000000008bb00000|  0%| F|  |TAMS 0x000000008ba00000, 0x000000008ba00000| Untracked 
|  35|0x000000008bb00000, 0x000000008bb00000, 0x000000008bc00000|  0%| F|  |TAMS 0x000000008bb00000, 0x000000008bb00000| Untracked 
|  36|0x000000008bc00000, 0x000000008bc00000, 0x000000008bd00000|  0%| F|  |TAMS 0x000000008bc00000, 0x000000008bc00000| Untracked 
|  37|0x000000008bd00000, 0x000000008bd00000, 0x000000008be00000|  0%| F|  |TAMS 0x000000008bd00000, 0x000000008bd00000| Untracked 
|  38|0x000000008be00000, 0x000000008be00000, 0x000000008bf00000|  0%| F|  |TAMS 0x000000008be00000, 0x000000008be00000| Untracked 
|  39|0x000000008bf00000, 0x000000008bf00000, 0x000000008c000000|  0%| F|  |TAMS 0x000000008bf00000, 0x000000008bf00000| Untracked 
|  40|0x000000008c000000, 0x000000008c000000, 0x000000008c100000|  0%| F|  |TAMS 0x000000008c000000, 0x000000008c000000| Untracked 
|  41|0x000000008c100000, 0x000000008c100000, 0x000000008c200000|  0%| F|  |TAMS 0x000000008c100000, 0x000000008c100000| Untracked 
|  42|0x000000008c200000, 0x000000008c200000, 0x000000008c300000|  0%| F|  |TAMS 0x000000008c200000, 0x000000008c200000| Untracked 
|  43|0x000000008c300000, 0x000000008c300000, 0x000000008c400000|  0%| F|  |TAMS 0x000000008c300000, 0x000000008c300000| Untracked 
|  44|0x000000008c400000, 0x000000008c400000, 0x000000008c500000|  0%| F|  |TAMS 0x000000008c400000, 0x000000008c400000| Untracked 
|  45|0x000000008c500000, 0x000000008c500000, 0x000000008c600000|  0%| F|  |TAMS 0x000000008c500000, 0x000000008c500000| Untracked 
|  46|0x000000008c600000, 0x000000008c600000, 0x000000008c700000|  0%| F|  |TAMS 0x000000008c600000, 0x000000008c600000| Untracked 
|  47|0x000000008c700000, 0x000000008c700000, 0x000000008c800000|  0%| F|  |TAMS 0x000000008c700000, 0x000000008c700000| Untracked 
|  48|0x000000008c800000, 0x000000008c800000, 0x000000008c900000|  0%| F|  |TAMS 0x000000008c800000, 0x000000008c800000| Untracked 
|  49|0x000000008c900000, 0x000000008c900000, 0x000000008ca00000|  0%| F|  |TAMS 0x000000008c900000, 0x000000008c900000| Untracked 
|  50|0x000000008ca00000, 0x000000008ca00000, 0x000000008cb00000|  0%| F|  |TAMS 0x000000008ca00000, 0x000000008ca00000| Untracked 
|  51|0x000000008cb00000, 0x000000008cb00000, 0x000000008cc00000|  0%| F|  |TAMS 0x000000008cb00000, 0x000000008cb00000| Untracked 
|  52|0x000000008cc00000, 0x000000008cc00000, 0x000000008cd00000|  0%| F|  |TAMS 0x000000008cc00000, 0x000000008cc00000| Untracked 
|  53|0x000000008cd00000, 0x000000008cd00000, 0x000000008ce00000|  0%| F|  |TAMS 0x000000008cd00000, 0x000000008cd00000| Untracked 
|  54|0x000000008ce00000, 0x000000008ce00000, 0x000000008cf00000|  0%| F|  |TAMS 0x000000008ce00000, 0x000000008ce00000| Untracked 
|  55|0x000000008cf00000, 0x000000008cf00000, 0x000000008d000000|  0%| F|  |TAMS 0x000000008cf00000, 0x000000008cf00000| Untracked 
|  56|0x000000008d000000, 0x000000008d000000, 0x000000008d100000|  0%| F|  |TAMS 0x000000008d000000, 0x000000008d000000| Untracked 
|  57|0x000000008d100000, 0x000000008d100000, 0x000000008d200000|  0%| F|  |TAMS 0x000000008d100000, 0x000000008d100000| Untracked 
|  58|0x000000008d200000, 0x000000008d200000, 0x000000008d300000|  0%| F|  |TAMS 0x000000008d200000, 0x000000008d200000| Untracked 
|  59|0x000000008d300000, 0x000000008d300000, 0x000000008d400000|  0%| F|  |TAMS 0x000000008d300000, 0x000000008d300000| Untracked 
|  60|0x000000008d400000, 0x000000008d400000, 0x000000008d500000|  0%| F|  |TAMS 0x000000008d400000, 0x000000008d400000| Untracked 
|  61|0x000000008d500000, 0x000000008d500000, 0x000000008d600000|  0%| F|  |TAMS 0x000000008d500000, 0x000000008d500000| Untracked 
|  62|0x000000008d600000, 0x000000008d600000, 0x000000008d700000|  0%| F|  |TAMS 0x000000008d600000, 0x000000008d600000| Untracked 
|  63|0x000000008d700000, 0x000000008d700000, 0x000000008d800000|  0%| F|  |TAMS 0x000000008d700000, 0x000000008d700000| Untracked 
|  64|0x000000008d800000, 0x000000008d800000, 0x000000008d900000|  0%| F|  |TAMS 0x000000008d800000, 0x000000008d800000| Untracked 
|  65|0x000000008d900000, 0x000000008d900000, 0x000000008da00000|  0%| F|  |TAMS 0x000000008d900000, 0x000000008d900000| Untracked 
|  66|0x000000008da00000, 0x000000008da00000, 0x000000008db00000|  0%| F|  |TAMS 0x000000008da00000, 0x000000008da00000| Untracked 
|  67|0x000000008db00000, 0x000000008db00000, 0x000000008dc00000|  0%| F|  |TAMS 0x000000008db00000, 0x000000008db00000| Untracked 
|  68|0x000000008dc00000, 0x000000008dc00000, 0x000000008dd00000|  0%| F|  |TAMS 0x000000008dc00000, 0x000000008dc00000| Untracked 
|  69|0x000000008dd00000, 0x000000008dd00000, 0x000000008de00000|  0%| F|  |TAMS 0x000000008dd00000, 0x000000008dd00000| Untracked 
|  70|0x000000008de00000, 0x000000008de00000, 0x000000008df00000|  0%| F|  |TAMS 0x000000008de00000, 0x000000008de00000| Untracked 
|  71|0x000000008df00000, 0x000000008df00000, 0x000000008e000000|  0%| F|  |TAMS 0x000000008df00000, 0x000000008df00000| Untracked 
|  72|0x000000008e000000, 0x000000008e000000, 0x000000008e100000|  0%| F|  |TAMS 0x000000008e000000, 0x000000008e000000| Untracked 
|  73|0x000000008e100000, 0x000000008e100000, 0x000000008e200000|  0%| F|  |TAMS 0x000000008e100000, 0x000000008e100000| Untracked 
|  74|0x000000008e200000, 0x000000008e200000, 0x000000008e300000|  0%| F|  |TAMS 0x000000008e200000, 0x000000008e200000| Untracked 
|  75|0x000000008e300000, 0x000000008e300000, 0x000000008e400000|  0%| F|  |TAMS 0x000000008e300000, 0x000000008e300000| Untracked 
|  76|0x000000008e400000, 0x000000008e400000, 0x000000008e500000|  0%| F|  |TAMS 0x000000008e400000, 0x000000008e400000| Untracked 
|  77|0x000000008e500000, 0x000000008e500000, 0x000000008e600000|  0%| F|  |TAMS 0x000000008e500000, 0x000000008e500000| Untracked 
|  78|0x000000008e600000, 0x000000008e600000, 0x000000008e700000|  0%| F|  |TAMS 0x000000008e600000, 0x000000008e600000| Untracked 
|  79|0x000000008e700000, 0x000000008e700000, 0x000000008e800000|  0%| F|  |TAMS 0x000000008e700000, 0x000000008e700000| Untracked 
|  80|0x000000008e800000, 0x000000008e800000, 0x000000008e900000|  0%| F|  |TAMS 0x000000008e800000, 0x000000008e800000| Untracked 
|  81|0x000000008e900000, 0x000000008e900000, 0x000000008ea00000|  0%| F|  |TAMS 0x000000008e900000, 0x000000008e900000| Untracked 
|  82|0x000000008ea00000, 0x000000008ea00000, 0x000000008eb00000|  0%| F|  |TAMS 0x000000008ea00000, 0x000000008ea00000| Untracked 
|  83|0x000000008eb00000, 0x000000008eb00000, 0x000000008ec00000|  0%| F|  |TAMS 0x000000008eb00000, 0x000000008eb00000| Untracked 
|  84|0x000000008ec00000, 0x000000008ec00000, 0x000000008ed00000|  0%| F|  |TAMS 0x000000008ec00000, 0x000000008ec00000| Untracked 
|  85|0x000000008ed00000, 0x000000008ed00000, 0x000000008ee00000|  0%| F|  |TAMS 0x000000008ed00000, 0x000000008ed00000| Untracked 
|  86|0x000000008ee00000, 0x000000008ee00000, 0x000000008ef00000|  0%| F|  |TAMS 0x000000008ee00000, 0x000000008ee00000| Untracked 
|  87|0x000000008ef00000, 0x000000008ef00000, 0x000000008f000000|  0%| F|  |TAMS 0x000000008ef00000, 0x000000008ef00000| Untracked 
|  88|0x000000008f000000, 0x000000008f000000, 0x000000008f100000|  0%| F|  |TAMS 0x000000008f000000, 0x000000008f000000| Untracked 
|  89|0x000000008f100000, 0x000000008f100000, 0x000000008f200000|  0%| F|  |TAMS 0x000000008f100000, 0x000000008f100000| Untracked 
|  90|0x000000008f200000, 0x000000008f200000, 0x000000008f300000|  0%| F|  |TAMS 0x000000008f200000, 0x000000008f200000| Untracked 
|  91|0x000000008f300000, 0x000000008f300000, 0x000000008f400000|  0%| F|  |TAMS 0x000000008f300000, 0x000000008f300000| Untracked 
|  92|0x000000008f400000, 0x000000008f400000, 0x000000008f500000|  0%| F|  |TAMS 0x000000008f400000, 0x000000008f400000| Untracked 
|  93|0x000000008f500000, 0x000000008f500000, 0x000000008f600000|  0%| F|  |TAMS 0x000000008f500000, 0x000000008f500000| Untracked 
|  94|0x000000008f600000, 0x000000008f600000, 0x000000008f700000|  0%| F|  |TAMS 0x000000008f600000, 0x000000008f600000| Untracked 
|  95|0x000000008f700000, 0x000000008f700000, 0x000000008f800000|  0%| F|  |TAMS 0x000000008f700000, 0x000000008f700000| Untracked 
|  96|0x000000008f800000, 0x000000008f800000, 0x000000008f900000|  0%| F|  |TAMS 0x000000008f800000, 0x000000008f800000| Untracked 
|  97|0x000000008f900000, 0x000000008f900000, 0x000000008fa00000|  0%| F|  |TAMS 0x000000008f900000, 0x000000008f900000| Untracked 
|  98|0x000000008fa00000, 0x000000008fa00000, 0x000000008fb00000|  0%| F|  |TAMS 0x000000008fa00000, 0x000000008fa00000| Untracked 
|  99|0x000000008fb00000, 0x000000008fb00000, 0x000000008fc00000|  0%| F|  |TAMS 0x000000008fb00000, 0x000000008fb00000| Untracked 
| 100|0x000000008fc00000, 0x000000008fc00000, 0x000000008fd00000|  0%| F|  |TAMS 0x000000008fc00000, 0x000000008fc00000| Untracked 
| 101|0x000000008fd00000, 0x000000008fd00000, 0x000000008fe00000|  0%| F|  |TAMS 0x000000008fd00000, 0x000000008fd00000| Untracked 
| 102|0x000000008fe00000, 0x000000008fe00000, 0x000000008ff00000|  0%| F|  |TAMS 0x000000008fe00000, 0x000000008fe00000| Untracked 
| 103|0x000000008ff00000, 0x000000008ff00000, 0x0000000090000000|  0%| F|  |TAMS 0x000000008ff00000, 0x000000008ff00000| Untracked 
| 104|0x0000000090000000, 0x0000000090000000, 0x0000000090100000|  0%| F|  |TAMS 0x0000000090000000, 0x0000000090000000| Untracked 
| 105|0x0000000090100000, 0x0000000090100000, 0x0000000090200000|  0%| F|  |TAMS 0x0000000090100000, 0x0000000090100000| Untracked 
| 106|0x0000000090200000, 0x0000000090200000, 0x0000000090300000|  0%| F|  |TAMS 0x0000000090200000, 0x0000000090200000| Untracked 
| 107|0x0000000090300000, 0x0000000090300000, 0x0000000090400000|  0%| F|  |TAMS 0x0000000090300000, 0x0000000090300000| Untracked 
| 108|0x0000000090400000, 0x0000000090400000, 0x0000000090500000|  0%| F|  |TAMS 0x0000000090400000, 0x0000000090400000| Untracked 
| 109|0x0000000090500000, 0x0000000090500000, 0x0000000090600000|  0%| F|  |TAMS 0x0000000090500000, 0x0000000090500000| Untracked 
| 110|0x0000000090600000, 0x0000000090600000, 0x0000000090700000|  0%| F|  |TAMS 0x0000000090600000, 0x0000000090600000| Untracked 
| 111|0x0000000090700000, 0x0000000090700000, 0x0000000090800000|  0%| F|  |TAMS 0x0000000090700000, 0x0000000090700000| Untracked 
| 112|0x0000000090800000, 0x0000000090800000, 0x0000000090900000|  0%| F|  |TAMS 0x0000000090800000, 0x0000000090800000| Untracked 
| 113|0x0000000090900000, 0x0000000090900000, 0x0000000090a00000|  0%| F|  |TAMS 0x0000000090900000, 0x0000000090900000| Untracked 
| 114|0x0000000090a00000, 0x0000000090a00000, 0x0000000090b00000|  0%| F|  |TAMS 0x0000000090a00000, 0x0000000090a00000| Untracked 
| 115|0x0000000090b00000, 0x0000000090b00000, 0x0000000090c00000|  0%| F|  |TAMS 0x0000000090b00000, 0x0000000090b00000| Untracked 
| 116|0x0000000090c00000, 0x0000000090c00000, 0x0000000090d00000|  0%| F|  |TAMS 0x0000000090c00000, 0x0000000090c00000| Untracked 
| 117|0x0000000090d00000, 0x0000000090d00000, 0x0000000090e00000|  0%| F|  |TAMS 0x0000000090d00000, 0x0000000090d00000| Untracked 
| 118|0x0000000090e00000, 0x0000000090e00000, 0x0000000090f00000|  0%| F|  |TAMS 0x0000000090e00000, 0x0000000090e00000| Untracked 
| 119|0x0000000090f00000, 0x0000000090fd8148, 0x0000000091000000| 84%| E|  |TAMS 0x0000000090f00000, 0x0000000090f00000| Complete 

Card table byte_map: [0x00007fce005a2000,0x00007fce00956000] _byte_map_base: 0x00007fce00156000

Marking Bits (Prev, Next): (CMBitMap*) 0x00007fce1804efd8, (CMBitMap*) 0x00007fce1804f010
 Prev Bits: [0x00007fcdfa260000, 0x00007fcdfc000000)
 Next Bits: [0x00007fcdf84c0000, 0x00007fcdfa260000)

Polling page: 0x00007fce209a1000

Metaspace:

Usage:
  Non-class:      4,00 MB capacity,     3,36 MB ( 84%) used,   663,10 KB ( 16%) free+waste,   128 bytes ( <1%) overhead. 
      Class:    386,00 KB capacity,   335,42 KB ( 87%) used,    50,45 KB ( 13%) free+waste,   128 bytes ( <1%) overhead. 
       Both:      4,38 MB capacity,     3,68 MB ( 84%) used,   713,55 KB ( 16%) free+waste,   256 bytes ( <1%) overhead. 

Virtual space:
  Non-class space:        8,00 MB reserved,       4,25 MB ( 53%) committed 
      Class space:        1,00 GB reserved,     512,00 KB ( <1%) committed 
             Both:        1,01 GB reserved,       4,75 MB ( <1%) committed 

Chunk freelists:
   Non-Class:  0 bytes
       Class:  0 bytes
        Both:  0 bytes

CodeHeap 'non-profiled nmethods': size=120036Kb used=20Kb max_used=20Kb free=120015Kb
 bounds [0x00007fce0841d000, 0x00007fce0868d000, 0x00007fce0f956000]
CodeHeap 'profiled nmethods': size=120032Kb used=117Kb max_used=117Kb free=119914Kb
 bounds [0x00007fce00ee5000, 0x00007fce01155000, 0x00007fce0841d000]
CodeHeap 'non-nmethods': size=5692Kb used=979Kb max_used=981Kb free=4712Kb
 bounds [0x00007fce00956000, 0x00007fce00bc6000, 0x00007fce00ee5000]
 total_blobs=381 nmethods=86 adapters=159
 compilation: enabled
              stopped_count=0, restarted_count=0
 full_count=0

Compilation events (10 events):
Event: 0,467 Thread 0x00007fce1814a800   82       3       java.lang.StringLatin1::indexOf (61 bytes)
Event: 0,468 Thread 0x00007fce1814a800 nmethod 82 0x00007fce00f00790 code [0x00007fce00f00960, 0x00007fce00f00d70]
Event: 0,492 Thread 0x00007fce1814a800   83       3       java.lang.String::hashCode (49 bytes)
Event: 0,493 Thread 0x00007fce1814a800 nmethod 83 0x00007fce00f00e90 code [0x00007fce00f01080, 0x00007fce00f013d8]
Event: 0,505 Thread 0x00007fce1814a800   84       3       java.lang.StringLatin1::canEncode (13 bytes)
Event: 0,505 Thread 0x00007fce1814a800 nmethod 84 0x00007fce00f01510 code [0x00007fce00f016c0, 0x00007fce00f01850]
Event: 0,515 Thread 0x00007fce1814a800   85       3       java.lang.AbstractStringBuilder::ensureCapacityInternal (39 bytes)
Event: 0,516 Thread 0x00007fce1814a800 nmethod 85 0x00007fce00f01910 code [0x00007fce00f01b00, 0x00007fce00f01fd8]
Event: 0,518 Thread 0x00007fce1814a800   86       3       java.lang.String::indexOf (29 bytes)
Event: 0,519 Thread 0x00007fce1814a800 nmethod 86 0x00007fce00f02190 code [0x00007fce00f02360, 0x00007fce00f02638]

GC Heap History (0 events):
No events

Deoptimization events (4 events):
Event: 0,462 Thread 0x00007fce18012000 Uncommon trap: trap_request=0xffffff4d fr.pc=0x00007fce08421318 relative=0x0000000000000178
Event: 0,462 Thread 0x00007fce18012000 Uncommon trap: reason=unstable_if action=reinterpret pc=0x00007fce08421318 method=java.lang.String.hashCode()I @ 14 c2
Event: 0,462 Thread 0x00007fce18012000 DEOPT PACKING pc=0x00007fce08421318 sp=0x00007fce209861a0
Event: 0,462 Thread 0x00007fce18012000 DEOPT UNPACKING pc=0x00007fce0097d89f sp=0x00007fce20986158 mode 2

Classes redefined (0 events):
No events

Internal exceptions (0 events):
No events

Events (10 events):
Event: 0,512 loading class java/lang/PublicMethods$Key
Event: 0,512 loading class java/lang/PublicMethods$Key done
Event: 0,512 loading class java/lang/Void
Event: 0,513 loading class java/lang/Void done
Event: 0,513 loading class java/lang/ClassLoaderHelper
Event: 0,513 loading class java/lang/ClassLoaderHelper done
Event: 0,518 loading class demop
Event: 0,518 loading class demop done
Event: 0,521 loading class demopJNI
Event: 0,521 loading class demopJNI done


Dynamic libraries:
89800000-91000000 rw-p 00000000 00:00 0 
91000000-100000000 ---p 00000000 00:00 0 
100000000-100080000 rw-p 00000000 00:00 0 
100080000-140000000 ---p 00000000 00:00 0 
55c92d34e000-55c92d34f000 r-xp 00000000 08:05 796054                     /usr/lib/jvm/java-11-openjdk-amd64/bin/java
55c92d54f000-55c92d550000 r--p 00001000 08:05 796054                     /usr/lib/jvm/java-11-openjdk-amd64/bin/java
55c92d550000-55c92d551000 rw-p 00002000 08:05 796054                     /usr/lib/jvm/java-11-openjdk-amd64/bin/java
55c92f2e0000-55c92f301000 rw-p 00000000 00:00 0                          [heap]
7fcdc0000000-7fcdc0021000 rw-p 00000000 00:00 0 
7fcdc0021000-7fcdc4000000 ---p 00000000 00:00 0 
7fcdc4000000-7fcdc4021000 rw-p 00000000 00:00 0 
7fcdc4021000-7fcdc8000000 ---p 00000000 00:00 0 
7fcdc8000000-7fcdc805f000 rw-p 00000000 00:00 0 
7fcdc805f000-7fcdcc000000 ---p 00000000 00:00 0 
7fcdcc000000-7fcdcc021000 rw-p 00000000 00:00 0 
7fcdcc021000-7fcdd0000000 ---p 00000000 00:00 0 
7fcdd0000000-7fcdd0021000 rw-p 00000000 00:00 0 
7fcdd0021000-7fcdd4000000 ---p 00000000 00:00 0 
7fcdd4000000-7fcdd409f000 rw-p 00000000 00:00 0 
7fcdd409f000-7fcdd8000000 ---p 00000000 00:00 0 
7fcdd8000000-7fcdd8021000 rw-p 00000000 00:00 0 
7fcdd8021000-7fcddc000000 ---p 00000000 00:00 0 
7fcddc000000-7fcddc021000 rw-p 00000000 00:00 0 
7fcddc021000-7fcde0000000 ---p 00000000 00:00 0 
7fcde0000000-7fcde0021000 rw-p 00000000 00:00 0 
7fcde0021000-7fcde4000000 ---p 00000000 00:00 0 
7fcde4000000-7fcde4021000 rw-p 00000000 00:00 0 
7fcde4021000-7fcde8000000 ---p 00000000 00:00 0 
7fcde8000000-7fcde8021000 rw-p 00000000 00:00 0 
7fcde8021000-7fcdec000000 ---p 00000000 00:00 0 
7fcdec000000-7fcdec021000 rw-p 00000000 00:00 0 
7fcdec021000-7fcdf0000000 ---p 00000000 00:00 0 
7fcdf0267000-7fcdf026a000 r-xp 00000000 08:05 1717412                    /home/esaric/Desktop/NICSLU-master/read_file_java/libnicslu_readfile.so
7fcdf026a000-7fcdf0469000 ---p 00003000 08:05 1717412                    /home/esaric/Desktop/NICSLU-master/read_file_java/libnicslu_readfile.so
7fcdf0469000-7fcdf046a000 r--p 00002000 08:05 1717412                    /home/esaric/Desktop/NICSLU-master/read_file_java/libnicslu_readfile.so
7fcdf046a000-7fcdf046b000 rw-p 00003000 08:05 1717412                    /home/esaric/Desktop/NICSLU-master/read_file_java/libnicslu_readfile.so
7fcdf046b000-7fcdf046c000 r-xp 00000000 08:05 1717418                    /home/esaric/Desktop/NICSLU-master/read_file_java/libdemop.so
7fcdf046c000-7fcdf066b000 ---p 00001000 08:05 1717418                    /home/esaric/Desktop/NICSLU-master/read_file_java/libdemop.so
7fcdf066b000-7fcdf066c000 r--p 00000000 08:05 1717418                    /home/esaric/Desktop/NICSLU-master/read_file_java/libdemop.so
7fcdf066c000-7fcdf066d000 rw-p 00001000 08:05 1717418                    /home/esaric/Desktop/NICSLU-master/read_file_java/libdemop.so
7fcdf066d000-7fcdf0683000 r-xp 00000000 08:05 1196418                    /usr/lib/jvm/java-11-openjdk-amd64/lib/libnet.so
7fcdf0683000-7fcdf0882000 ---p 00016000 08:05 1196418                    /usr/lib/jvm/java-11-openjdk-amd64/lib/libnet.so
7fcdf0882000-7fcdf0883000 r--p 00015000 08:05 1196418                    /usr/lib/jvm/java-11-openjdk-amd64/lib/libnet.so
7fcdf0883000-7fcdf0884000 rw-p 00016000 08:05 1196418                    /usr/lib/jvm/java-11-openjdk-amd64/lib/libnet.so
7fcdf0884000-7fcdf0894000 r-xp 00000000 08:05 1196419                    /usr/lib/jvm/java-11-openjdk-amd64/lib/libnio.so
7fcdf0894000-7fcdf0a93000 ---p 00010000 08:05 1196419                    /usr/lib/jvm/java-11-openjdk-amd64/lib/libnio.so
7fcdf0a93000-7fcdf0a94000 r--p 0000f000 08:05 1196419                    /usr/lib/jvm/java-11-openjdk-amd64/lib/libnio.so
7fcdf0a94000-7fcdf0a95000 rw-p 00010000 08:05 1196419                    /usr/lib/jvm/java-11-openjdk-amd64/lib/libnio.so
7fcdf0a95000-7fcdf0a99000 ---p 00000000 00:00 0 
7fcdf0a99000-7fcdf0b96000 rw-p 00000000 00:00 0 
7fcdf0b96000-7fcdf0b97000 ---p 00000000 00:00 0 
7fcdf0b97000-7fcdf0c98000 rw-p 00000000 00:00 0 
7fcdf0c98000-7fcdf0c9c000 ---p 00000000 00:00 0 
7fcdf0c9c000-7fcdf0d99000 rw-p 00000000 00:00 0 
7fcdf0d99000-7fcdf0d9d000 ---p 00000000 00:00 0 
7fcdf0d9d000-7fcdf0e9a000 rw-p 00000000 00:00 0 
7fcdf0e9a000-7fcdf0e9e000 ---p 00000000 00:00 0 
7fcdf0e9e000-7fcdf0f9b000 rw-p 00000000 00:00 0 
7fcdf0f9b000-7fcdf0f9f000 ---p 00000000 00:00 0 
7fcdf0f9f000-7fcdf109c000 rw-p 00000000 00:00 0 
7fcdf109c000-7fcdf10a0000 ---p 00000000 00:00 0 
7fcdf10a0000-7fcdf119d000 rw-p 00000000 00:00 0 
7fcdf119d000-7fcdf15fe000 r--p 00000000 08:05 786462                     /usr/lib/locale/locale-archive
7fcdf15fe000-7fcdf1602000 ---p 00000000 00:00 0 
7fcdf1602000-7fcdf16ff000 rw-p 00000000 00:00 0 
7fcdf16ff000-7fcdf1703000 ---p 00000000 00:00 0 
7fcdf1703000-7fcdf1c40000 rw-p 00000000 00:00 0 
7fcdf1c40000-7fcdf2000000 ---p 00000000 00:00 0 
7fcdf2000000-7fcdf4000000 rw-p 00000000 00:00 0 
7fcdf4000000-7fcdf4021000 rw-p 00000000 00:00 0 
7fcdf4021000-7fcdf8000000 ---p 00000000 00:00 0 
7fcdf80b9000-7fcdf80ba000 ---p 00000000 00:00 0 
7fcdf80ba000-7fcdf81bb000 rw-p 00000000 00:00 0 
7fcdf81bb000-7fcdf81bc000 ---p 00000000 00:00 0 
7fcdf81bc000-7fcdf82bd000 rw-p 00000000 00:00 0 
7fcdf82bd000-7fcdf82be000 ---p 00000000 00:00 0 
7fcdf82be000-7fcdf86a0000 rw-p 00000000 00:00 0 
7fcdf86a0000-7fcdfa260000 ---p 00000000 00:00 0 
7fcdfa260000-7fcdfa440000 rw-p 00000000 00:00 0 
7fcdfa440000-7fcdfc000000 ---p 00000000 00:00 0 
7fcdfc000000-7fcdfc021000 rw-p 00000000 00:00 0 
7fcdfc021000-7fce00000000 ---p 00000000 00:00 0 
7fce0006c000-7fce0022a000 rw-p 00000000 00:00 0 
7fce0022a000-7fce005a2000 ---p 00000000 00:00 0 
7fce005a2000-7fce005de000 rw-p 00000000 00:00 0 
7fce005de000-7fce00956000 ---p 00000000 00:00 0 
7fce00956000-7fce00bc6000 rwxp 00000000 00:00 0 
7fce00bc6000-7fce00ee5000 ---p 00000000 00:00 0 
7fce00ee5000-7fce01155000 rwxp 00000000 00:00 0 
7fce01155000-7fce0841d000 ---p 00000000 00:00 0 
7fce0841d000-7fce0868d000 rwxp 00000000 00:00 0 
7fce0868d000-7fce0f956000 ---p 00000000 00:00 0 
7fce0f956000-7fce18000000 r--s 00000000 08:05 1196428                    /usr/lib/jvm/java-11-openjdk-amd64/lib/modules
7fce18000000-7fce181f9000 rw-p 00000000 00:00 0 
7fce181f9000-7fce1c000000 ---p 00000000 00:00 0 
7fce1c067000-7fce1c0c2000 rw-p 00000000 00:00 0 
7fce1c0c2000-7fce1c0c3000 ---p 00000000 00:00 0 
7fce1c0c3000-7fce1c1c4000 rw-p 00000000 00:00 0 
7fce1c1c4000-7fce1c1c5000 ---p 00000000 00:00 0 
7fce1c1c5000-7fce1c302000 rw-p 00000000 00:00 0 
7fce1c302000-7fce1c67a000 ---p 00000000 00:00 0 
7fce1c67a000-7fce1c87c000 rw-p 00000000 00:00 0 
7fce1c87c000-7fce1c87d000 ---p 00000000 00:00 0 
7fce1c87d000-7fce1c983000 rw-p 00000000 00:00 0 
7fce1c983000-7fce1ca69000 ---p 00000000 00:00 0 
7fce1ca69000-7fce1ca6e000 rw-p 00000000 00:00 0 
7fce1ca6e000-7fce1cb54000 ---p 00000000 00:00 0 
7fce1cb54000-7fce1cb59000 r-xp 00000000 08:05 1196410                    /usr/lib/jvm/java-11-openjdk-amd64/lib/libjimage.so
7fce1cb59000-7fce1cd58000 ---p 00005000 08:05 1196410                    /usr/lib/jvm/java-11-openjdk-amd64/lib/libjimage.so
7fce1cd58000-7fce1cd59000 r--p 00004000 08:05 1196410                    /usr/lib/jvm/java-11-openjdk-amd64/lib/libjimage.so
7fce1cd59000-7fce1cd5a000 rw-p 00005000 08:05 1196410                    /usr/lib/jvm/java-11-openjdk-amd64/lib/libjimage.so
7fce1cd5a000-7fce1cd61000 r-xp 00000000 08:05 1196427                    /usr/lib/jvm/java-11-openjdk-amd64/lib/libzip.so
7fce1cd61000-7fce1cf60000 ---p 00007000 08:05 1196427                    /usr/lib/jvm/java-11-openjdk-amd64/lib/libzip.so
7fce1cf60000-7fce1cf61000 r--p 00006000 08:05 1196427                    /usr/lib/jvm/java-11-openjdk-amd64/lib/libzip.so
7fce1cf61000-7fce1cf62000 rw-p 00007000 08:05 1196427                    /usr/lib/jvm/java-11-openjdk-amd64/lib/libzip.so
7fce1cf62000-7fce1cf6d000 r-xp 00000000 08:05 262206                     /lib/x86_64-linux-gnu/libnss_files-2.27.so
7fce1cf6d000-7fce1d16c000 ---p 0000b000 08:05 262206                     /lib/x86_64-linux-gnu/libnss_files-2.27.so
7fce1d16c000-7fce1d16d000 r--p 0000a000 08:05 262206                     /lib/x86_64-linux-gnu/libnss_files-2.27.so
7fce1d16d000-7fce1d16e000 rw-p 0000b000 08:05 262206                     /lib/x86_64-linux-gnu/libnss_files-2.27.so
7fce1d16e000-7fce1d174000 rw-p 00000000 00:00 0 
7fce1d174000-7fce1d18b000 r-xp 00000000 08:05 262200                     /lib/x86_64-linux-gnu/libnsl-2.27.so
7fce1d18b000-7fce1d38a000 ---p 00017000 08:05 262200                     /lib/x86_64-linux-gnu/libnsl-2.27.so
7fce1d38a000-7fce1d38b000 r--p 00016000 08:05 262200                     /lib/x86_64-linux-gnu/libnsl-2.27.so
7fce1d38b000-7fce1d38c000 rw-p 00017000 08:05 262200                     /lib/x86_64-linux-gnu/libnsl-2.27.so
7fce1d38c000-7fce1d38e000 rw-p 00000000 00:00 0 
7fce1d38e000-7fce1d399000 r-xp 00000000 08:05 262210                     /lib/x86_64-linux-gnu/libnss_nis-2.27.so
7fce1d399000-7fce1d598000 ---p 0000b000 08:05 262210                     /lib/x86_64-linux-gnu/libnss_nis-2.27.so
7fce1d598000-7fce1d599000 r--p 0000a000 08:05 262210                     /lib/x86_64-linux-gnu/libnss_nis-2.27.so
7fce1d599000-7fce1d59a000 rw-p 0000b000 08:05 262210                     /lib/x86_64-linux-gnu/libnss_nis-2.27.so
7fce1d59a000-7fce1d5a2000 r-xp 00000000 08:05 262202                     /lib/x86_64-linux-gnu/libnss_compat-2.27.so
7fce1d5a2000-7fce1d7a2000 ---p 00008000 08:05 262202                     /lib/x86_64-linux-gnu/libnss_compat-2.27.so
7fce1d7a2000-7fce1d7a3000 r--p 00008000 08:05 262202                     /lib/x86_64-linux-gnu/libnss_compat-2.27.so
7fce1d7a3000-7fce1d7a4000 rw-p 00009000 08:05 262202                     /lib/x86_64-linux-gnu/libnss_compat-2.27.so
7fce1d7a4000-7fce1d7cd000 r-xp 00000000 08:05 1196406                    /usr/lib/jvm/java-11-openjdk-amd64/lib/libjava.so
7fce1d7cd000-7fce1d9cc000 ---p 00029000 08:05 1196406                    /usr/lib/jvm/java-11-openjdk-amd64/lib/libjava.so
7fce1d9cc000-7fce1d9cd000 r--p 00028000 08:05 1196406                    /usr/lib/jvm/java-11-openjdk-amd64/lib/libjava.so
7fce1d9cd000-7fce1d9cf000 rw-p 00029000 08:05 1196406                    /usr/lib/jvm/java-11-openjdk-amd64/lib/libjava.so
7fce1d9cf000-7fce1d9dc000 r-xp 00000000 08:05 1196426                    /usr/lib/jvm/java-11-openjdk-amd64/lib/libverify.so
7fce1d9dc000-7fce1dbdb000 ---p 0000d000 08:05 1196426                    /usr/lib/jvm/java-11-openjdk-amd64/lib/libverify.so
7fce1dbdb000-7fce1dbdd000 r--p 0000c000 08:05 1196426                    /usr/lib/jvm/java-11-openjdk-amd64/lib/libverify.so
7fce1dbdd000-7fce1dbde000 rw-p 0000e000 08:05 1196426                    /usr/lib/jvm/java-11-openjdk-amd64/lib/libverify.so
7fce1dbde000-7fce1dbe5000 r-xp 00000000 08:05 262231                     /lib/x86_64-linux-gnu/librt-2.27.so
7fce1dbe5000-7fce1dde4000 ---p 00007000 08:05 262231                     /lib/x86_64-linux-gnu/librt-2.27.so
7fce1dde4000-7fce1dde5000 r--p 00006000 08:05 262231                     /lib/x86_64-linux-gnu/librt-2.27.so
7fce1dde5000-7fce1dde6000 rw-p 00007000 08:05 262231                     /lib/x86_64-linux-gnu/librt-2.27.so
7fce1dde6000-7fce1ddfd000 r-xp 00000000 08:05 262315                     /lib/x86_64-linux-gnu/libgcc_s.so.1
7fce1ddfd000-7fce1dffc000 ---p 00017000 08:05 262315                     /lib/x86_64-linux-gnu/libgcc_s.so.1
7fce1dffc000-7fce1dffd000 r--p 00016000 08:05 262315                     /lib/x86_64-linux-gnu/libgcc_s.so.1
7fce1dffd000-7fce1dffe000 rw-p 00017000 08:05 262315                     /lib/x86_64-linux-gnu/libgcc_s.so.1
7fce1dffe000-7fce1e19b000 r-xp 00000000 08:05 262192                     /lib/x86_64-linux-gnu/libm-2.27.so
7fce1e19b000-7fce1e39a000 ---p 0019d000 08:05 262192                     /lib/x86_64-linux-gnu/libm-2.27.so
7fce1e39a000-7fce1e39b000 r--p 0019c000 08:05 262192                     /lib/x86_64-linux-gnu/libm-2.27.so
7fce1e39b000-7fce1e39c000 rw-p 0019d000 08:05 262192                     /lib/x86_64-linux-gnu/libm-2.27.so
7fce1e39c000-7fce1e515000 r-xp 00000000 08:05 791971                     /usr/lib/x86_64-linux-gnu/libstdc++.so.6.0.25
7fce1e515000-7fce1e715000 ---p 00179000 08:05 791971                     /usr/lib/x86_64-linux-gnu/libstdc++.so.6.0.25
7fce1e715000-7fce1e71f000 r--p 00179000 08:05 791971                     /usr/lib/x86_64-linux-gnu/libstdc++.so.6.0.25
7fce1e71f000-7fce1e721000 rw-p 00183000 08:05 791971                     /usr/lib/x86_64-linux-gnu/libstdc++.so.6.0.25
7fce1e721000-7fce1e725000 rw-p 00000000 00:00 0 
7fce1e725000-7fce1f7f1000 r-xp 00000000 08:05 1333060                    /usr/lib/jvm/java-11-openjdk-amd64/lib/server/libjvm.so
7fce1f7f1000-7fce1f9f0000 ---p 010cc000 08:05 1333060                    /usr/lib/jvm/java-11-openjdk-amd64/lib/server/libjvm.so
7fce1f9f0000-7fce1faad000 r--p 010cb000 08:05 1333060                    /usr/lib/jvm/java-11-openjdk-amd64/lib/server/libjvm.so
7fce1faad000-7fce1fae6000 rw-p 01188000 08:05 1333060                    /usr/lib/jvm/java-11-openjdk-amd64/lib/server/libjvm.so
7fce1fae6000-7fce1fb3c000 rw-p 00000000 00:00 0 
7fce1fb3c000-7fce1fb56000 r-xp 00000000 08:05 262216                     /lib/x86_64-linux-gnu/libpthread-2.27.so
7fce1fb56000-7fce1fd55000 ---p 0001a000 08:05 262216                     /lib/x86_64-linux-gnu/libpthread-2.27.so
7fce1fd55000-7fce1fd56000 r--p 00019000 08:05 262216                     /lib/x86_64-linux-gnu/libpthread-2.27.so
7fce1fd56000-7fce1fd57000 rw-p 0001a000 08:05 262216                     /lib/x86_64-linux-gnu/libpthread-2.27.so
7fce1fd57000-7fce1fd5b000 rw-p 00000000 00:00 0 
7fce1fd5b000-7fce1fd5e000 r-xp 00000000 08:05 262191                     /lib/x86_64-linux-gnu/libdl-2.27.so
7fce1fd5e000-7fce1ff5d000 ---p 00003000 08:05 262191                     /lib/x86_64-linux-gnu/libdl-2.27.so
7fce1ff5d000-7fce1ff5e000 r--p 00002000 08:05 262191                     /lib/x86_64-linux-gnu/libdl-2.27.so
7fce1ff5e000-7fce1ff5f000 rw-p 00003000 08:05 262191                     /lib/x86_64-linux-gnu/libdl-2.27.so
7fce1ff5f000-7fce1ff7b000 r-xp 00000000 08:05 262201                     /lib/x86_64-linux-gnu/libz.so.1.2.11
7fce1ff7b000-7fce2017a000 ---p 0001c000 08:05 262201                     /lib/x86_64-linux-gnu/libz.so.1.2.11
7fce2017a000-7fce2017b000 r--p 0001b000 08:05 262201                     /lib/x86_64-linux-gnu/libz.so.1.2.11
7fce2017b000-7fce2017c000 rw-p 0001c000 08:05 262201                     /lib/x86_64-linux-gnu/libz.so.1.2.11
7fce2017c000-7fce20363000 r-xp 00000000 08:05 262183                     /lib/x86_64-linux-gnu/libc-2.27.so
7fce20363000-7fce20563000 ---p 001e7000 08:05 262183                     /lib/x86_64-linux-gnu/libc-2.27.so
7fce20563000-7fce20567000 r--p 001e7000 08:05 262183                     /lib/x86_64-linux-gnu/libc-2.27.so
7fce20567000-7fce20569000 rw-p 001eb000 08:05 262183                     /lib/x86_64-linux-gnu/libc-2.27.so
7fce20569000-7fce2056d000 rw-p 00000000 00:00 0 
7fce2056d000-7fce2057d000 r-xp 00000000 08:05 1196390                    /usr/lib/jvm/java-11-openjdk-amd64/lib/jli/libjli.so
7fce2057d000-7fce2077c000 ---p 00010000 08:05 1196390                    /usr/lib/jvm/java-11-openjdk-amd64/lib/jli/libjli.so
7fce2077c000-7fce2077d000 r--p 0000f000 08:05 1196390                    /usr/lib/jvm/java-11-openjdk-amd64/lib/jli/libjli.so
7fce2077d000-7fce2077e000 rw-p 00010000 08:05 1196390                    /usr/lib/jvm/java-11-openjdk-amd64/lib/jli/libjli.so
7fce2077e000-7fce207a5000 r-xp 00000000 08:05 262170                     /lib/x86_64-linux-gnu/ld-2.27.so
7fce207ae000-7fce20888000 rw-p 00000000 00:00 0 
7fce20888000-7fce2088c000 ---p 00000000 00:00 0 
7fce2088c000-7fce20990000 rw-p 00000000 00:00 0 
7fce20990000-7fce20997000 ---p 00000000 00:00 0 
7fce20997000-7fce20999000 r--s 00007000 08:05 1196450                    /usr/share/java/java-atk-wrapper.jar
7fce20999000-7fce209a1000 rw-s 00000000 08:05 1185911                    /tmp/hsperfdata_esaric/8913
7fce209a1000-7fce209a2000 ---p 00000000 00:00 0 
7fce209a2000-7fce209a3000 r--p 00000000 00:00 0 
7fce209a3000-7fce209a5000 rw-p 00000000 00:00 0 
7fce209a5000-7fce209a6000 r--p 00027000 08:05 262170                     /lib/x86_64-linux-gnu/ld-2.27.so
7fce209a6000-7fce209a7000 rw-p 00028000 08:05 262170                     /lib/x86_64-linux-gnu/ld-2.27.so
7fce209a7000-7fce209a8000 rw-p 00000000 00:00 0 
7ffcf4136000-7ffcf4157000 rw-p 00000000 00:00 0                          [stack]
7ffcf419c000-7ffcf419f000 r--p 00000000 00:00 0                          [vvar]
7ffcf419f000-7ffcf41a1000 r-xp 00000000 00:00 0                          [vdso]
ffffffffff600000-ffffffffff601000 r-xp 00000000 00:00 0                  [vsyscall]


VM Arguments:
java_command: runme
java_class_path (initial): .
Launcher Type: SUN_STANDARD

[Global flags]
     intx CICompilerCount                          = 2                                         {product} {ergonomic}
     uint ConcGCThreads                            = 1                                         {product} {ergonomic}
     uint G1ConcRefinementThreads                  = 2                                         {product} {ergonomic}
   size_t G1HeapRegionSize                         = 1048576                                   {product} {ergonomic}
    uintx GCDrainStackTargetSize                   = 64                                        {product} {ergonomic}
   size_t InitialHeapSize                          = 125829120                                 {product} {ergonomic}
   size_t MarkStackSize                            = 4194304                                   {product} {ergonomic}
   size_t MaxHeapSize                              = 1988100096                                {product} {ergonomic}
   size_t MaxNewSize                               = 1192230912                                {product} {ergonomic}
   size_t MinHeapDeltaBytes                        = 1048576                                   {product} {ergonomic}
    uintx NonNMethodCodeHeapSize                   = 5824844                                {pd product} {ergonomic}
    uintx NonProfiledCodeHeapSize                  = 122916698                              {pd product} {ergonomic}
    uintx ProfiledCodeHeapSize                     = 122916698                              {pd product} {ergonomic}
    uintx ReservedCodeCacheSize                    = 251658240                              {pd product} {ergonomic}
     bool SegmentedCodeCache                       = true                                      {product} {ergonomic}
     bool UseCompressedClassPointers               = true                                 {lp64_product} {ergonomic}
     bool UseCompressedOops                        = true                                 {lp64_product} {ergonomic}
     bool UseG1GC                                  = true                                      {product} {ergonomic}

Logging:
Log output configuration:
 #0: stdout all=warning uptime,level,tags
 #1: stderr all=off uptime,level,tags

Environment Variables:
PATH=/home/esaric/bin:/home/esaric/.local/bin:/usr/local/sbin:/usr/local/bin:/usr/sbin:/usr/bin:/sbin:/bin:/usr/games:/usr/local/games:/snap/bin
USERNAME=esaric
LD_LIBRARY_PATH=:/home/esaric/Desktop/NICSLU-master/read_file_java
SHELL=/bin/bash
DISPLAY=:0

Signal Handlers:
SIGSEGV: [libjvm.so+0xde5f50], sa_mask[0]=11111111011111111101111111111110, sa_flags=SA_RESTART|SA_SIGINFO
SIGBUS: [libjvm.so+0xde5f50], sa_mask[0]=11111111011111111101111111111110, sa_flags=SA_RESTART|SA_SIGINFO
SIGFPE: [libjvm.so+0xde5f50], sa_mask[0]=11111111011111111101111111111110, sa_flags=SA_RESTART|SA_SIGINFO
SIGPIPE: [libjvm.so+0xbba5b0], sa_mask[0]=11111111011111111101111111111110, sa_flags=SA_RESTART|SA_SIGINFO
SIGXFSZ: [libjvm.so+0xbba5b0], sa_mask[0]=11111111011111111101111111111110, sa_flags=SA_RESTART|SA_SIGINFO
SIGILL: [libjvm.so+0xde5f50], sa_mask[0]=11111111011111111101111111111110, sa_flags=SA_RESTART|SA_SIGINFO
SIGUSR2: [libjvm.so+0xbba450], sa_mask[0]=00000000000000000000000000000000, sa_flags=SA_RESTART|SA_SIGINFO
SIGHUP: [libjvm.so+0xbba7b0], sa_mask[0]=11111111011111111101111111111110, sa_flags=SA_RESTART|SA_SIGINFO
SIGINT: [libjvm.so+0xbba7b0], sa_mask[0]=11111111011111111101111111111110, sa_flags=SA_RESTART|SA_SIGINFO
SIGTERM: [libjvm.so+0xbba7b0], sa_mask[0]=11111111011111111101111111111110, sa_flags=SA_RESTART|SA_SIGINFO
SIGQUIT: [libjvm.so+0xbba7b0], sa_mask[0]=11111111011111111101111111111110, sa_flags=SA_RESTART|SA_SIGINFO


---------------  S Y S T E M  ---------------

OS:DISTRIB_ID=Ubuntu
DISTRIB_RELEASE=18.04
DISTRIB_CODENAME=bionic
DISTRIB_DESCRIPTION="Ubuntu 18.04.3 LTS"
uname:Linux 4.15.0-66-generic #75-Ubuntu SMP Tue Oct 1 05:24:09 UTC 2019 x86_64
libc:glibc 2.27 NPTL 2.27 
rlimit: STACK 8192k, CORE 0k, NPROC 30144, NOFILE 4096, AS infinity, DATA infinity, FSIZE infinity
load average:1,62 2,98 2,13

/proc/meminfo:
MemTotal:        7761376 kB
MemFree:         3033604 kB
MemAvailable:    4981160 kB
Buffers:          200212 kB
Cached:          1932680 kB
SwapCached:            0 kB
Active:          2884164 kB
Inactive:        1403752 kB
Active(anon):    2091964 kB
Inactive(anon):    92044 kB
Active(file):     792200 kB
Inactive(file):  1311708 kB
Unevictable:          32 kB
Mlocked:              32 kB
SwapTotal:             0 kB
SwapFree:              0 kB
Dirty:               480 kB
Writeback:             0 kB
AnonPages:       2132684 kB
Mapped:           592008 kB
Shmem:             93680 kB
Slab:             178744 kB
SReclaimable:     126380 kB
SUnreclaim:        52364 kB
KernelStack:       14160 kB
PageTables:        59628 kB
NFS_Unstable:          0 kB
Bounce:                0 kB
WritebackTmp:          0 kB
CommitLimit:     3880688 kB
Committed_AS:    7920376 kB
VmallocTotal:   34359738367 kB
VmallocUsed:           0 kB
VmallocChunk:          0 kB
HardwareCorrupted:     0 kB
AnonHugePages:         0 kB
ShmemHugePages:        0 kB
ShmemPmdMapped:        0 kB
CmaTotal:              0 kB
CmaFree:               0 kB
HugePages_Total:       0
HugePages_Free:        0
HugePages_Rsvd:        0
HugePages_Surp:        0
Hugepagesize:       2048 kB
DirectMap4k:      407580 kB
DirectMap2M:     6518784 kB
DirectMap1G:     1048576 kB


/proc/sys/kernel/threads-max (system-wide limit on the number of threads):
60289


/proc/sys/vm/max_map_count (maximum number of memory map areas a process may have):
65530


/proc/sys/kernel/pid_max (system-wide limit on number of process identifiers):
32768



container (cgroup) information:
container_type: cgroupv1
cpu_cpuset_cpus: 0-1
cpu_memory_nodes: 0
active_processor_count: 2
cpu_quota: -1
cpu_period: 100000
cpu_shares: -1
memory_limit_in_bytes: -1
memory_and_swap_limit_in_bytes: -2
memory_soft_limit_in_bytes: -1
memory_usage_in_bytes: 4370161664
memory_max_usage_in_bytes: 0

Steal ticks since vm start: 0
Steal ticks percentage since vm start:  0,000

CPU:total 2 (initial active 2) (2 cores per cpu, 1 threads per core) family 20 model 2 stepping 0, cmov, cx8, fxsr, mmx, sse, sse2, sse3, ssse3, popcnt, mmxext, lzcnt, sse4a, tsc, tscinvbit, tscinv
CPU Model and flags from /proc/cpuinfo:
model name	: AMD E-450 APU with Radeon(tm) HD Graphics
flags		: fpu vme de pse tsc msr pae mce cx8 apic sep mtrr pge mca cmov pat pse36 clflush mmx fxsr sse sse2 ht syscall nx mmxext fxsr_opt pdpe1gb rdtscp lm constant_tsc rep_good nopl nonstop_tsc cpuid extd_apicid aperfmperf pni monitor ssse3 cx16 popcnt lahf_lm cmp_legacy svm extapic cr8_legacy abm sse4a misalignsse 3dnowprefetch ibs skinit wdt hw_pstate vmmcall arat npt lbrv svm_lock nrip_save pausefilter

Memory: 4k page, physical 7761376k(3056108k free), swap 0k(0k free)

vm_info: OpenJDK 64-Bit Server VM (11.0.4+11-post-Ubuntu-1ubuntu218.04.3) for linux-amd64 JRE (11.0.4+11-post-Ubuntu-1ubuntu218.04.3), built on Jul 18 2019 18:21:46 by "buildd" with gcc 7.4.0

END.
