#
# A fatal error has been detected by the Java Runtime Environment:
#
#  SIGSEGV (0xb) at pc=0x00007fca047568b7, pid=25656, tid=25657
#
# JRE version: OpenJDK Runtime Environment (11.0.4+11) (build 11.0.4+11-post-Ubuntu-1ubuntu218.04.3)
# Java VM: OpenJDK 64-Bit Server VM (11.0.4+11-post-Ubuntu-1ubuntu218.04.3, mixed mode, tiered, compressed oops, g1 gc, linux-amd64)
# Problematic frame:
# C  [libdemop.so+0x68b7]  solveMatrix+0x1e0
#
# Core dump will be written. Default location: Core dumps may be processed with "/usr/share/apport/apport %p %s %c %d %P" (or dumping to /home/esaric/Desktop/NICSLU-master/read_file_java/core.25656)
#
# If you would like to submit a bug report, please visit:
#   https://bugs.launchpad.net/ubuntu/+source/openjdk-lts
# The crash happened outside the Java Virtual Machine in native code.
# See problematic frame for where to report the bug.
#

---------------  S U M M A R Y ------------

Command Line: runme 2

Host: AMD E-450 APU with Radeon(tm) HD Graphics, 2 cores, 7G, Ubuntu 18.04.3 LTS
Time: Tue Oct 29 21:46:13 2019 CET elapsed time: 2 seconds (0d 0h 0m 2s)

---------------  T H R E A D  ---------------

Current thread (0x00007fca2c012000):  JavaThread "main" [_thread_in_native, id=25657, stack(0x00007fca34ad3000,0x00007fca34bd4000)]

Stack: [0x00007fca34ad3000,0x00007fca34bd4000],  sp=0x00007fca34bd2630,  free space=1021k
Native frames: (J=compiled Java code, A=aot compiled Java code, j=interpreted, Vv=VM code, C=native code)
C  [libdemop.so+0x68b7]  solveMatrix+0x1e0
C  [libdemop.so+0xa82b]  Java_demopJNI_solveMatrix+0xde
j  demopJNI.solveMatrix(JJJJJJJ)I+0
j  demop.solveMatrix(LSWIGTYPE_p_uint__t;LSWIGTYPE_p_uint__t;LSWIGTYPE_p_uint__t;LSWIGTYPE_p_uint__t;LSWIGTYPE_p_real__t;LSWIGTYPE_p_real__t;LSWIGTYPE_p_real__t;)I+31
j  runme.main([Ljava/lang/String;)V+139
v  ~StubRoutines::call_stub
V  [libjvm.so+0x841c99]
V  [libjvm.so+0x8b9c7d]
V  [libjvm.so+0x8bbd6e]
C  [libjli.so+0x5856]
C  [libjli.so+0x92cd]

Java frames: (J=compiled Java code, j=interpreted, Vv=VM code)
j  demopJNI.solveMatrix(JJJJJJJ)I+0
j  demop.solveMatrix(LSWIGTYPE_p_uint__t;LSWIGTYPE_p_uint__t;LSWIGTYPE_p_uint__t;LSWIGTYPE_p_uint__t;LSWIGTYPE_p_real__t;LSWIGTYPE_p_real__t;LSWIGTYPE_p_real__t;)I+31
j  runme.main([Ljava/lang/String;)V+139
v  ~StubRoutines::call_stub

siginfo: si_signo: 11 (SIGSEGV), si_code: 2 (SEGV_ACCERR), si_addr: 0x00007fca2c37e000

Register to memory mapping:

RAX=0x00007fca040e55e0 points into unknown readable memory: 00 00 00 00 00 00 00 00
RBX={method} {0x00007fca05c15758} 'solveMatrix' '(JJJJJJJ)I' in 'demopJNI'
RCX=0x00000000000c25d0 is an unknown value
RDX=0x00007fca2c37e000 points into unknown readable memory: 00 00 00 00 00 00 00 00
RSP=0x00007fca34bd2630 is pointing into the stack for thread: 0x00007fca2c012000
RBP=0x00007fca34bd26b0 is pointing into the stack for thread: 0x00007fca2c012000
RSI=0x00007fca2c37da90 points into unknown readable memory: 00 00 00 00 00 00 00 00
RDI=0x00007fca347b2c40: <offset 0x00000000003ebc40> in /lib/x86_64-linux-gnu/libc.so.6 at 0x00007fca343c7000
R8 =0x000000000037e000 is an unknown value
R9 =0x0000000000184641 is an unknown value
R10=0xfffffffffffff000 is an unknown value
R11=0x00000000001fa000 is an unknown value
R12=0x0 is NULL
R13={method} {0x00007fca05c15758} 'solveMatrix' '(JJJJJJJ)I' in 'demopJNI'
R14=0x00007fca34bd2890 is pointing into the stack for thread: 0x00007fca2c012000
R15=0x00007fca2c012000 is a thread


Registers:
RAX=0x00007fca040e55e0, RBX=0x00007fca05c15758, RCX=0x00000000000c25d0, RDX=0x00007fca2c37e000
RSP=0x00007fca34bd2630, RBP=0x00007fca34bd26b0, RSI=0x00007fca2c37da90, RDI=0x00007fca347b2c40
R8 =0x000000000037e000, R9 =0x0000000000184641, R10=0xfffffffffffff000, R11=0x00000000001fa000
R12=0x0000000000000000, R13=0x00007fca05c15758, R14=0x00007fca34bd2890, R15=0x00007fca2c012000
RIP=0x00007fca047568b7, EFLAGS=0x0000000000010202, CSGSFS=0x002b000000000033, ERR=0x0000000000000004
  TRAPNO=0x000000000000000e

Top of Stack: (sp=0x00007fca34bd2630)
0x00007fca34bd2630:   0000000000000000 00007fca04023010
0x00007fca34bd2640:   00007fca2c1f99d0 00007fc9d38b8010
0x00007fca34bd2650:   00007fca0c059010 00007fca041a8010
0x00007fca34bd2660:   00007fca2c1f6110 00007fca2c1f60f0 

Instructions: (pc=0x00007fca047568b7)
0x00007fca047567b7:   01 c8 f2 0f 10 02 f2 0f 11 00 48 8b 45 d8 8b 55
0x00007fca047567c7:   c8 48 63 d2 48 c1 e2 02 48 01 d0 8b 55 c8 48 63
0x00007fca047567d7:   d2 48 8d 0c 95 00 00 00 00 48 8b 55 a8 48 01 ca
0x00007fca047567e7:   8b 00 89 02 48 8b 45 b8 8b 10 8b 45 c8 39 c2 72
0x00007fca047567f7:   2a 48 8b 45 d0 8b 55 c8 48 63 d2 48 c1 e2 02 48
0x00007fca04756807:   01 d0 8b 55 c8 48 63 d2 48 8d 0c 95 00 00 00 00
0x00007fca04756817:   48 8b 55 a0 48 01 ca 8b 00 89 02 83 45 c8 01 48
0x00007fca04756827:   8b 45 b0 8b 10 8b 45 c8 39 c2 0f 87 5d ff ff ff
0x00007fca04756837:   48 8b 45 b8 8b 00 01 c0 89 c0 48 c1 e0 03 48 89
0x00007fca04756847:   c7 e8 63 fa ff ff 48 89 45 90 48 8b 45 b8 8b 00
0x00007fca04756857:   89 c0 48 8d 14 c5 00 00 00 00 48 8b 45 90 48 01
0x00007fca04756867:   d0 48 89 45 f0 c7 45 c4 00 00 00 00 eb 4e 8b 45
0x00007fca04756877:   c4 48 8d 14 c5 00 00 00 00 48 8b 45 90 48 01 d0
0x00007fca04756887:   f2 0f 10 05 a9 37 01 00 f2 0f 11 00 8b 45 c4 48
0x00007fca04756897:   8d 14 c5 00 00 00 00 48 8b 45 f0 48 01 c2 8b 45
0x00007fca047568a7:   c4 48 8d 0c c5 00 00 00 00 48 8b 45 88 48 01 c8
0x00007fca047568b7:   f2 0f 10 02 f2 0f 11 00 83 45 c4 01 48 8b 45 b8
0x00007fca047568c7:   8b 00 01 c0 39 45 c4 72 a5 b8 01 00 00 00 48 8b
0x00007fca047568d7:   75 f8 64 48 33 34 25 28 00 00 00 74 05 e8 c7 f6
0x00007fca047568e7:   ff ff c9 c3 55 48 89 e5 48 83 ec 30 48 89 7d e8
0x00007fca047568f7:   89 75 e4 48 89 55 d8 48 8d 05 fb 83 21 00 48 89
0x00007fca04756907:   45 f0 eb 05 48 83 45 f0 10 48 8b 45 f0 8b 00 39
0x00007fca04756917:   45 e4 74 0a 48 8b 45 f0 8b 00 85 c0 75 e6 48 8b
0x00007fca04756927:   45 e8 48 8b 00 48 8b 80 88 00 00 00 48 8b 55 e8
0x00007fca04756937:   48 89 d7 ff d0 48 8b 45 e8 48 8b 00 48 8b 40 30
0x00007fca04756947:   48 8b 55 f0 48 8b 4a 08 48 8b 55 e8 48 89 ce 48
0x00007fca04756957:   89 d7 ff d0 48 89 45 f8 48 83 7d f8 00 74 1c 48
0x00007fca04756967:   8b 45 e8 48 8b 00 48 8b 40 70 48 8b 55 d8 48 8b
0x00007fca04756977:   75 f8 48 8b 4d e8 48 89 cf ff d0 90 c9 c3 55 48
0x00007fca04756987:   89 e5 48 83 ec 10 89 7d fc 8b 45 fc 48 98 be 04
0x00007fca04756997:   00 00 00 48 89 c7 e8 de f7 ff ff c9 c3 55 48 89
0x00007fca047569a7:   e5 48 83 ec 10 48 89 7d f8 48 8b 45 f8 48 89 c7 


Stack slot to memory mapping:
stack at sp + 0 slots: 0x0 is NULL
stack at sp + 1 slots: 0x00007fca04023010 points into unknown readable memory: 00 00 00 00 00 00 00 00
stack at sp + 2 slots: 0x00007fca2c1f99d0 points into unknown readable memory: 00 00 00 00 00 00 f0 3f
stack at sp + 3 slots: 0x00007fc9d38b8010 points into unknown readable memory: 0b 6b 50 21 44 1f 39 3f
stack at sp + 4 slots: 0x00007fca0c059010 points into unknown readable memory: 00 00 00 00 03 00 00 00
stack at sp + 5 slots: 0x00007fca041a8010 points into unknown readable memory: 00 00 00 00 ab 2d 00 00
stack at sp + 6 slots: 0x00007fca2c1f6110 points into unknown readable memory: 33 8f 0e 00 00 00 00 00
stack at sp + 7 slots: 0x00007fca2c1f60f0 points into unknown readable memory: 0c 84 01 00 00 00 00 00


---------------  P R O C E S S  ---------------

Threads class SMR info:
_java_thread_list=0x00007fca2c1e6370, length=9, elements={
0x00007fca2c012000, 0x00007fca2c12e800, 0x00007fca2c133000, 0x00007fca2c146800,
0x00007fca2c148800, 0x00007fca2c14a800, 0x00007fca2c14c800, 0x00007fca2c1d5000,
0x00007fca2c1e5000
}

Java Threads: ( => current thread )
=>0x00007fca2c012000 JavaThread "main" [_thread_in_native, id=25657, stack(0x00007fca34ad3000,0x00007fca34bd4000)]
  0x00007fca2c12e800 JavaThread "Reference Handler" daemon [_thread_blocked, id=25664, stack(0x00007fca0c2bd000,0x00007fca0c3be000)]
  0x00007fca2c133000 JavaThread "Finalizer" daemon [_thread_blocked, id=25665, stack(0x00007fca0c1bc000,0x00007fca0c2bd000)]
  0x00007fca2c146800 JavaThread "Signal Dispatcher" daemon [_thread_blocked, id=25666, stack(0x00007fca0c0bb000,0x00007fca0c1bc000)]
  0x00007fca2c148800 JavaThread "C2 CompilerThread0" daemon [_thread_blocked, id=25667, stack(0x00007fca0529e000,0x00007fca0539f000)]
  0x00007fca2c14a800 JavaThread "C1 CompilerThread0" daemon [_thread_blocked, id=25668, stack(0x00007fca0519d000,0x00007fca0529e000)]
  0x00007fca2c14c800 JavaThread "Sweeper thread" daemon [_thread_blocked, id=25669, stack(0x00007fca0509c000,0x00007fca0519d000)]
  0x00007fca2c1d5000 JavaThread "Service Thread" daemon [_thread_blocked, id=25670, stack(0x00007fca04f9b000,0x00007fca0509c000)]
  0x00007fca2c1e5000 JavaThread "Common-Cleaner" daemon [_thread_blocked, id=25672, stack(0x00007fca04d98000,0x00007fca04e99000)]

Other Threads:
  0x00007fca2c126800 VMThread "VM Thread" [stack: 0x00007fca0c3c0000,0x00007fca0c4c0000] [id=25663]
  0x00007fca2c1d7800 WatcherThread [stack: 0x00007fca04e9b000,0x00007fca04f9b000] [id=25671]
  0x00007fca2c028000 GCTaskThread "GC Thread#0" [stack: 0x00007fca30ac9000,0x00007fca30bc9000] [id=25658]
  0x00007fca2c057000 ConcurrentGCThread "G1 Main Marker" [stack: 0x00007fca3005d000,0x00007fca3015d000] [id=25659]
  0x00007fca2c059000 ConcurrentGCThread "G1 Conc#0" [stack: 0x00007fca144a2000,0x00007fca145a2000] [id=25660]
  0x00007fca2c0c5800 ConcurrentGCThread "G1 Refine#0" [stack: 0x00007fca1419e000,0x00007fca1429e000] [id=25661]
  0x00007fca2c0c7800 ConcurrentGCThread "G1 Young RemSet Sampling" [stack: 0x00007fca1409c000,0x00007fca1419c000] [id=25662]

Threads with active compile tasks:

VM state:not at safepoint (normal execution)

VM Mutex/Monitor currently owned by a thread: None

Heap address: 0x0000000089800000, size: 1896 MB, Compressed Oops mode: 32-bit
Narrow klass base: 0x0000000000000000, Narrow klass shift: 3
Compressed class space size: 1073741824 Address: 0x0000000100000000

Heap:
 garbage-first heap   total 122880K, used 0K [0x0000000089800000, 0x0000000100000000)
  region size 1024K, 1 young (1024K), 0 survivors (0K)
 Metaspace       used 3826K, capacity 4566K, committed 4864K, reserved 1056768K
  class space    used 338K, capacity 390K, committed 512K, reserved 1048576K
Heap Regions: E=young(eden), S=young(survivor), O=old, HS=humongous(starts), HC=humongous(continues), CS=collection set, F=free, A=archive, TAMS=top-at-mark-start (previous, next)
|   0|0x0000000089800000, 0x0000000089800000, 0x0000000089900000|  0%| F|  |TAMS 0x0000000089800000, 0x0000000089800000| Untracked 
|   1|0x0000000089900000, 0x0000000089900000, 0x0000000089a00000|  0%| F|  |TAMS 0x0000000089900000, 0x0000000089900000| Untracked 
|   2|0x0000000089a00000, 0x0000000089a00000, 0x0000000089b00000|  0%| F|  |TAMS 0x0000000089a00000, 0x0000000089a00000| Untracked 
|   3|0x0000000089b00000, 0x0000000089b00000, 0x0000000089c00000|  0%| F|  |TAMS 0x0000000089b00000, 0x0000000089b00000| Untracked 
|   4|0x0000000089c00000, 0x0000000089c00000, 0x0000000089d00000|  0%| F|  |TAMS 0x0000000089c00000, 0x0000000089c00000| Untracked 
|   5|0x0000000089d00000, 0x0000000089d00000, 0x0000000089e00000|  0%| F|  |TAMS 0x0000000089d00000, 0x0000000089d00000| Untracked 
|   6|0x0000000089e00000, 0x0000000089e00000, 0x0000000089f00000|  0%| F|  |TAMS 0x0000000089e00000, 0x0000000089e00000| Untracked 
|   7|0x0000000089f00000, 0x0000000089f00000, 0x000000008a000000|  0%| F|  |TAMS 0x0000000089f00000, 0x0000000089f00000| Untracked 
|   8|0x000000008a000000, 0x000000008a000000, 0x000000008a100000|  0%| F|  |TAMS 0x000000008a000000, 0x000000008a000000| Untracked 
|   9|0x000000008a100000, 0x000000008a100000, 0x000000008a200000|  0%| F|  |TAMS 0x000000008a100000, 0x000000008a100000| Untracked 
|  10|0x000000008a200000, 0x000000008a200000, 0x000000008a300000|  0%| F|  |TAMS 0x000000008a200000, 0x000000008a200000| Untracked 
|  11|0x000000008a300000, 0x000000008a300000, 0x000000008a400000|  0%| F|  |TAMS 0x000000008a300000, 0x000000008a300000| Untracked 
|  12|0x000000008a400000, 0x000000008a400000, 0x000000008a500000|  0%| F|  |TAMS 0x000000008a400000, 0x000000008a400000| Untracked 
|  13|0x000000008a500000, 0x000000008a500000, 0x000000008a600000|  0%| F|  |TAMS 0x000000008a500000, 0x000000008a500000| Untracked 
|  14|0x000000008a600000, 0x000000008a600000, 0x000000008a700000|  0%| F|  |TAMS 0x000000008a600000, 0x000000008a600000| Untracked 
|  15|0x000000008a700000, 0x000000008a700000, 0x000000008a800000|  0%| F|  |TAMS 0x000000008a700000, 0x000000008a700000| Untracked 
|  16|0x000000008a800000, 0x000000008a800000, 0x000000008a900000|  0%| F|  |TAMS 0x000000008a800000, 0x000000008a800000| Untracked 
|  17|0x000000008a900000, 0x000000008a900000, 0x000000008aa00000|  0%| F|  |TAMS 0x000000008a900000, 0x000000008a900000| Untracked 
|  18|0x000000008aa00000, 0x000000008aa00000, 0x000000008ab00000|  0%| F|  |TAMS 0x000000008aa00000, 0x000000008aa00000| Untracked 
|  19|0x000000008ab00000, 0x000000008ab00000, 0x000000008ac00000|  0%| F|  |TAMS 0x000000008ab00000, 0x000000008ab00000| Untracked 
|  20|0x000000008ac00000, 0x000000008ac00000, 0x000000008ad00000|  0%| F|  |TAMS 0x000000008ac00000, 0x000000008ac00000| Untracked 
|  21|0x000000008ad00000, 0x000000008ad00000, 0x000000008ae00000|  0%| F|  |TAMS 0x000000008ad00000, 0x000000008ad00000| Untracked 
|  22|0x000000008ae00000, 0x000000008ae00000, 0x000000008af00000|  0%| F|  |TAMS 0x000000008ae00000, 0x000000008ae00000| Untracked 
|  23|0x000000008af00000, 0x000000008af00000, 0x000000008b000000|  0%| F|  |TAMS 0x000000008af00000, 0x000000008af00000| Untracked 
|  24|0x000000008b000000, 0x000000008b000000, 0x000000008b100000|  0%| F|  |TAMS 0x000000008b000000, 0x000000008b000000| Untracked 
|  25|0x000000008b100000, 0x000000008b100000, 0x000000008b200000|  0%| F|  |TAMS 0x000000008b100000, 0x000000008b100000| Untracked 
|  26|0x000000008b200000, 0x000000008b200000, 0x000000008b300000|  0%| F|  |TAMS 0x000000008b200000, 0x000000008b200000| Untracked 
|  27|0x000000008b300000, 0x000000008b300000, 0x000000008b400000|  0%| F|  |TAMS 0x000000008b300000, 0x000000008b300000| Untracked 
|  28|0x000000008b400000, 0x000000008b400000, 0x000000008b500000|  0%| F|  |TAMS 0x000000008b400000, 0x000000008b400000| Untracked 
|  29|0x000000008b500000, 0x000000008b500000, 0x000000008b600000|  0%| F|  |TAMS 0x000000008b500000, 0x000000008b500000| Untracked 
|  30|0x000000008b600000, 0x000000008b600000, 0x000000008b700000|  0%| F|  |TAMS 0x000000008b600000, 0x000000008b600000| Untracked 
|  31|0x000000008b700000, 0x000000008b700000, 0x000000008b800000|  0%| F|  |TAMS 0x000000008b700000, 0x000000008b700000| Untracked 
|  32|0x000000008b800000, 0x000000008b800000, 0x000000008b900000|  0%| F|  |TAMS 0x000000008b800000, 0x000000008b800000| Untracked 
|  33|0x000000008b900000, 0x000000008b900000, 0x000000008ba00000|  0%| F|  |TAMS 0x000000008b900000, 0x000000008b900000| Untracked 
|  34|0x000000008ba00000, 0x000000008ba00000, 0x000000008bb00000|  0%| F|  |TAMS 0x000000008ba00000, 0x000000008ba00000| Untracked 
|  35|0x000000008bb00000, 0x000000008bb00000, 0x000000008bc00000|  0%| F|  |TAMS 0x000000008bb00000, 0x000000008bb00000| Untracked 
|  36|0x000000008bc00000, 0x000000008bc00000, 0x000000008bd00000|  0%| F|  |TAMS 0x000000008bc00000, 0x000000008bc00000| Untracked 
|  37|0x000000008bd00000, 0x000000008bd00000, 0x000000008be00000|  0%| F|  |TAMS 0x000000008bd00000, 0x000000008bd00000| Untracked 
|  38|0x000000008be00000, 0x000000008be00000, 0x000000008bf00000|  0%| F|  |TAMS 0x000000008be00000, 0x000000008be00000| Untracked 
|  39|0x000000008bf00000, 0x000000008bf00000, 0x000000008c000000|  0%| F|  |TAMS 0x000000008bf00000, 0x000000008bf00000| Untracked 
|  40|0x000000008c000000, 0x000000008c000000, 0x000000008c100000|  0%| F|  |TAMS 0x000000008c000000, 0x000000008c000000| Untracked 
|  41|0x000000008c100000, 0x000000008c100000, 0x000000008c200000|  0%| F|  |TAMS 0x000000008c100000, 0x000000008c100000| Untracked 
|  42|0x000000008c200000, 0x000000008c200000, 0x000000008c300000|  0%| F|  |TAMS 0x000000008c200000, 0x000000008c200000| Untracked 
|  43|0x000000008c300000, 0x000000008c300000, 0x000000008c400000|  0%| F|  |TAMS 0x000000008c300000, 0x000000008c300000| Untracked 
|  44|0x000000008c400000, 0x000000008c400000, 0x000000008c500000|  0%| F|  |TAMS 0x000000008c400000, 0x000000008c400000| Untracked 
|  45|0x000000008c500000, 0x000000008c500000, 0x000000008c600000|  0%| F|  |TAMS 0x000000008c500000, 0x000000008c500000| Untracked 
|  46|0x000000008c600000, 0x000000008c600000, 0x000000008c700000|  0%| F|  |TAMS 0x000000008c600000, 0x000000008c600000| Untracked 
|  47|0x000000008c700000, 0x000000008c700000, 0x000000008c800000|  0%| F|  |TAMS 0x000000008c700000, 0x000000008c700000| Untracked 
|  48|0x000000008c800000, 0x000000008c800000, 0x000000008c900000|  0%| F|  |TAMS 0x000000008c800000, 0x000000008c800000| Untracked 
|  49|0x000000008c900000, 0x000000008c900000, 0x000000008ca00000|  0%| F|  |TAMS 0x000000008c900000, 0x000000008c900000| Untracked 
|  50|0x000000008ca00000, 0x000000008ca00000, 0x000000008cb00000|  0%| F|  |TAMS 0x000000008ca00000, 0x000000008ca00000| Untracked 
|  51|0x000000008cb00000, 0x000000008cb00000, 0x000000008cc00000|  0%| F|  |TAMS 0x000000008cb00000, 0x000000008cb00000| Untracked 
|  52|0x000000008cc00000, 0x000000008cc00000, 0x000000008cd00000|  0%| F|  |TAMS 0x000000008cc00000, 0x000000008cc00000| Untracked 
|  53|0x000000008cd00000, 0x000000008cd00000, 0x000000008ce00000|  0%| F|  |TAMS 0x000000008cd00000, 0x000000008cd00000| Untracked 
|  54|0x000000008ce00000, 0x000000008ce00000, 0x000000008cf00000|  0%| F|  |TAMS 0x000000008ce00000, 0x000000008ce00000| Untracked 
|  55|0x000000008cf00000, 0x000000008cf00000, 0x000000008d000000|  0%| F|  |TAMS 0x000000008cf00000, 0x000000008cf00000| Untracked 
|  56|0x000000008d000000, 0x000000008d000000, 0x000000008d100000|  0%| F|  |TAMS 0x000000008d000000, 0x000000008d000000| Untracked 
|  57|0x000000008d100000, 0x000000008d100000, 0x000000008d200000|  0%| F|  |TAMS 0x000000008d100000, 0x000000008d100000| Untracked 
|  58|0x000000008d200000, 0x000000008d200000, 0x000000008d300000|  0%| F|  |TAMS 0x000000008d200000, 0x000000008d200000| Untracked 
|  59|0x000000008d300000, 0x000000008d300000, 0x000000008d400000|  0%| F|  |TAMS 0x000000008d300000, 0x000000008d300000| Untracked 
|  60|0x000000008d400000, 0x000000008d400000, 0x000000008d500000|  0%| F|  |TAMS 0x000000008d400000, 0x000000008d400000| Untracked 
|  61|0x000000008d500000, 0x000000008d500000, 0x000000008d600000|  0%| F|  |TAMS 0x000000008d500000, 0x000000008d500000| Untracked 
|  62|0x000000008d600000, 0x000000008d600000, 0x000000008d700000|  0%| F|  |TAMS 0x000000008d600000, 0x000000008d600000| Untracked 
|  63|0x000000008d700000, 0x000000008d700000, 0x000000008d800000|  0%| F|  |TAMS 0x000000008d700000, 0x000000008d700000| Untracked 
|  64|0x000000008d800000, 0x000000008d800000, 0x000000008d900000|  0%| F|  |TAMS 0x000000008d800000, 0x000000008d800000| Untracked 
|  65|0x000000008d900000, 0x000000008d900000, 0x000000008da00000|  0%| F|  |TAMS 0x000000008d900000, 0x000000008d900000| Untracked 
|  66|0x000000008da00000, 0x000000008da00000, 0x000000008db00000|  0%| F|  |TAMS 0x000000008da00000, 0x000000008da00000| Untracked 
|  67|0x000000008db00000, 0x000000008db00000, 0x000000008dc00000|  0%| F|  |TAMS 0x000000008db00000, 0x000000008db00000| Untracked 
|  68|0x000000008dc00000, 0x000000008dc00000, 0x000000008dd00000|  0%| F|  |TAMS 0x000000008dc00000, 0x000000008dc00000| Untracked 
|  69|0x000000008dd00000, 0x000000008dd00000, 0x000000008de00000|  0%| F|  |TAMS 0x000000008dd00000, 0x000000008dd00000| Untracked 
|  70|0x000000008de00000, 0x000000008de00000, 0x000000008df00000|  0%| F|  |TAMS 0x000000008de00000, 0x000000008de00000| Untracked 
|  71|0x000000008df00000, 0x000000008df00000, 0x000000008e000000|  0%| F|  |TAMS 0x000000008df00000, 0x000000008df00000| Untracked 
|  72|0x000000008e000000, 0x000000008e000000, 0x000000008e100000|  0%| F|  |TAMS 0x000000008e000000, 0x000000008e000000| Untracked 
|  73|0x000000008e100000, 0x000000008e100000, 0x000000008e200000|  0%| F|  |TAMS 0x000000008e100000, 0x000000008e100000| Untracked 
|  74|0x000000008e200000, 0x000000008e200000, 0x000000008e300000|  0%| F|  |TAMS 0x000000008e200000, 0x000000008e200000| Untracked 
|  75|0x000000008e300000, 0x000000008e300000, 0x000000008e400000|  0%| F|  |TAMS 0x000000008e300000, 0x000000008e300000| Untracked 
|  76|0x000000008e400000, 0x000000008e400000, 0x000000008e500000|  0%| F|  |TAMS 0x000000008e400000, 0x000000008e400000| Untracked 
|  77|0x000000008e500000, 0x000000008e500000, 0x000000008e600000|  0%| F|  |TAMS 0x000000008e500000, 0x000000008e500000| Untracked 
|  78|0x000000008e600000, 0x000000008e600000, 0x000000008e700000|  0%| F|  |TAMS 0x000000008e600000, 0x000000008e600000| Untracked 
|  79|0x000000008e700000, 0x000000008e700000, 0x000000008e800000|  0%| F|  |TAMS 0x000000008e700000, 0x000000008e700000| Untracked 
|  80|0x000000008e800000, 0x000000008e800000, 0x000000008e900000|  0%| F|  |TAMS 0x000000008e800000, 0x000000008e800000| Untracked 
|  81|0x000000008e900000, 0x000000008e900000, 0x000000008ea00000|  0%| F|  |TAMS 0x000000008e900000, 0x000000008e900000| Untracked 
|  82|0x000000008ea00000, 0x000000008ea00000, 0x000000008eb00000|  0%| F|  |TAMS 0x000000008ea00000, 0x000000008ea00000| Untracked 
|  83|0x000000008eb00000, 0x000000008eb00000, 0x000000008ec00000|  0%| F|  |TAMS 0x000000008eb00000, 0x000000008eb00000| Untracked 
|  84|0x000000008ec00000, 0x000000008ec00000, 0x000000008ed00000|  0%| F|  |TAMS 0x000000008ec00000, 0x000000008ec00000| Untracked 
|  85|0x000000008ed00000, 0x000000008ed00000, 0x000000008ee00000|  0%| F|  |TAMS 0x000000008ed00000, 0x000000008ed00000| Untracked 
|  86|0x000000008ee00000, 0x000000008ee00000, 0x000000008ef00000|  0%| F|  |TAMS 0x000000008ee00000, 0x000000008ee00000| Untracked 
|  87|0x000000008ef00000, 0x000000008ef00000, 0x000000008f000000|  0%| F|  |TAMS 0x000000008ef00000, 0x000000008ef00000| Untracked 
|  88|0x000000008f000000, 0x000000008f000000, 0x000000008f100000|  0%| F|  |TAMS 0x000000008f000000, 0x000000008f000000| Untracked 
|  89|0x000000008f100000, 0x000000008f100000, 0x000000008f200000|  0%| F|  |TAMS 0x000000008f100000, 0x000000008f100000| Untracked 
|  90|0x000000008f200000, 0x000000008f200000, 0x000000008f300000|  0%| F|  |TAMS 0x000000008f200000, 0x000000008f200000| Untracked 
|  91|0x000000008f300000, 0x000000008f300000, 0x000000008f400000|  0%| F|  |TAMS 0x000000008f300000, 0x000000008f300000| Untracked 
|  92|0x000000008f400000, 0x000000008f400000, 0x000000008f500000|  0%| F|  |TAMS 0x000000008f400000, 0x000000008f400000| Untracked 
|  93|0x000000008f500000, 0x000000008f500000, 0x000000008f600000|  0%| F|  |TAMS 0x000000008f500000, 0x000000008f500000| Untracked 
|  94|0x000000008f600000, 0x000000008f600000, 0x000000008f700000|  0%| F|  |TAMS 0x000000008f600000, 0x000000008f600000| Untracked 
|  95|0x000000008f700000, 0x000000008f700000, 0x000000008f800000|  0%| F|  |TAMS 0x000000008f700000, 0x000000008f700000| Untracked 
|  96|0x000000008f800000, 0x000000008f800000, 0x000000008f900000|  0%| F|  |TAMS 0x000000008f800000, 0x000000008f800000| Untracked 
|  97|0x000000008f900000, 0x000000008f900000, 0x000000008fa00000|  0%| F|  |TAMS 0x000000008f900000, 0x000000008f900000| Untracked 
|  98|0x000000008fa00000, 0x000000008fa00000, 0x000000008fb00000|  0%| F|  |TAMS 0x000000008fa00000, 0x000000008fa00000| Untracked 
|  99|0x000000008fb00000, 0x000000008fb00000, 0x000000008fc00000|  0%| F|  |TAMS 0x000000008fb00000, 0x000000008fb00000| Untracked 
| 100|0x000000008fc00000, 0x000000008fc00000, 0x000000008fd00000|  0%| F|  |TAMS 0x000000008fc00000, 0x000000008fc00000| Untracked 
| 101|0x000000008fd00000, 0x000000008fd00000, 0x000000008fe00000|  0%| F|  |TAMS 0x000000008fd00000, 0x000000008fd00000| Untracked 
| 102|0x000000008fe00000, 0x000000008fe00000, 0x000000008ff00000|  0%| F|  |TAMS 0x000000008fe00000, 0x000000008fe00000| Untracked 
| 103|0x000000008ff00000, 0x000000008ff00000, 0x0000000090000000|  0%| F|  |TAMS 0x000000008ff00000, 0x000000008ff00000| Untracked 
| 104|0x0000000090000000, 0x0000000090000000, 0x0000000090100000|  0%| F|  |TAMS 0x0000000090000000, 0x0000000090000000| Untracked 
| 105|0x0000000090100000, 0x0000000090100000, 0x0000000090200000|  0%| F|  |TAMS 0x0000000090100000, 0x0000000090100000| Untracked 
| 106|0x0000000090200000, 0x0000000090200000, 0x0000000090300000|  0%| F|  |TAMS 0x0000000090200000, 0x0000000090200000| Untracked 
| 107|0x0000000090300000, 0x0000000090300000, 0x0000000090400000|  0%| F|  |TAMS 0x0000000090300000, 0x0000000090300000| Untracked 
| 108|0x0000000090400000, 0x0000000090400000, 0x0000000090500000|  0%| F|  |TAMS 0x0000000090400000, 0x0000000090400000| Untracked 
| 109|0x0000000090500000, 0x0000000090500000, 0x0000000090600000|  0%| F|  |TAMS 0x0000000090500000, 0x0000000090500000| Untracked 
| 110|0x0000000090600000, 0x0000000090600000, 0x0000000090700000|  0%| F|  |TAMS 0x0000000090600000, 0x0000000090600000| Untracked 
| 111|0x0000000090700000, 0x0000000090700000, 0x0000000090800000|  0%| F|  |TAMS 0x0000000090700000, 0x0000000090700000| Untracked 
| 112|0x0000000090800000, 0x0000000090800000, 0x0000000090900000|  0%| F|  |TAMS 0x0000000090800000, 0x0000000090800000| Untracked 
| 113|0x0000000090900000, 0x0000000090900000, 0x0000000090a00000|  0%| F|  |TAMS 0x0000000090900000, 0x0000000090900000| Untracked 
| 114|0x0000000090a00000, 0x0000000090a00000, 0x0000000090b00000|  0%| F|  |TAMS 0x0000000090a00000, 0x0000000090a00000| Untracked 
| 115|0x0000000090b00000, 0x0000000090b00000, 0x0000000090c00000|  0%| F|  |TAMS 0x0000000090b00000, 0x0000000090b00000| Untracked 
| 116|0x0000000090c00000, 0x0000000090c00000, 0x0000000090d00000|  0%| F|  |TAMS 0x0000000090c00000, 0x0000000090c00000| Untracked 
| 117|0x0000000090d00000, 0x0000000090d00000, 0x0000000090e00000|  0%| F|  |TAMS 0x0000000090d00000, 0x0000000090d00000| Untracked 
| 118|0x0000000090e00000, 0x0000000090e00000, 0x0000000090f00000|  0%| F|  |TAMS 0x0000000090e00000, 0x0000000090e00000| Untracked 
| 119|0x0000000090f00000, 0x0000000090fd8158, 0x0000000091000000| 84%| E|  |TAMS 0x0000000090f00000, 0x0000000090f00000| Complete 

Card table byte_map: [0x00007fca3015d000,0x00007fca30511000] _byte_map_base: 0x00007fca2fd11000

Marking Bits (Prev, Next): (CMBitMap*) 0x00007fca2c04efd8, (CMBitMap*) 0x00007fca2c04f010
 Prev Bits: [0x00007fca0e260000, 0x00007fca10000000)
 Next Bits: [0x00007fca0c4c0000, 0x00007fca0e260000)

Polling page: 0x00007fca34bec000

Metaspace:

Usage:
  Non-class:      4.08 MB capacity,     3.41 MB ( 84%) used,   688.25 KB ( 16%) free+waste,   384 bytes ( <1%) overhead. 
      Class:    390.00 KB capacity,   338.78 KB ( 87%) used,    50.97 KB ( 13%) free+waste,   256 bytes ( <1%) overhead. 
       Both:      4.46 MB capacity,     3.74 MB ( 84%) used,   739.22 KB ( 16%) free+waste,   640 bytes ( <1%) overhead. 

Virtual space:
  Non-class space:        8.00 MB reserved,       4.25 MB ( 53%) committed 
      Class space:        1.00 GB reserved,     512.00 KB ( <1%) committed 
             Both:        1.01 GB reserved,       4.75 MB ( <1%) committed 

Chunk freelists:
   Non-Class:  48.00 KB
       Class:  0 bytes
        Both:  48.00 KB

CodeHeap 'non-profiled nmethods': size=120036Kb used=20Kb max_used=20Kb free=120015Kb
 bounds [0x00007fca1c41d000, 0x00007fca1c68d000, 0x00007fca23956000]
CodeHeap 'profiled nmethods': size=120032Kb used=120Kb max_used=120Kb free=119911Kb
 bounds [0x00007fca14ee5000, 0x00007fca15155000, 0x00007fca1c41d000]
CodeHeap 'non-nmethods': size=5692Kb used=989Kb max_used=998Kb free=4702Kb
 bounds [0x00007fca14956000, 0x00007fca14bc6000, 0x00007fca14ee5000]
 total_blobs=403 nmethods=87 adapters=178
 compilation: enabled
              stopped_count=0, restarted_count=0
 full_count=0

Compilation events (10 events):
Event: 0.366 Thread 0x00007fca2c148800   83       4       java.lang.String::coder (15 bytes)
Event: 0.367 Thread 0x00007fca2c148800 nmethod 83 0x00007fca1c422090 code [0x00007fca1c422220, 0x00007fca1c422278]
Event: 0.367 Thread 0x00007fca2c14a800   84       3       java.lang.String::indexOf (7 bytes)
Event: 0.369 Thread 0x00007fca2c14a800 nmethod 84 0x00007fca14f01590 code [0x00007fca14f01780, 0x00007fca14f01ab8]
Event: 0.369 Thread 0x00007fca2c14a800   85       3       java.lang.AbstractStringBuilder::putStringAt (29 bytes)
Event: 0.370 Thread 0x00007fca2c14a800 nmethod 85 0x00007fca14f01c10 code [0x00007fca14f01e00, 0x00007fca14f02158]
Event: 0.371 Thread 0x00007fca2c14a800   86       3       java.lang.StringBuilder::append (8 bytes)
Event: 0.371 Thread 0x00007fca2c14a800 nmethod 86 0x00007fca14f02290 code [0x00007fca14f02440, 0x00007fca14f025e8]
Event: 0.371 Thread 0x00007fca2c14a800   87       3       java.lang.AbstractStringBuilder::append (45 bytes)
Event: 0.373 Thread 0x00007fca2c14a800 nmethod 87 0x00007fca14f02690 code [0x00007fca14f028c0, 0x00007fca14f02e38]

GC Heap History (0 events):
No events

Deoptimization events (4 events):
Event: 0.304 Thread 0x00007fca2c012000 Uncommon trap: trap_request=0xffffff4d fr.pc=0x00007fca1c421018 relative=0x0000000000000178
Event: 0.304 Thread 0x00007fca2c012000 Uncommon trap: reason=unstable_if action=reinterpret pc=0x00007fca1c421018 method=java.lang.String.hashCode()I @ 14 c2
Event: 0.305 Thread 0x00007fca2c012000 DEOPT PACKING pc=0x00007fca1c421018 sp=0x00007fca34bd11a0
Event: 0.305 Thread 0x00007fca2c012000 DEOPT UNPACKING pc=0x00007fca1497d89f sp=0x00007fca34bd1158 mode 2

Classes redefined (0 events):
No events

Internal exceptions (0 events):
No events

Events (10 events):
Event: 0.363 loading class doubleArray
Event: 0.363 loading class doubleArray done
Event: 0.365 loading class SWIGTYPE_p_uint__t
Event: 0.365 loading class SWIGTYPE_p_uint__t done
Event: 0.367 loading class SWIGTYPE_p_real__t
Event: 0.367 loading class SWIGTYPE_p_real__t done
Event: 0.369 loading class demop
Event: 0.369 loading class demop done
Event: 0.370 loading class demopConstants
Event: 0.370 loading class demopConstants done


Dynamic libraries:
89800000-91000000 rw-p 00000000 00:00 0 
91000000-100000000 ---p 00000000 00:00 0 
100000000-100080000 rw-p 00000000 00:00 0 
100080000-140000000 ---p 00000000 00:00 0 
557069b87000-557069b88000 r-xp 00000000 08:05 796054                     /usr/lib/jvm/java-11-openjdk-amd64/bin/java
557069d88000-557069d89000 r--p 00001000 08:05 796054                     /usr/lib/jvm/java-11-openjdk-amd64/bin/java
557069d89000-557069d8a000 rw-p 00002000 08:05 796054                     /usr/lib/jvm/java-11-openjdk-amd64/bin/java
55706b7d9000-55706b7fa000 rw-p 00000000 00:00 0                          [heap]
7fc9d2841000-7fc9d338f000 rw-p 00000000 00:00 0 
7fc9d3733000-7fc9d4000000 rw-p 00000000 00:00 0 
7fc9d4000000-7fc9d4021000 rw-p 00000000 00:00 0 
7fc9d4021000-7fc9d8000000 ---p 00000000 00:00 0 
7fc9d8000000-7fc9d8021000 rw-p 00000000 00:00 0 
7fc9d8021000-7fc9dc000000 ---p 00000000 00:00 0 
7fc9dc000000-7fc9dc07f000 rw-p 00000000 00:00 0 
7fc9dc07f000-7fc9e0000000 ---p 00000000 00:00 0 
7fc9e0000000-7fc9e0021000 rw-p 00000000 00:00 0 
7fc9e0021000-7fc9e4000000 ---p 00000000 00:00 0 
7fc9e4000000-7fc9e4021000 rw-p 00000000 00:00 0 
7fc9e4021000-7fc9e8000000 ---p 00000000 00:00 0 
7fc9e8000000-7fc9e806f000 rw-p 00000000 00:00 0 
7fc9e806f000-7fc9ec000000 ---p 00000000 00:00 0 
7fc9ec000000-7fc9ec021000 rw-p 00000000 00:00 0 
7fc9ec021000-7fc9f0000000 ---p 00000000 00:00 0 
7fc9f0000000-7fc9f0021000 rw-p 00000000 00:00 0 
7fc9f0021000-7fc9f4000000 ---p 00000000 00:00 0 
7fc9f4000000-7fc9f4021000 rw-p 00000000 00:00 0 
7fc9f4021000-7fc9f8000000 ---p 00000000 00:00 0 
7fc9f8000000-7fc9f8021000 rw-p 00000000 00:00 0 
7fc9f8021000-7fc9fc000000 ---p 00000000 00:00 0 
7fc9fc000000-7fc9fc021000 rw-p 00000000 00:00 0 
7fc9fc021000-7fca00000000 ---p 00000000 00:00 0 
7fca00000000-7fca00021000 rw-p 00000000 00:00 0 
7fca00021000-7fca04000000 ---p 00000000 00:00 0 
7fca04023000-7fca0454c000 rw-p 00000000 00:00 0 
7fca0454c000-7fca0454f000 r-xp 00000000 08:05 1717418                    /home/esaric/Desktop/NICSLU-master/read_file_java/libnicslu_readfile.so
7fca0454f000-7fca0474e000 ---p 00003000 08:05 1717418                    /home/esaric/Desktop/NICSLU-master/read_file_java/libnicslu_readfile.so
7fca0474e000-7fca0474f000 r--p 00002000 08:05 1717418                    /home/esaric/Desktop/NICSLU-master/read_file_java/libnicslu_readfile.so
7fca0474f000-7fca04750000 rw-p 00003000 08:05 1717418                    /home/esaric/Desktop/NICSLU-master/read_file_java/libnicslu_readfile.so
7fca04750000-7fca0476e000 r-xp 00000000 08:05 1706464                    /home/esaric/Desktop/NICSLU-master/read_file_java/libdemop.so
7fca0476e000-7fca0496e000 ---p 0001e000 08:05 1706464                    /home/esaric/Desktop/NICSLU-master/read_file_java/libdemop.so
7fca0496e000-7fca0496f000 r--p 0001e000 08:05 1706464                    /home/esaric/Desktop/NICSLU-master/read_file_java/libdemop.so
7fca0496f000-7fca04970000 rw-p 0001f000 08:05 1706464                    /home/esaric/Desktop/NICSLU-master/read_file_java/libdemop.so
7fca04970000-7fca04986000 r-xp 00000000 08:05 1196418                    /usr/lib/jvm/java-11-openjdk-amd64/lib/libnet.so
7fca04986000-7fca04b85000 ---p 00016000 08:05 1196418                    /usr/lib/jvm/java-11-openjdk-amd64/lib/libnet.so
7fca04b85000-7fca04b86000 r--p 00015000 08:05 1196418                    /usr/lib/jvm/java-11-openjdk-amd64/lib/libnet.so
7fca04b86000-7fca04b87000 rw-p 00016000 08:05 1196418                    /usr/lib/jvm/java-11-openjdk-amd64/lib/libnet.so
7fca04b87000-7fca04b97000 r-xp 00000000 08:05 1196419                    /usr/lib/jvm/java-11-openjdk-amd64/lib/libnio.so
7fca04b97000-7fca04d96000 ---p 00010000 08:05 1196419                    /usr/lib/jvm/java-11-openjdk-amd64/lib/libnio.so
7fca04d96000-7fca04d97000 r--p 0000f000 08:05 1196419                    /usr/lib/jvm/java-11-openjdk-amd64/lib/libnio.so
7fca04d97000-7fca04d98000 rw-p 00010000 08:05 1196419                    /usr/lib/jvm/java-11-openjdk-amd64/lib/libnio.so
7fca04d98000-7fca04d9c000 ---p 00000000 00:00 0 
7fca04d9c000-7fca04e99000 rw-p 00000000 00:00 0 
7fca04e99000-7fca04e9a000 ---p 00000000 00:00 0 
7fca04e9a000-7fca04f9b000 rw-p 00000000 00:00 0 
7fca04f9b000-7fca04f9f000 ---p 00000000 00:00 0 
7fca04f9f000-7fca0509c000 rw-p 00000000 00:00 0 
7fca0509c000-7fca050a0000 ---p 00000000 00:00 0 
7fca050a0000-7fca0519d000 rw-p 00000000 00:00 0 
7fca0519d000-7fca051a1000 ---p 00000000 00:00 0 
7fca051a1000-7fca0529e000 rw-p 00000000 00:00 0 
7fca0529e000-7fca052a2000 ---p 00000000 00:00 0 
7fca052a2000-7fca0539f000 rw-p 00000000 00:00 0 
7fca0539f000-7fca05800000 r--p 00000000 08:05 787292                     /usr/lib/locale/locale-archive
7fca05800000-7fca05c40000 rw-p 00000000 00:00 0 
7fca05c40000-7fca06000000 ---p 00000000 00:00 0 
7fca06000000-7fca08000000 rw-p 00000000 00:00 0 
7fca08000000-7fca08021000 rw-p 00000000 00:00 0 
7fca08021000-7fca0c000000 ---p 00000000 00:00 0 
7fca0c059000-7fca0c0bb000 rw-p 00000000 00:00 0 
7fca0c0bb000-7fca0c0bf000 ---p 00000000 00:00 0 
7fca0c0bf000-7fca0c1bc000 rw-p 00000000 00:00 0 
7fca0c1bc000-7fca0c1c0000 ---p 00000000 00:00 0 
7fca0c1c0000-7fca0c2bd000 rw-p 00000000 00:00 0 
7fca0c2bd000-7fca0c2c1000 ---p 00000000 00:00 0 
7fca0c2c1000-7fca0c3be000 rw-p 00000000 00:00 0 
7fca0c3be000-7fca0c3bf000 ---p 00000000 00:00 0 
7fca0c3bf000-7fca0c6a0000 rw-p 00000000 00:00 0 
7fca0c6a0000-7fca0e260000 ---p 00000000 00:00 0 
7fca0e260000-7fca0e440000 rw-p 00000000 00:00 0 
7fca0e440000-7fca10000000 ---p 00000000 00:00 0 
7fca10000000-7fca10021000 rw-p 00000000 00:00 0 
7fca10021000-7fca14000000 ---p 00000000 00:00 0 
7fca14019000-7fca1409a000 rw-p 00000000 00:00 0 
7fca1409a000-7fca1409b000 ---p 00000000 00:00 0 
7fca1409b000-7fca1419c000 rw-p 00000000 00:00 0 
7fca1419c000-7fca1419d000 ---p 00000000 00:00 0 
7fca1419d000-7fca144a0000 rw-p 00000000 00:00 0 
7fca144a0000-7fca144a1000 ---p 00000000 00:00 0 
7fca144a1000-7fca145de000 rw-p 00000000 00:00 0 
7fca145de000-7fca14956000 ---p 00000000 00:00 0 
7fca14956000-7fca14bc6000 rwxp 00000000 00:00 0 
7fca14bc6000-7fca14ee5000 ---p 00000000 00:00 0 
7fca14ee5000-7fca15155000 rwxp 00000000 00:00 0 
7fca15155000-7fca1c41d000 ---p 00000000 00:00 0 
7fca1c41d000-7fca1c68d000 rwxp 00000000 00:00 0 
7fca1c68d000-7fca23956000 ---p 00000000 00:00 0 
7fca23956000-7fca2c000000 r--s 00000000 08:05 1196428                    /usr/lib/jvm/java-11-openjdk-amd64/lib/modules
7fca2c000000-7fca2c385000 rw-p 00000000 00:00 0 
7fca2c385000-7fca30000000 ---p 00000000 00:00 0 
7fca30000000-7fca3005b000 rw-p 00000000 00:00 0 
7fca3005b000-7fca3005c000 ---p 00000000 00:00 0 
7fca3005c000-7fca30199000 rw-p 00000000 00:00 0 
7fca30199000-7fca30511000 ---p 00000000 00:00 0 
7fca30511000-7fca3054d000 rw-p 00000000 00:00 0 
7fca3054d000-7fca308c5000 ---p 00000000 00:00 0 
7fca308c5000-7fca30ac7000 rw-p 00000000 00:00 0 
7fca30ac7000-7fca30ac8000 ---p 00000000 00:00 0 
7fca30ac8000-7fca30bce000 rw-p 00000000 00:00 0 
7fca30bce000-7fca30cb4000 ---p 00000000 00:00 0 
7fca30cb4000-7fca30cb9000 rw-p 00000000 00:00 0 
7fca30cb9000-7fca30d9f000 ---p 00000000 00:00 0 
7fca30d9f000-7fca30da4000 r-xp 00000000 08:05 1196410                    /usr/lib/jvm/java-11-openjdk-amd64/lib/libjimage.so
7fca30da4000-7fca30fa3000 ---p 00005000 08:05 1196410                    /usr/lib/jvm/java-11-openjdk-amd64/lib/libjimage.so
7fca30fa3000-7fca30fa4000 r--p 00004000 08:05 1196410                    /usr/lib/jvm/java-11-openjdk-amd64/lib/libjimage.so
7fca30fa4000-7fca30fa5000 rw-p 00005000 08:05 1196410                    /usr/lib/jvm/java-11-openjdk-amd64/lib/libjimage.so
7fca30fa5000-7fca30fac000 r-xp 00000000 08:05 1196427                    /usr/lib/jvm/java-11-openjdk-amd64/lib/libzip.so
7fca30fac000-7fca311ab000 ---p 00007000 08:05 1196427                    /usr/lib/jvm/java-11-openjdk-amd64/lib/libzip.so
7fca311ab000-7fca311ac000 r--p 00006000 08:05 1196427                    /usr/lib/jvm/java-11-openjdk-amd64/lib/libzip.so
7fca311ac000-7fca311ad000 rw-p 00007000 08:05 1196427                    /usr/lib/jvm/java-11-openjdk-amd64/lib/libzip.so
7fca311ad000-7fca311b8000 r-xp 00000000 08:05 262206                     /lib/x86_64-linux-gnu/libnss_files-2.27.so
7fca311b8000-7fca313b7000 ---p 0000b000 08:05 262206                     /lib/x86_64-linux-gnu/libnss_files-2.27.so
7fca313b7000-7fca313b8000 r--p 0000a000 08:05 262206                     /lib/x86_64-linux-gnu/libnss_files-2.27.so
7fca313b8000-7fca313b9000 rw-p 0000b000 08:05 262206                     /lib/x86_64-linux-gnu/libnss_files-2.27.so
7fca313b9000-7fca313bf000 rw-p 00000000 00:00 0 
7fca313bf000-7fca313d6000 r-xp 00000000 08:05 262200                     /lib/x86_64-linux-gnu/libnsl-2.27.so
7fca313d6000-7fca315d5000 ---p 00017000 08:05 262200                     /lib/x86_64-linux-gnu/libnsl-2.27.so
7fca315d5000-7fca315d6000 r--p 00016000 08:05 262200                     /lib/x86_64-linux-gnu/libnsl-2.27.so
7fca315d6000-7fca315d7000 rw-p 00017000 08:05 262200                     /lib/x86_64-linux-gnu/libnsl-2.27.so
7fca315d7000-7fca315d9000 rw-p 00000000 00:00 0 
7fca315d9000-7fca315e4000 r-xp 00000000 08:05 262210                     /lib/x86_64-linux-gnu/libnss_nis-2.27.so
7fca315e4000-7fca317e3000 ---p 0000b000 08:05 262210                     /lib/x86_64-linux-gnu/libnss_nis-2.27.so
7fca317e3000-7fca317e4000 r--p 0000a000 08:05 262210                     /lib/x86_64-linux-gnu/libnss_nis-2.27.so
7fca317e4000-7fca317e5000 rw-p 0000b000 08:05 262210                     /lib/x86_64-linux-gnu/libnss_nis-2.27.so
7fca317e5000-7fca317ed000 r-xp 00000000 08:05 262202                     /lib/x86_64-linux-gnu/libnss_compat-2.27.so
7fca317ed000-7fca319ed000 ---p 00008000 08:05 262202                     /lib/x86_64-linux-gnu/libnss_compat-2.27.so
7fca319ed000-7fca319ee000 r--p 00008000 08:05 262202                     /lib/x86_64-linux-gnu/libnss_compat-2.27.so
7fca319ee000-7fca319ef000 rw-p 00009000 08:05 262202                     /lib/x86_64-linux-gnu/libnss_compat-2.27.so
7fca319ef000-7fca31a18000 r-xp 00000000 08:05 1196406                    /usr/lib/jvm/java-11-openjdk-amd64/lib/libjava.so
7fca31a18000-7fca31c17000 ---p 00029000 08:05 1196406                    /usr/lib/jvm/java-11-openjdk-amd64/lib/libjava.so
7fca31c17000-7fca31c18000 r--p 00028000 08:05 1196406                    /usr/lib/jvm/java-11-openjdk-amd64/lib/libjava.so
7fca31c18000-7fca31c1a000 rw-p 00029000 08:05 1196406                    /usr/lib/jvm/java-11-openjdk-amd64/lib/libjava.so
7fca31c1a000-7fca31c27000 r-xp 00000000 08:05 1196426                    /usr/lib/jvm/java-11-openjdk-amd64/lib/libverify.so
7fca31c27000-7fca31e26000 ---p 0000d000 08:05 1196426                    /usr/lib/jvm/java-11-openjdk-amd64/lib/libverify.so
7fca31e26000-7fca31e28000 r--p 0000c000 08:05 1196426                    /usr/lib/jvm/java-11-openjdk-amd64/lib/libverify.so
7fca31e28000-7fca31e29000 rw-p 0000e000 08:05 1196426                    /usr/lib/jvm/java-11-openjdk-amd64/lib/libverify.so
7fca31e29000-7fca31e30000 r-xp 00000000 08:05 262231                     /lib/x86_64-linux-gnu/librt-2.27.so
7fca31e30000-7fca3202f000 ---p 00007000 08:05 262231                     /lib/x86_64-linux-gnu/librt-2.27.so
7fca3202f000-7fca32030000 r--p 00006000 08:05 262231                     /lib/x86_64-linux-gnu/librt-2.27.so
7fca32030000-7fca32031000 rw-p 00007000 08:05 262231                     /lib/x86_64-linux-gnu/librt-2.27.so
7fca32031000-7fca32048000 r-xp 00000000 08:05 262315                     /lib/x86_64-linux-gnu/libgcc_s.so.1
7fca32048000-7fca32247000 ---p 00017000 08:05 262315                     /lib/x86_64-linux-gnu/libgcc_s.so.1
7fca32247000-7fca32248000 r--p 00016000 08:05 262315                     /lib/x86_64-linux-gnu/libgcc_s.so.1
7fca32248000-7fca32249000 rw-p 00017000 08:05 262315                     /lib/x86_64-linux-gnu/libgcc_s.so.1
7fca32249000-7fca323e6000 r-xp 00000000 08:05 262192                     /lib/x86_64-linux-gnu/libm-2.27.so
7fca323e6000-7fca325e5000 ---p 0019d000 08:05 262192                     /lib/x86_64-linux-gnu/libm-2.27.so
7fca325e5000-7fca325e6000 r--p 0019c000 08:05 262192                     /lib/x86_64-linux-gnu/libm-2.27.so
7fca325e6000-7fca325e7000 rw-p 0019d000 08:05 262192                     /lib/x86_64-linux-gnu/libm-2.27.so
7fca325e7000-7fca32760000 r-xp 00000000 08:05 791971                     /usr/lib/x86_64-linux-gnu/libstdc++.so.6.0.25
7fca32760000-7fca32960000 ---p 00179000 08:05 791971                     /usr/lib/x86_64-linux-gnu/libstdc++.so.6.0.25
7fca32960000-7fca3296a000 r--p 00179000 08:05 791971                     /usr/lib/x86_64-linux-gnu/libstdc++.so.6.0.25
7fca3296a000-7fca3296c000 rw-p 00183000 08:05 791971                     /usr/lib/x86_64-linux-gnu/libstdc++.so.6.0.25
7fca3296c000-7fca32970000 rw-p 00000000 00:00 0 
7fca32970000-7fca33a3c000 r-xp 00000000 08:05 1333060                    /usr/lib/jvm/java-11-openjdk-amd64/lib/server/libjvm.so
7fca33a3c000-7fca33c3b000 ---p 010cc000 08:05 1333060                    /usr/lib/jvm/java-11-openjdk-amd64/lib/server/libjvm.so
7fca33c3b000-7fca33cf8000 r--p 010cb000 08:05 1333060                    /usr/lib/jvm/java-11-openjdk-amd64/lib/server/libjvm.so
7fca33cf8000-7fca33d31000 rw-p 01188000 08:05 1333060                    /usr/lib/jvm/java-11-openjdk-amd64/lib/server/libjvm.so
7fca33d31000-7fca33d87000 rw-p 00000000 00:00 0 
7fca33d87000-7fca33da1000 r-xp 00000000 08:05 262216                     /lib/x86_64-linux-gnu/libpthread-2.27.so
7fca33da1000-7fca33fa0000 ---p 0001a000 08:05 262216                     /lib/x86_64-linux-gnu/libpthread-2.27.so
7fca33fa0000-7fca33fa1000 r--p 00019000 08:05 262216                     /lib/x86_64-linux-gnu/libpthread-2.27.so
7fca33fa1000-7fca33fa2000 rw-p 0001a000 08:05 262216                     /lib/x86_64-linux-gnu/libpthread-2.27.so
7fca33fa2000-7fca33fa6000 rw-p 00000000 00:00 0 
7fca33fa6000-7fca33fa9000 r-xp 00000000 08:05 262191                     /lib/x86_64-linux-gnu/libdl-2.27.so
7fca33fa9000-7fca341a8000 ---p 00003000 08:05 262191                     /lib/x86_64-linux-gnu/libdl-2.27.so
7fca341a8000-7fca341a9000 r--p 00002000 08:05 262191                     /lib/x86_64-linux-gnu/libdl-2.27.so
7fca341a9000-7fca341aa000 rw-p 00003000 08:05 262191                     /lib/x86_64-linux-gnu/libdl-2.27.so
7fca341aa000-7fca341c6000 r-xp 00000000 08:05 262201                     /lib/x86_64-linux-gnu/libz.so.1.2.11
7fca341c6000-7fca343c5000 ---p 0001c000 08:05 262201                     /lib/x86_64-linux-gnu/libz.so.1.2.11
7fca343c5000-7fca343c6000 r--p 0001b000 08:05 262201                     /lib/x86_64-linux-gnu/libz.so.1.2.11
7fca343c6000-7fca343c7000 rw-p 0001c000 08:05 262201                     /lib/x86_64-linux-gnu/libz.so.1.2.11
7fca343c7000-7fca345ae000 r-xp 00000000 08:05 262183                     /lib/x86_64-linux-gnu/libc-2.27.so
7fca345ae000-7fca347ae000 ---p 001e7000 08:05 262183                     /lib/x86_64-linux-gnu/libc-2.27.so
7fca347ae000-7fca347b2000 r--p 001e7000 08:05 262183                     /lib/x86_64-linux-gnu/libc-2.27.so
7fca347b2000-7fca347b4000 rw-p 001eb000 08:05 262183                     /lib/x86_64-linux-gnu/libc-2.27.so
7fca347b4000-7fca347b8000 rw-p 00000000 00:00 0 
7fca347b8000-7fca347c8000 r-xp 00000000 08:05 1196390                    /usr/lib/jvm/java-11-openjdk-amd64/lib/jli/libjli.so
7fca347c8000-7fca349c7000 ---p 00010000 08:05 1196390                    /usr/lib/jvm/java-11-openjdk-amd64/lib/jli/libjli.so
7fca349c7000-7fca349c8000 r--p 0000f000 08:05 1196390                    /usr/lib/jvm/java-11-openjdk-amd64/lib/jli/libjli.so
7fca349c8000-7fca349c9000 rw-p 00010000 08:05 1196390                    /usr/lib/jvm/java-11-openjdk-amd64/lib/jli/libjli.so
7fca349c9000-7fca349f0000 r-xp 00000000 08:05 262170                     /lib/x86_64-linux-gnu/ld-2.27.so
7fca349f9000-7fca34ad3000 rw-p 00000000 00:00 0 
7fca34ad3000-7fca34ad7000 ---p 00000000 00:00 0 
7fca34ad7000-7fca34bdb000 rw-p 00000000 00:00 0 
7fca34bdb000-7fca34be2000 ---p 00000000 00:00 0 
7fca34be2000-7fca34be4000 r--s 00007000 08:05 1196450                    /usr/share/java/java-atk-wrapper.jar
7fca34be4000-7fca34bec000 rw-s 00000000 08:05 2754723                    /tmp/hsperfdata_esaric/25656
7fca34bec000-7fca34bed000 ---p 00000000 00:00 0 
7fca34bed000-7fca34bee000 r--p 00000000 00:00 0 
7fca34bee000-7fca34bf0000 rw-p 00000000 00:00 0 
7fca34bf0000-7fca34bf1000 r--p 00027000 08:05 262170                     /lib/x86_64-linux-gnu/ld-2.27.so
7fca34bf1000-7fca34bf2000 rw-p 00028000 08:05 262170                     /lib/x86_64-linux-gnu/ld-2.27.so
7fca34bf2000-7fca34bf3000 rw-p 00000000 00:00 0 
7fffaa046000-7fffaa067000 rw-p 00000000 00:00 0                          [stack]
7fffaa160000-7fffaa163000 r--p 00000000 00:00 0                          [vvar]
7fffaa163000-7fffaa165000 r-xp 00000000 00:00 0                          [vdso]
ffffffffff600000-ffffffffff601000 r-xp 00000000 00:00 0                  [vsyscall]


VM Arguments:
java_command: runme 2
java_class_path (initial): .
Launcher Type: SUN_STANDARD

[Global flags]
     intx CICompilerCount                          = 2                                         {product} {ergonomic}
     uint ConcGCThreads                            = 1                                         {product} {ergonomic}
     uint G1ConcRefinementThreads                  = 2                                         {product} {ergonomic}
   size_t G1HeapRegionSize                         = 1048576                                   {product} {ergonomic}
    uintx GCDrainStackTargetSize                   = 64                                        {product} {ergonomic}
   size_t InitialHeapSize                          = 125829120                                 {product} {ergonomic}
   size_t MarkStackSize                            = 4194304                                   {product} {ergonomic}
   size_t MaxHeapSize                              = 1988100096                                {product} {ergonomic}
   size_t MaxNewSize                               = 1192230912                                {product} {ergonomic}
   size_t MinHeapDeltaBytes                        = 1048576                                   {product} {ergonomic}
    uintx NonNMethodCodeHeapSize                   = 5824844                                {pd product} {ergonomic}
    uintx NonProfiledCodeHeapSize                  = 122916698                              {pd product} {ergonomic}
    uintx ProfiledCodeHeapSize                     = 122916698                              {pd product} {ergonomic}
    uintx ReservedCodeCacheSize                    = 251658240                              {pd product} {ergonomic}
     bool SegmentedCodeCache                       = true                                      {product} {ergonomic}
     bool UseCompressedClassPointers               = true                                 {lp64_product} {ergonomic}
     bool UseCompressedOops                        = true                                 {lp64_product} {ergonomic}
     bool UseG1GC                                  = true                                      {product} {ergonomic}

Logging:
Log output configuration:
 #0: stdout all=warning uptime,level,tags
 #1: stderr all=off uptime,level,tags

Environment Variables:
PATH=/home/esaric/bin:/home/esaric/.local/bin:/usr/local/sbin:/usr/local/bin:/usr/sbin:/usr/bin:/sbin:/bin:/usr/games:/usr/local/games:/snap/bin
USERNAME=esaric
LD_LIBRARY_PATH=:/home/esaric/Desktop/NICSLU-master/read_file_java
SHELL=/bin/bash
DISPLAY=:0

Signal Handlers:
SIGSEGV: [libjvm.so+0xde5f50], sa_mask[0]=11111111011111111101111111111110, sa_flags=SA_RESTART|SA_SIGINFO
SIGBUS: [libjvm.so+0xde5f50], sa_mask[0]=11111111011111111101111111111110, sa_flags=SA_RESTART|SA_SIGINFO
SIGFPE: [libjvm.so+0xde5f50], sa_mask[0]=11111111011111111101111111111110, sa_flags=SA_RESTART|SA_SIGINFO
SIGPIPE: [libjvm.so+0xbba5b0], sa_mask[0]=11111111011111111101111111111110, sa_flags=SA_RESTART|SA_SIGINFO
SIGXFSZ: [libjvm.so+0xbba5b0], sa_mask[0]=11111111011111111101111111111110, sa_flags=SA_RESTART|SA_SIGINFO
SIGILL: [libjvm.so+0xde5f50], sa_mask[0]=11111111011111111101111111111110, sa_flags=SA_RESTART|SA_SIGINFO
SIGUSR2: [libjvm.so+0xbba450], sa_mask[0]=00000000000000000000000000000000, sa_flags=SA_RESTART|SA_SIGINFO
SIGHUP: [libjvm.so+0xbba7b0], sa_mask[0]=11111111011111111101111111111110, sa_flags=SA_RESTART|SA_SIGINFO
SIGINT: [libjvm.so+0xbba7b0], sa_mask[0]=11111111011111111101111111111110, sa_flags=SA_RESTART|SA_SIGINFO
SIGTERM: [libjvm.so+0xbba7b0], sa_mask[0]=11111111011111111101111111111110, sa_flags=SA_RESTART|SA_SIGINFO
SIGQUIT: [libjvm.so+0xbba7b0], sa_mask[0]=11111111011111111101111111111110, sa_flags=SA_RESTART|SA_SIGINFO


---------------  S Y S T E M  ---------------

OS:DISTRIB_ID=Ubuntu
DISTRIB_RELEASE=18.04
DISTRIB_CODENAME=bionic
DISTRIB_DESCRIPTION="Ubuntu 18.04.3 LTS"
uname:Linux 4.15.0-66-generic #75-Ubuntu SMP Tue Oct 1 05:24:09 UTC 2019 x86_64
libc:glibc 2.27 NPTL 2.27 
rlimit: STACK 8192k, CORE 0k, NPROC 30144, NOFILE 4096, AS infinity, DATA infinity, FSIZE infinity
load average:1.67 1.44 1.43

/proc/meminfo:
MemTotal:        7761384 kB
MemFree:         2403824 kB
MemAvailable:    4707960 kB
Buffers:          479216 kB
Cached:          2069036 kB
SwapCached:            0 kB
Active:          3531396 kB
Inactive:        1287232 kB
Active(anon):    2271404 kB
Inactive(anon):   161680 kB
Active(file):    1259992 kB
Inactive(file):  1125552 kB
Unevictable:          32 kB
Mlocked:              32 kB
SwapTotal:             0 kB
SwapFree:              0 kB
Dirty:               752 kB
Writeback:             0 kB
AnonPages:       2270444 kB
Mapped:           696440 kB
Shmem:            163736 kB
Slab:             278500 kB
SReclaimable:     221724 kB
SUnreclaim:        56776 kB
KernelStack:       15232 kB
PageTables:        64520 kB
NFS_Unstable:          0 kB
Bounce:                0 kB
WritebackTmp:          0 kB
CommitLimit:     3880692 kB
Committed_AS:    8608712 kB
VmallocTotal:   34359738367 kB
VmallocUsed:           0 kB
VmallocChunk:          0 kB
HardwareCorrupted:     0 kB
AnonHugePages:         0 kB
ShmemHugePages:        0 kB
ShmemPmdMapped:        0 kB
CmaTotal:              0 kB
CmaFree:               0 kB
HugePages_Total:       0
HugePages_Free:        0
HugePages_Rsvd:        0
HugePages_Surp:        0
Hugepagesize:       2048 kB
DirectMap4k:      503836 kB
DirectMap2M:     7471104 kB
DirectMap1G:           0 kB


/proc/sys/kernel/threads-max (system-wide limit on the number of threads):
60289


/proc/sys/vm/max_map_count (maximum number of memory map areas a process may have):
65530


/proc/sys/kernel/pid_max (system-wide limit on number of process identifiers):
32768



container (cgroup) information:
container_type: cgroupv1
cpu_cpuset_cpus: 0-1
cpu_memory_nodes: 0
active_processor_count: 2
cpu_quota: -1
cpu_period: 100000
cpu_shares: -1
memory_limit_in_bytes: -1
memory_and_swap_limit_in_bytes: -2
memory_soft_limit_in_bytes: -1
memory_usage_in_bytes: 4934455296
memory_max_usage_in_bytes: 0

Steal ticks since vm start: 0
Steal ticks percentage since vm start:  0.000

CPU:total 2 (initial active 2) (2 cores per cpu, 1 threads per core) family 20 model 2 stepping 0, cmov, cx8, fxsr, mmx, sse, sse2, sse3, ssse3, popcnt, mmxext, lzcnt, sse4a, tsc, tscinvbit, tscinv
CPU Model and flags from /proc/cpuinfo:
model name	: AMD E-450 APU with Radeon(tm) HD Graphics
flags		: fpu vme de pse tsc msr pae mce cx8 apic sep mtrr pge mca cmov pat pse36 clflush mmx fxsr sse sse2 ht syscall nx mmxext fxsr_opt pdpe1gb rdtscp lm constant_tsc rep_good nopl nonstop_tsc cpuid extd_apicid aperfmperf pni monitor ssse3 cx16 popcnt lahf_lm cmp_legacy svm extapic cr8_legacy abm sse4a misalignsse 3dnowprefetch ibs skinit wdt hw_pstate vmmcall arat npt lbrv svm_lock nrip_save pausefilter

Memory: 4k page, physical 7761384k(2403824k free), swap 0k(0k free)

vm_info: OpenJDK 64-Bit Server VM (11.0.4+11-post-Ubuntu-1ubuntu218.04.3) for linux-amd64 JRE (11.0.4+11-post-Ubuntu-1ubuntu218.04.3), built on Jul 18 2019 18:21:46 by "buildd" with gcc 7.4.0

END.
