#
# A fatal error has been detected by the Java Runtime Environment:
#
#  SIGSEGV (0xb) at pc=0x00007f99a7bcf8b7, pid=25501, tid=25502
#
# JRE version: OpenJDK Runtime Environment (11.0.4+11) (build 11.0.4+11-post-Ubuntu-1ubuntu218.04.3)
# Java VM: OpenJDK 64-Bit Server VM (11.0.4+11-post-Ubuntu-1ubuntu218.04.3, mixed mode, tiered, compressed oops, g1 gc, linux-amd64)
# Problematic frame:
# C  [libdemop.so+0x68b7]  solveMatrix+0x1e0
#
# Core dump will be written. Default location: Core dumps may be processed with "/usr/share/apport/apport %p %s %c %d %P" (or dumping to /home/esaric/Desktop/NICSLU-master/read_file_java/core.25501)
#
# If you would like to submit a bug report, please visit:
#   https://bugs.launchpad.net/ubuntu/+source/openjdk-lts
# The crash happened outside the Java Virtual Machine in native code.
# See problematic frame for where to report the bug.
#

---------------  S U M M A R Y ------------

Command Line: runme 2

Host: AMD E-450 APU with Radeon(tm) HD Graphics, 2 cores, 7G, Ubuntu 18.04.3 LTS
Time: Tue Oct 29 21:41:54 2019 CET elapsed time: 2 seconds (0d 0h 0m 2s)

---------------  T H R E A D  ---------------

Current thread (0x00007f9a00012000):  JavaThread "main" [_thread_in_native, id=25502, stack(0x00007f9a080ab000,0x00007f9a081ac000)]

Stack: [0x00007f9a080ab000,0x00007f9a081ac000],  sp=0x00007f9a081aa630,  free space=1021k
Native frames: (J=compiled Java code, A=aot compiled Java code, j=interpreted, Vv=VM code, C=native code)
C  [libdemop.so+0x68b7]  solveMatrix+0x1e0
C  [libdemop.so+0xa82b]  Java_demopJNI_solveMatrix+0xde
j  demopJNI.solveMatrix(JJJJJJJ)I+0
j  demop.solveMatrix(LSWIGTYPE_p_uint__t;LSWIGTYPE_p_uint__t;LSWIGTYPE_p_uint__t;LSWIGTYPE_p_uint__t;LSWIGTYPE_p_real__t;LSWIGTYPE_p_real__t;LSWIGTYPE_p_real__t;)I+31
j  runme.main([Ljava/lang/String;)V+139
v  ~StubRoutines::call_stub
V  [libjvm.so+0x841c99]
V  [libjvm.so+0x8b9c7d]
V  [libjvm.so+0x8bbd6e]
C  [libjli.so+0x5856]
C  [libjli.so+0x92cd]

Java frames: (J=compiled Java code, j=interpreted, Vv=VM code)
j  demopJNI.solveMatrix(JJJJJJJ)I+0
j  demop.solveMatrix(LSWIGTYPE_p_uint__t;LSWIGTYPE_p_uint__t;LSWIGTYPE_p_uint__t;LSWIGTYPE_p_uint__t;LSWIGTYPE_p_real__t;LSWIGTYPE_p_real__t;LSWIGTYPE_p_real__t;)I+31
j  runme.main([Ljava/lang/String;)V+139
v  ~StubRoutines::call_stub

siginfo: si_signo: 11 (SIGSEGV), si_code: 2 (SEGV_ACCERR), si_addr: 0x00007f9a00396000

Register to memory mapping:

RAX=0x00007f99a6e16090 points into unknown readable memory: 00 00 00 00 00 00 00 00
RBX={method} {0x00007f99dd665758} 'solveMatrix' '(JJJJJJJ)I' in 'demopJNI'
RCX=0x00000000000c2080 is an unknown value
RDX=0x00007f9a00396000 points into unknown readable memory: 00 00 00 00 00 00 00 00
RSP=0x00007f9a081aa630 is pointing into the stack for thread: 0x00007f9a00012000
RBP=0x00007f9a081aa6b0 is pointing into the stack for thread: 0x00007f9a00012000
RSI=0x00007f9a00395fe0 points into unknown readable memory: 00 00 00 00 00 00 00 00
RDI=0x00007f9a07d8ac40: <offset 0x00000000003ebc40> in /lib/x86_64-linux-gnu/libc.so.6 at 0x00007f9a0799f000
R8 =0x0000000000396000 is an unknown value
R9 =0x00000000001840f1 is an unknown value
R10=0xfffffffffffff000 is an unknown value
R11=0x0000000000212000 is an unknown value
R12=0x0 is NULL
R13={method} {0x00007f99dd665758} 'solveMatrix' '(JJJJJJJ)I' in 'demopJNI'
R14=0x00007f9a081aa890 is pointing into the stack for thread: 0x00007f9a00012000
R15=0x00007f9a00012000 is a thread


Registers:
RAX=0x00007f99a6e16090, RBX=0x00007f99dd665758, RCX=0x00000000000c2080, RDX=0x00007f9a00396000
RSP=0x00007f9a081aa630, RBP=0x00007f9a081aa6b0, RSI=0x00007f9a00395fe0, RDI=0x00007f9a07d8ac40
R8 =0x0000000000396000, R9 =0x00000000001840f1, R10=0xfffffffffffff000, R11=0x0000000000212000
R12=0x0000000000000000, R13=0x00007f99dd665758, R14=0x00007f9a081aa890, R15=0x00007f9a00012000
RIP=0x00007f99a7bcf8b7, EFLAGS=0x0000000000010206, CSGSFS=0x002b000000000033, ERR=0x0000000000000004
  TRAPNO=0x000000000000000e

Top of Stack: (sp=0x00007f9a081aa630)
0x00007f9a081aa630:   0000000000000000 00007f99a6d54010
0x00007f9a081aa640:   00007f99a6bcf010 00007f99a6ed9010
0x00007f9a081aa650:   00007f99dc173010 00007f99a7621010
0x00007f9a081aa660:   00007f9a0020e700 00007f9a0020e6e0 

Instructions: (pc=0x00007f99a7bcf8b7)
0x00007f99a7bcf7b7:   01 c8 f2 0f 10 02 f2 0f 11 00 48 8b 45 d8 8b 55
0x00007f99a7bcf7c7:   c8 48 63 d2 48 c1 e2 02 48 01 d0 8b 55 c8 48 63
0x00007f99a7bcf7d7:   d2 48 8d 0c 95 00 00 00 00 48 8b 55 a8 48 01 ca
0x00007f99a7bcf7e7:   8b 00 89 02 48 8b 45 b8 8b 10 8b 45 c8 39 c2 72
0x00007f99a7bcf7f7:   2a 48 8b 45 d0 8b 55 c8 48 63 d2 48 c1 e2 02 48
0x00007f99a7bcf807:   01 d0 8b 55 c8 48 63 d2 48 8d 0c 95 00 00 00 00
0x00007f99a7bcf817:   48 8b 55 a0 48 01 ca 8b 00 89 02 83 45 c8 01 48
0x00007f99a7bcf827:   8b 45 b0 8b 10 8b 45 c8 39 c2 0f 87 5d ff ff ff
0x00007f99a7bcf837:   48 8b 45 b8 8b 00 01 c0 89 c0 48 c1 e0 03 48 89
0x00007f99a7bcf847:   c7 e8 63 fa ff ff 48 89 45 e8 48 8b 45 b8 8b 00
0x00007f99a7bcf857:   89 c0 48 8d 14 c5 00 00 00 00 48 8b 45 e8 48 01
0x00007f99a7bcf867:   d0 48 89 45 f0 c7 45 c4 00 00 00 00 eb 4e 8b 45
0x00007f99a7bcf877:   c4 48 8d 14 c5 00 00 00 00 48 8b 45 90 48 01 d0
0x00007f99a7bcf887:   f2 0f 10 05 a9 37 01 00 f2 0f 11 00 8b 45 c4 48
0x00007f99a7bcf897:   8d 14 c5 00 00 00 00 48 8b 45 f0 48 01 c2 8b 45
0x00007f99a7bcf8a7:   c4 48 8d 0c c5 00 00 00 00 48 8b 45 88 48 01 c8
0x00007f99a7bcf8b7:   f2 0f 10 02 f2 0f 11 00 83 45 c4 01 48 8b 45 b8
0x00007f99a7bcf8c7:   8b 00 01 c0 39 45 c4 72 a5 b8 01 00 00 00 48 8b
0x00007f99a7bcf8d7:   75 f8 64 48 33 34 25 28 00 00 00 74 05 e8 c7 f6
0x00007f99a7bcf8e7:   ff ff c9 c3 55 48 89 e5 48 83 ec 30 48 89 7d e8
0x00007f99a7bcf8f7:   89 75 e4 48 89 55 d8 48 8d 05 fb 83 21 00 48 89
0x00007f99a7bcf907:   45 f0 eb 05 48 83 45 f0 10 48 8b 45 f0 8b 00 39
0x00007f99a7bcf917:   45 e4 74 0a 48 8b 45 f0 8b 00 85 c0 75 e6 48 8b
0x00007f99a7bcf927:   45 e8 48 8b 00 48 8b 80 88 00 00 00 48 8b 55 e8
0x00007f99a7bcf937:   48 89 d7 ff d0 48 8b 45 e8 48 8b 00 48 8b 40 30
0x00007f99a7bcf947:   48 8b 55 f0 48 8b 4a 08 48 8b 55 e8 48 89 ce 48
0x00007f99a7bcf957:   89 d7 ff d0 48 89 45 f8 48 83 7d f8 00 74 1c 48
0x00007f99a7bcf967:   8b 45 e8 48 8b 00 48 8b 40 70 48 8b 55 d8 48 8b
0x00007f99a7bcf977:   75 f8 48 8b 4d e8 48 89 cf ff d0 90 c9 c3 55 48
0x00007f99a7bcf987:   89 e5 48 83 ec 10 89 7d fc 8b 45 fc 48 98 be 04
0x00007f99a7bcf997:   00 00 00 48 89 c7 e8 de f7 ff ff c9 c3 55 48 89
0x00007f99a7bcf9a7:   e5 48 83 ec 10 48 89 7d f8 48 8b 45 f8 48 89 c7 


Stack slot to memory mapping:
stack at sp + 0 slots: 0x0 is NULL
stack at sp + 1 slots: 0x00007f99a6d54010 points into unknown readable memory: 00 00 00 00 00 00 00 00
stack at sp + 2 slots: 0x00007f99a6bcf010 points into unknown readable memory: 00 00 00 00 00 00 f0 3f
stack at sp + 3 slots: 0x00007f99a6ed9010 points into unknown readable memory: 0b 6b 50 21 44 1f 39 3f
stack at sp + 4 slots: 0x00007f99dc173010 points into unknown readable memory: 00 00 00 00 03 00 00 00
stack at sp + 5 slots: 0x00007f99a7621010 points into unknown readable memory: 00 00 00 00 ab 2d 00 00
stack at sp + 6 slots: 0x00007f9a0020e700 points into unknown readable memory: 33 8f 0e 00 00 00 00 00
stack at sp + 7 slots: 0x00007f9a0020e6e0 points into unknown readable memory: 0c 84 01 00 00 00 00 00


---------------  P R O C E S S  ---------------

Threads class SMR info:
_java_thread_list=0x00007f9a001fe9b0, length=9, elements={
0x00007f9a00012000, 0x00007f9a0012e800, 0x00007f9a00133000, 0x00007f9a00146800,
0x00007f9a00148800, 0x00007f9a0014a800, 0x00007f9a0014c800, 0x00007f9a001ed800,
0x00007f9a001fd000
}

Java Threads: ( => current thread )
=>0x00007f9a00012000 JavaThread "main" [_thread_in_native, id=25502, stack(0x00007f9a080ab000,0x00007f9a081ac000)]
  0x00007f9a0012e800 JavaThread "Reference Handler" daemon [_thread_blocked, id=25509, stack(0x00007f99dd050000,0x00007f99dd151000)]
  0x00007f9a00133000 JavaThread "Finalizer" daemon [_thread_blocked, id=25510, stack(0x00007f99dcf4f000,0x00007f99dd050000)]
  0x00007f9a00146800 JavaThread "Signal Dispatcher" daemon [_thread_blocked, id=25511, stack(0x00007f99dc9ed000,0x00007f99dcaee000)]
  0x00007f9a00148800 JavaThread "C2 CompilerThread0" daemon [_thread_blocked, id=25512, stack(0x00007f99dc8ec000,0x00007f99dc9ed000)]
  0x00007f9a0014a800 JavaThread "C1 CompilerThread0" daemon [_thread_blocked, id=25513, stack(0x00007f99dc7eb000,0x00007f99dc8ec000)]
  0x00007f9a0014c800 JavaThread "Sweeper thread" daemon [_thread_blocked, id=25514, stack(0x00007f99dc6ea000,0x00007f99dc7eb000)]
  0x00007f9a001ed800 JavaThread "Service Thread" daemon [_thread_blocked, id=25515, stack(0x00007f99dc5e9000,0x00007f99dc6ea000)]
  0x00007f9a001fd000 JavaThread "Common-Cleaner" daemon [_thread_blocked, id=25517, stack(0x00007f99dc3e6000,0x00007f99dc4e7000)]

Other Threads:
  0x00007f9a00126800 VMThread "VM Thread" [stack: 0x00007f99dd153000,0x00007f99dd253000] [id=25508]
  0x00007f9a001f0000 WatcherThread [stack: 0x00007f99dc4e9000,0x00007f99dc5e9000] [id=25516]
  0x00007f9a00028000 GCTaskThread "GC Thread#0" [stack: 0x00007f9a040a1000,0x00007f9a041a1000] [id=25503]
  0x00007f9a00057000 ConcurrentGCThread "G1 Main Marker" [stack: 0x00007f99e82a0000,0x00007f99e83a0000] [id=25504]
  0x00007f9a00059000 ConcurrentGCThread "G1 Conc#0" [stack: 0x00007f99e819e000,0x00007f99e829e000] [id=25505]
  0x00007f9a000c5800 ConcurrentGCThread "G1 Refine#0" [stack: 0x00007f99ddb57000,0x00007f99ddc57000] [id=25506]
  0x00007f9a000c7800 ConcurrentGCThread "G1 Young RemSet Sampling" [stack: 0x00007f99dda55000,0x00007f99ddb55000] [id=25507]

Threads with active compile tasks:

VM state:not at safepoint (normal execution)

VM Mutex/Monitor currently owned by a thread: None

Heap address: 0x0000000089800000, size: 1896 MB, Compressed Oops mode: 32-bit
Narrow klass base: 0x0000000000000000, Narrow klass shift: 3
Compressed class space size: 1073741824 Address: 0x0000000100000000

Heap:
 garbage-first heap   total 122880K, used 0K [0x0000000089800000, 0x0000000100000000)
  region size 1024K, 1 young (1024K), 0 survivors (0K)
 Metaspace       used 3825K, capacity 4566K, committed 4864K, reserved 1056768K
  class space    used 338K, capacity 390K, committed 512K, reserved 1048576K
Heap Regions: E=young(eden), S=young(survivor), O=old, HS=humongous(starts), HC=humongous(continues), CS=collection set, F=free, A=archive, TAMS=top-at-mark-start (previous, next)
|   0|0x0000000089800000, 0x0000000089800000, 0x0000000089900000|  0%| F|  |TAMS 0x0000000089800000, 0x0000000089800000| Untracked 
|   1|0x0000000089900000, 0x0000000089900000, 0x0000000089a00000|  0%| F|  |TAMS 0x0000000089900000, 0x0000000089900000| Untracked 
|   2|0x0000000089a00000, 0x0000000089a00000, 0x0000000089b00000|  0%| F|  |TAMS 0x0000000089a00000, 0x0000000089a00000| Untracked 
|   3|0x0000000089b00000, 0x0000000089b00000, 0x0000000089c00000|  0%| F|  |TAMS 0x0000000089b00000, 0x0000000089b00000| Untracked 
|   4|0x0000000089c00000, 0x0000000089c00000, 0x0000000089d00000|  0%| F|  |TAMS 0x0000000089c00000, 0x0000000089c00000| Untracked 
|   5|0x0000000089d00000, 0x0000000089d00000, 0x0000000089e00000|  0%| F|  |TAMS 0x0000000089d00000, 0x0000000089d00000| Untracked 
|   6|0x0000000089e00000, 0x0000000089e00000, 0x0000000089f00000|  0%| F|  |TAMS 0x0000000089e00000, 0x0000000089e00000| Untracked 
|   7|0x0000000089f00000, 0x0000000089f00000, 0x000000008a000000|  0%| F|  |TAMS 0x0000000089f00000, 0x0000000089f00000| Untracked 
|   8|0x000000008a000000, 0x000000008a000000, 0x000000008a100000|  0%| F|  |TAMS 0x000000008a000000, 0x000000008a000000| Untracked 
|   9|0x000000008a100000, 0x000000008a100000, 0x000000008a200000|  0%| F|  |TAMS 0x000000008a100000, 0x000000008a100000| Untracked 
|  10|0x000000008a200000, 0x000000008a200000, 0x000000008a300000|  0%| F|  |TAMS 0x000000008a200000, 0x000000008a200000| Untracked 
|  11|0x000000008a300000, 0x000000008a300000, 0x000000008a400000|  0%| F|  |TAMS 0x000000008a300000, 0x000000008a300000| Untracked 
|  12|0x000000008a400000, 0x000000008a400000, 0x000000008a500000|  0%| F|  |TAMS 0x000000008a400000, 0x000000008a400000| Untracked 
|  13|0x000000008a500000, 0x000000008a500000, 0x000000008a600000|  0%| F|  |TAMS 0x000000008a500000, 0x000000008a500000| Untracked 
|  14|0x000000008a600000, 0x000000008a600000, 0x000000008a700000|  0%| F|  |TAMS 0x000000008a600000, 0x000000008a600000| Untracked 
|  15|0x000000008a700000, 0x000000008a700000, 0x000000008a800000|  0%| F|  |TAMS 0x000000008a700000, 0x000000008a700000| Untracked 
|  16|0x000000008a800000, 0x000000008a800000, 0x000000008a900000|  0%| F|  |TAMS 0x000000008a800000, 0x000000008a800000| Untracked 
|  17|0x000000008a900000, 0x000000008a900000, 0x000000008aa00000|  0%| F|  |TAMS 0x000000008a900000, 0x000000008a900000| Untracked 
|  18|0x000000008aa00000, 0x000000008aa00000, 0x000000008ab00000|  0%| F|  |TAMS 0x000000008aa00000, 0x000000008aa00000| Untracked 
|  19|0x000000008ab00000, 0x000000008ab00000, 0x000000008ac00000|  0%| F|  |TAMS 0x000000008ab00000, 0x000000008ab00000| Untracked 
|  20|0x000000008ac00000, 0x000000008ac00000, 0x000000008ad00000|  0%| F|  |TAMS 0x000000008ac00000, 0x000000008ac00000| Untracked 
|  21|0x000000008ad00000, 0x000000008ad00000, 0x000000008ae00000|  0%| F|  |TAMS 0x000000008ad00000, 0x000000008ad00000| Untracked 
|  22|0x000000008ae00000, 0x000000008ae00000, 0x000000008af00000|  0%| F|  |TAMS 0x000000008ae00000, 0x000000008ae00000| Untracked 
|  23|0x000000008af00000, 0x000000008af00000, 0x000000008b000000|  0%| F|  |TAMS 0x000000008af00000, 0x000000008af00000| Untracked 
|  24|0x000000008b000000, 0x000000008b000000, 0x000000008b100000|  0%| F|  |TAMS 0x000000008b000000, 0x000000008b000000| Untracked 
|  25|0x000000008b100000, 0x000000008b100000, 0x000000008b200000|  0%| F|  |TAMS 0x000000008b100000, 0x000000008b100000| Untracked 
|  26|0x000000008b200000, 0x000000008b200000, 0x000000008b300000|  0%| F|  |TAMS 0x000000008b200000, 0x000000008b200000| Untracked 
|  27|0x000000008b300000, 0x000000008b300000, 0x000000008b400000|  0%| F|  |TAMS 0x000000008b300000, 0x000000008b300000| Untracked 
|  28|0x000000008b400000, 0x000000008b400000, 0x000000008b500000|  0%| F|  |TAMS 0x000000008b400000, 0x000000008b400000| Untracked 
|  29|0x000000008b500000, 0x000000008b500000, 0x000000008b600000|  0%| F|  |TAMS 0x000000008b500000, 0x000000008b500000| Untracked 
|  30|0x000000008b600000, 0x000000008b600000, 0x000000008b700000|  0%| F|  |TAMS 0x000000008b600000, 0x000000008b600000| Untracked 
|  31|0x000000008b700000, 0x000000008b700000, 0x000000008b800000|  0%| F|  |TAMS 0x000000008b700000, 0x000000008b700000| Untracked 
|  32|0x000000008b800000, 0x000000008b800000, 0x000000008b900000|  0%| F|  |TAMS 0x000000008b800000, 0x000000008b800000| Untracked 
|  33|0x000000008b900000, 0x000000008b900000, 0x000000008ba00000|  0%| F|  |TAMS 0x000000008b900000, 0x000000008b900000| Untracked 
|  34|0x000000008ba00000, 0x000000008ba00000, 0x000000008bb00000|  0%| F|  |TAMS 0x000000008ba00000, 0x000000008ba00000| Untracked 
|  35|0x000000008bb00000, 0x000000008bb00000, 0x000000008bc00000|  0%| F|  |TAMS 0x000000008bb00000, 0x000000008bb00000| Untracked 
|  36|0x000000008bc00000, 0x000000008bc00000, 0x000000008bd00000|  0%| F|  |TAMS 0x000000008bc00000, 0x000000008bc00000| Untracked 
|  37|0x000000008bd00000, 0x000000008bd00000, 0x000000008be00000|  0%| F|  |TAMS 0x000000008bd00000, 0x000000008bd00000| Untracked 
|  38|0x000000008be00000, 0x000000008be00000, 0x000000008bf00000|  0%| F|  |TAMS 0x000000008be00000, 0x000000008be00000| Untracked 
|  39|0x000000008bf00000, 0x000000008bf00000, 0x000000008c000000|  0%| F|  |TAMS 0x000000008bf00000, 0x000000008bf00000| Untracked 
|  40|0x000000008c000000, 0x000000008c000000, 0x000000008c100000|  0%| F|  |TAMS 0x000000008c000000, 0x000000008c000000| Untracked 
|  41|0x000000008c100000, 0x000000008c100000, 0x000000008c200000|  0%| F|  |TAMS 0x000000008c100000, 0x000000008c100000| Untracked 
|  42|0x000000008c200000, 0x000000008c200000, 0x000000008c300000|  0%| F|  |TAMS 0x000000008c200000, 0x000000008c200000| Untracked 
|  43|0x000000008c300000, 0x000000008c300000, 0x000000008c400000|  0%| F|  |TAMS 0x000000008c300000, 0x000000008c300000| Untracked 
|  44|0x000000008c400000, 0x000000008c400000, 0x000000008c500000|  0%| F|  |TAMS 0x000000008c400000, 0x000000008c400000| Untracked 
|  45|0x000000008c500000, 0x000000008c500000, 0x000000008c600000|  0%| F|  |TAMS 0x000000008c500000, 0x000000008c500000| Untracked 
|  46|0x000000008c600000, 0x000000008c600000, 0x000000008c700000|  0%| F|  |TAMS 0x000000008c600000, 0x000000008c600000| Untracked 
|  47|0x000000008c700000, 0x000000008c700000, 0x000000008c800000|  0%| F|  |TAMS 0x000000008c700000, 0x000000008c700000| Untracked 
|  48|0x000000008c800000, 0x000000008c800000, 0x000000008c900000|  0%| F|  |TAMS 0x000000008c800000, 0x000000008c800000| Untracked 
|  49|0x000000008c900000, 0x000000008c900000, 0x000000008ca00000|  0%| F|  |TAMS 0x000000008c900000, 0x000000008c900000| Untracked 
|  50|0x000000008ca00000, 0x000000008ca00000, 0x000000008cb00000|  0%| F|  |TAMS 0x000000008ca00000, 0x000000008ca00000| Untracked 
|  51|0x000000008cb00000, 0x000000008cb00000, 0x000000008cc00000|  0%| F|  |TAMS 0x000000008cb00000, 0x000000008cb00000| Untracked 
|  52|0x000000008cc00000, 0x000000008cc00000, 0x000000008cd00000|  0%| F|  |TAMS 0x000000008cc00000, 0x000000008cc00000| Untracked 
|  53|0x000000008cd00000, 0x000000008cd00000, 0x000000008ce00000|  0%| F|  |TAMS 0x000000008cd00000, 0x000000008cd00000| Untracked 
|  54|0x000000008ce00000, 0x000000008ce00000, 0x000000008cf00000|  0%| F|  |TAMS 0x000000008ce00000, 0x000000008ce00000| Untracked 
|  55|0x000000008cf00000, 0x000000008cf00000, 0x000000008d000000|  0%| F|  |TAMS 0x000000008cf00000, 0x000000008cf00000| Untracked 
|  56|0x000000008d000000, 0x000000008d000000, 0x000000008d100000|  0%| F|  |TAMS 0x000000008d000000, 0x000000008d000000| Untracked 
|  57|0x000000008d100000, 0x000000008d100000, 0x000000008d200000|  0%| F|  |TAMS 0x000000008d100000, 0x000000008d100000| Untracked 
|  58|0x000000008d200000, 0x000000008d200000, 0x000000008d300000|  0%| F|  |TAMS 0x000000008d200000, 0x000000008d200000| Untracked 
|  59|0x000000008d300000, 0x000000008d300000, 0x000000008d400000|  0%| F|  |TAMS 0x000000008d300000, 0x000000008d300000| Untracked 
|  60|0x000000008d400000, 0x000000008d400000, 0x000000008d500000|  0%| F|  |TAMS 0x000000008d400000, 0x000000008d400000| Untracked 
|  61|0x000000008d500000, 0x000000008d500000, 0x000000008d600000|  0%| F|  |TAMS 0x000000008d500000, 0x000000008d500000| Untracked 
|  62|0x000000008d600000, 0x000000008d600000, 0x000000008d700000|  0%| F|  |TAMS 0x000000008d600000, 0x000000008d600000| Untracked 
|  63|0x000000008d700000, 0x000000008d700000, 0x000000008d800000|  0%| F|  |TAMS 0x000000008d700000, 0x000000008d700000| Untracked 
|  64|0x000000008d800000, 0x000000008d800000, 0x000000008d900000|  0%| F|  |TAMS 0x000000008d800000, 0x000000008d800000| Untracked 
|  65|0x000000008d900000, 0x000000008d900000, 0x000000008da00000|  0%| F|  |TAMS 0x000000008d900000, 0x000000008d900000| Untracked 
|  66|0x000000008da00000, 0x000000008da00000, 0x000000008db00000|  0%| F|  |TAMS 0x000000008da00000, 0x000000008da00000| Untracked 
|  67|0x000000008db00000, 0x000000008db00000, 0x000000008dc00000|  0%| F|  |TAMS 0x000000008db00000, 0x000000008db00000| Untracked 
|  68|0x000000008dc00000, 0x000000008dc00000, 0x000000008dd00000|  0%| F|  |TAMS 0x000000008dc00000, 0x000000008dc00000| Untracked 
|  69|0x000000008dd00000, 0x000000008dd00000, 0x000000008de00000|  0%| F|  |TAMS 0x000000008dd00000, 0x000000008dd00000| Untracked 
|  70|0x000000008de00000, 0x000000008de00000, 0x000000008df00000|  0%| F|  |TAMS 0x000000008de00000, 0x000000008de00000| Untracked 
|  71|0x000000008df00000, 0x000000008df00000, 0x000000008e000000|  0%| F|  |TAMS 0x000000008df00000, 0x000000008df00000| Untracked 
|  72|0x000000008e000000, 0x000000008e000000, 0x000000008e100000|  0%| F|  |TAMS 0x000000008e000000, 0x000000008e000000| Untracked 
|  73|0x000000008e100000, 0x000000008e100000, 0x000000008e200000|  0%| F|  |TAMS 0x000000008e100000, 0x000000008e100000| Untracked 
|  74|0x000000008e200000, 0x000000008e200000, 0x000000008e300000|  0%| F|  |TAMS 0x000000008e200000, 0x000000008e200000| Untracked 
|  75|0x000000008e300000, 0x000000008e300000, 0x000000008e400000|  0%| F|  |TAMS 0x000000008e300000, 0x000000008e300000| Untracked 
|  76|0x000000008e400000, 0x000000008e400000, 0x000000008e500000|  0%| F|  |TAMS 0x000000008e400000, 0x000000008e400000| Untracked 
|  77|0x000000008e500000, 0x000000008e500000, 0x000000008e600000|  0%| F|  |TAMS 0x000000008e500000, 0x000000008e500000| Untracked 
|  78|0x000000008e600000, 0x000000008e600000, 0x000000008e700000|  0%| F|  |TAMS 0x000000008e600000, 0x000000008e600000| Untracked 
|  79|0x000000008e700000, 0x000000008e700000, 0x000000008e800000|  0%| F|  |TAMS 0x000000008e700000, 0x000000008e700000| Untracked 
|  80|0x000000008e800000, 0x000000008e800000, 0x000000008e900000|  0%| F|  |TAMS 0x000000008e800000, 0x000000008e800000| Untracked 
|  81|0x000000008e900000, 0x000000008e900000, 0x000000008ea00000|  0%| F|  |TAMS 0x000000008e900000, 0x000000008e900000| Untracked 
|  82|0x000000008ea00000, 0x000000008ea00000, 0x000000008eb00000|  0%| F|  |TAMS 0x000000008ea00000, 0x000000008ea00000| Untracked 
|  83|0x000000008eb00000, 0x000000008eb00000, 0x000000008ec00000|  0%| F|  |TAMS 0x000000008eb00000, 0x000000008eb00000| Untracked 
|  84|0x000000008ec00000, 0x000000008ec00000, 0x000000008ed00000|  0%| F|  |TAMS 0x000000008ec00000, 0x000000008ec00000| Untracked 
|  85|0x000000008ed00000, 0x000000008ed00000, 0x000000008ee00000|  0%| F|  |TAMS 0x000000008ed00000, 0x000000008ed00000| Untracked 
|  86|0x000000008ee00000, 0x000000008ee00000, 0x000000008ef00000|  0%| F|  |TAMS 0x000000008ee00000, 0x000000008ee00000| Untracked 
|  87|0x000000008ef00000, 0x000000008ef00000, 0x000000008f000000|  0%| F|  |TAMS 0x000000008ef00000, 0x000000008ef00000| Untracked 
|  88|0x000000008f000000, 0x000000008f000000, 0x000000008f100000|  0%| F|  |TAMS 0x000000008f000000, 0x000000008f000000| Untracked 
|  89|0x000000008f100000, 0x000000008f100000, 0x000000008f200000|  0%| F|  |TAMS 0x000000008f100000, 0x000000008f100000| Untracked 
|  90|0x000000008f200000, 0x000000008f200000, 0x000000008f300000|  0%| F|  |TAMS 0x000000008f200000, 0x000000008f200000| Untracked 
|  91|0x000000008f300000, 0x000000008f300000, 0x000000008f400000|  0%| F|  |TAMS 0x000000008f300000, 0x000000008f300000| Untracked 
|  92|0x000000008f400000, 0x000000008f400000, 0x000000008f500000|  0%| F|  |TAMS 0x000000008f400000, 0x000000008f400000| Untracked 
|  93|0x000000008f500000, 0x000000008f500000, 0x000000008f600000|  0%| F|  |TAMS 0x000000008f500000, 0x000000008f500000| Untracked 
|  94|0x000000008f600000, 0x000000008f600000, 0x000000008f700000|  0%| F|  |TAMS 0x000000008f600000, 0x000000008f600000| Untracked 
|  95|0x000000008f700000, 0x000000008f700000, 0x000000008f800000|  0%| F|  |TAMS 0x000000008f700000, 0x000000008f700000| Untracked 
|  96|0x000000008f800000, 0x000000008f800000, 0x000000008f900000|  0%| F|  |TAMS 0x000000008f800000, 0x000000008f800000| Untracked 
|  97|0x000000008f900000, 0x000000008f900000, 0x000000008fa00000|  0%| F|  |TAMS 0x000000008f900000, 0x000000008f900000| Untracked 
|  98|0x000000008fa00000, 0x000000008fa00000, 0x000000008fb00000|  0%| F|  |TAMS 0x000000008fa00000, 0x000000008fa00000| Untracked 
|  99|0x000000008fb00000, 0x000000008fb00000, 0x000000008fc00000|  0%| F|  |TAMS 0x000000008fb00000, 0x000000008fb00000| Untracked 
| 100|0x000000008fc00000, 0x000000008fc00000, 0x000000008fd00000|  0%| F|  |TAMS 0x000000008fc00000, 0x000000008fc00000| Untracked 
| 101|0x000000008fd00000, 0x000000008fd00000, 0x000000008fe00000|  0%| F|  |TAMS 0x000000008fd00000, 0x000000008fd00000| Untracked 
| 102|0x000000008fe00000, 0x000000008fe00000, 0x000000008ff00000|  0%| F|  |TAMS 0x000000008fe00000, 0x000000008fe00000| Untracked 
| 103|0x000000008ff00000, 0x000000008ff00000, 0x0000000090000000|  0%| F|  |TAMS 0x000000008ff00000, 0x000000008ff00000| Untracked 
| 104|0x0000000090000000, 0x0000000090000000, 0x0000000090100000|  0%| F|  |TAMS 0x0000000090000000, 0x0000000090000000| Untracked 
| 105|0x0000000090100000, 0x0000000090100000, 0x0000000090200000|  0%| F|  |TAMS 0x0000000090100000, 0x0000000090100000| Untracked 
| 106|0x0000000090200000, 0x0000000090200000, 0x0000000090300000|  0%| F|  |TAMS 0x0000000090200000, 0x0000000090200000| Untracked 
| 107|0x0000000090300000, 0x0000000090300000, 0x0000000090400000|  0%| F|  |TAMS 0x0000000090300000, 0x0000000090300000| Untracked 
| 108|0x0000000090400000, 0x0000000090400000, 0x0000000090500000|  0%| F|  |TAMS 0x0000000090400000, 0x0000000090400000| Untracked 
| 109|0x0000000090500000, 0x0000000090500000, 0x0000000090600000|  0%| F|  |TAMS 0x0000000090500000, 0x0000000090500000| Untracked 
| 110|0x0000000090600000, 0x0000000090600000, 0x0000000090700000|  0%| F|  |TAMS 0x0000000090600000, 0x0000000090600000| Untracked 
| 111|0x0000000090700000, 0x0000000090700000, 0x0000000090800000|  0%| F|  |TAMS 0x0000000090700000, 0x0000000090700000| Untracked 
| 112|0x0000000090800000, 0x0000000090800000, 0x0000000090900000|  0%| F|  |TAMS 0x0000000090800000, 0x0000000090800000| Untracked 
| 113|0x0000000090900000, 0x0000000090900000, 0x0000000090a00000|  0%| F|  |TAMS 0x0000000090900000, 0x0000000090900000| Untracked 
| 114|0x0000000090a00000, 0x0000000090a00000, 0x0000000090b00000|  0%| F|  |TAMS 0x0000000090a00000, 0x0000000090a00000| Untracked 
| 115|0x0000000090b00000, 0x0000000090b00000, 0x0000000090c00000|  0%| F|  |TAMS 0x0000000090b00000, 0x0000000090b00000| Untracked 
| 116|0x0000000090c00000, 0x0000000090c00000, 0x0000000090d00000|  0%| F|  |TAMS 0x0000000090c00000, 0x0000000090c00000| Untracked 
| 117|0x0000000090d00000, 0x0000000090d00000, 0x0000000090e00000|  0%| F|  |TAMS 0x0000000090d00000, 0x0000000090d00000| Untracked 
| 118|0x0000000090e00000, 0x0000000090e00000, 0x0000000090f00000|  0%| F|  |TAMS 0x0000000090e00000, 0x0000000090e00000| Untracked 
| 119|0x0000000090f00000, 0x0000000090ffbf68, 0x0000000091000000| 98%| E|  |TAMS 0x0000000090f00000, 0x0000000090f00000| Complete 

Card table byte_map: [0x00007f99e3c4c000,0x00007f99e4000000] _byte_map_base: 0x00007f99e3800000

Marking Bits (Prev, Next): (CMBitMap*) 0x00007f9a0004efd8, (CMBitMap*) 0x00007f9a0004f010
 Prev Bits: [0x00007f99e1af8000, 0x00007f99e3898000)
 Next Bits: [0x00007f99dfd58000, 0x00007f99e1af8000)

Polling page: 0x00007f9a081c4000

Metaspace:

Usage:
  Non-class:      4.08 MB capacity,     3.40 MB ( 83%) used,   689.38 KB ( 17%) free+waste,   384 bytes ( <1%) overhead. 
      Class:    390.00 KB capacity,   338.78 KB ( 87%) used,    50.97 KB ( 13%) free+waste,   256 bytes ( <1%) overhead. 
       Both:      4.46 MB capacity,     3.74 MB ( 84%) used,   740.34 KB ( 16%) free+waste,   640 bytes ( <1%) overhead. 

Virtual space:
  Non-class space:        8.00 MB reserved,       4.25 MB ( 53%) committed 
      Class space:        1.00 GB reserved,     512.00 KB ( <1%) committed 
             Both:        1.01 GB reserved,       4.75 MB ( <1%) committed 

Chunk freelists:
   Non-Class:  36.00 KB
       Class:  0 bytes
        Both:  36.00 KB

CodeHeap 'non-profiled nmethods': size=120036Kb used=19Kb max_used=19Kb free=120017Kb
 bounds [0x00007f99f041d000, 0x00007f99f068d000, 0x00007f99f7956000]
CodeHeap 'profiled nmethods': size=120032Kb used=109Kb max_used=109Kb free=119922Kb
 bounds [0x00007f99e8ee5000, 0x00007f99e9155000, 0x00007f99f041d000]
CodeHeap 'non-nmethods': size=5692Kb used=989Kb max_used=989Kb free=4702Kb
 bounds [0x00007f99e8956000, 0x00007f99e8bc6000, 0x00007f99e8ee5000]
 total_blobs=397 nmethods=83 adapters=178
 compilation: enabled
              stopped_count=0, restarted_count=0
 full_count=0

Compilation events (10 events):
Event: 0.360 Thread 0x00007f9a0014a800   79       1       java.lang.Object::<init> (1 bytes)
Event: 0.360 Thread 0x00007f9a0014a800 nmethod 79 0x00007f99f0421890 code [0x00007f99f0421a40, 0x00007f99f0421b50]
Event: 0.363 Thread 0x00007f9a0014a800   80       3       java.lang.String::indexOf (7 bytes)
Event: 0.364 Thread 0x00007f9a0014a800 nmethod 80 0x00007f99e8eff010 code [0x00007f99e8eff200, 0x00007f99e8eff538]
Event: 0.365 Thread 0x00007f9a0014a800   81       3       java.lang.AbstractStringBuilder::putStringAt (29 bytes)
Event: 0.366 Thread 0x00007f9a0014a800 nmethod 81 0x00007f99e8eff690 code [0x00007f99e8eff880, 0x00007f99e8effbd8]
Event: 0.366 Thread 0x00007f9a0014a800   82       3       java.lang.AbstractStringBuilder::getCoder (15 bytes)
Event: 0.367 Thread 0x00007f9a0014a800 nmethod 82 0x00007f99e8effd10 code [0x00007f99e8effec0, 0x00007f99e8f00050]
Event: 0.367 Thread 0x00007f9a0014a800   83       3       java.lang.StringBuilder::append (8 bytes)
Event: 0.368 Thread 0x00007f9a0014a800 nmethod 83 0x00007f99e8f00110 code [0x00007f99e8f002c0, 0x00007f99e8f00468]

GC Heap History (0 events):
No events

Deoptimization events (4 events):
Event: 0.301 Thread 0x00007f9a00012000 Uncommon trap: trap_request=0xffffff4d fr.pc=0x00007f99f0420b98 relative=0x0000000000000178
Event: 0.301 Thread 0x00007f9a00012000 Uncommon trap: reason=unstable_if action=reinterpret pc=0x00007f99f0420b98 method=java.lang.String.hashCode()I @ 14 c2
Event: 0.301 Thread 0x00007f9a00012000 DEOPT PACKING pc=0x00007f99f0420b98 sp=0x00007f9a081a91a0
Event: 0.301 Thread 0x00007f9a00012000 DEOPT UNPACKING pc=0x00007f99e897d89f sp=0x00007f9a081a9158 mode 2

Classes redefined (0 events):
No events

Internal exceptions (0 events):
No events

Events (10 events):
Event: 0.359 loading class doubleArray
Event: 0.359 loading class doubleArray done
Event: 0.361 loading class SWIGTYPE_p_uint__t
Event: 0.361 loading class SWIGTYPE_p_uint__t done
Event: 0.363 loading class SWIGTYPE_p_real__t
Event: 0.363 loading class SWIGTYPE_p_real__t done
Event: 0.364 loading class demop
Event: 0.364 loading class demop done
Event: 0.365 loading class demopConstants
Event: 0.365 loading class demopConstants done


Dynamic libraries:
89800000-91000000 rw-p 00000000 00:00 0 
91000000-100000000 ---p 00000000 00:00 0 
100000000-100080000 rw-p 00000000 00:00 0 
100080000-140000000 ---p 00000000 00:00 0 
55d194bd6000-55d194bd7000 r-xp 00000000 08:05 796054                     /usr/lib/jvm/java-11-openjdk-amd64/bin/java
55d194dd7000-55d194dd8000 r--p 00001000 08:05 796054                     /usr/lib/jvm/java-11-openjdk-amd64/bin/java
55d194dd8000-55d194dd9000 rw-p 00002000 08:05 796054                     /usr/lib/jvm/java-11-openjdk-amd64/bin/java
55d195e35000-55d195e56000 rw-p 00000000 00:00 0                          [heap]
7f99a5d3f000-7f99a682b000 rw-p 00000000 00:00 0 
7f99a6bcf000-7f99a79c5000 rw-p 00000000 00:00 0 
7f99a79c5000-7f99a79c8000 r-xp 00000000 08:05 1717418                    /home/esaric/Desktop/NICSLU-master/read_file_java/libnicslu_readfile.so
7f99a79c8000-7f99a7bc7000 ---p 00003000 08:05 1717418                    /home/esaric/Desktop/NICSLU-master/read_file_java/libnicslu_readfile.so
7f99a7bc7000-7f99a7bc8000 r--p 00002000 08:05 1717418                    /home/esaric/Desktop/NICSLU-master/read_file_java/libnicslu_readfile.so
7f99a7bc8000-7f99a7bc9000 rw-p 00003000 08:05 1717418                    /home/esaric/Desktop/NICSLU-master/read_file_java/libnicslu_readfile.so
7f99a7bc9000-7f99a7be7000 r-xp 00000000 08:05 1706464                    /home/esaric/Desktop/NICSLU-master/read_file_java/libdemop.so
7f99a7be7000-7f99a7de7000 ---p 0001e000 08:05 1706464                    /home/esaric/Desktop/NICSLU-master/read_file_java/libdemop.so
7f99a7de7000-7f99a7de8000 r--p 0001e000 08:05 1706464                    /home/esaric/Desktop/NICSLU-master/read_file_java/libdemop.so
7f99a7de8000-7f99a7de9000 rw-p 0001f000 08:05 1706464                    /home/esaric/Desktop/NICSLU-master/read_file_java/libdemop.so
7f99a7de9000-7f99a7dff000 r-xp 00000000 08:05 1196418                    /usr/lib/jvm/java-11-openjdk-amd64/lib/libnet.so
7f99a7dff000-7f99a7ffe000 ---p 00016000 08:05 1196418                    /usr/lib/jvm/java-11-openjdk-amd64/lib/libnet.so
7f99a7ffe000-7f99a7fff000 r--p 00015000 08:05 1196418                    /usr/lib/jvm/java-11-openjdk-amd64/lib/libnet.so
7f99a7fff000-7f99a8000000 rw-p 00016000 08:05 1196418                    /usr/lib/jvm/java-11-openjdk-amd64/lib/libnet.so
7f99a8000000-7f99a8021000 rw-p 00000000 00:00 0 
7f99a8021000-7f99ac000000 ---p 00000000 00:00 0 
7f99ac000000-7f99ac021000 rw-p 00000000 00:00 0 
7f99ac021000-7f99b0000000 ---p 00000000 00:00 0 
7f99b0000000-7f99b007f000 rw-p 00000000 00:00 0 
7f99b007f000-7f99b4000000 ---p 00000000 00:00 0 
7f99b4000000-7f99b4021000 rw-p 00000000 00:00 0 
7f99b4021000-7f99b8000000 ---p 00000000 00:00 0 
7f99b8000000-7f99b8021000 rw-p 00000000 00:00 0 
7f99b8021000-7f99bc000000 ---p 00000000 00:00 0 
7f99bc000000-7f99bc06f000 rw-p 00000000 00:00 0 
7f99bc06f000-7f99c0000000 ---p 00000000 00:00 0 
7f99c0000000-7f99c0021000 rw-p 00000000 00:00 0 
7f99c0021000-7f99c4000000 ---p 00000000 00:00 0 
7f99c4000000-7f99c4021000 rw-p 00000000 00:00 0 
7f99c4021000-7f99c8000000 ---p 00000000 00:00 0 
7f99c8000000-7f99c8021000 rw-p 00000000 00:00 0 
7f99c8021000-7f99cc000000 ---p 00000000 00:00 0 
7f99cc000000-7f99cc021000 rw-p 00000000 00:00 0 
7f99cc021000-7f99d0000000 ---p 00000000 00:00 0 
7f99d0000000-7f99d0021000 rw-p 00000000 00:00 0 
7f99d0021000-7f99d4000000 ---p 00000000 00:00 0 
7f99d4000000-7f99d4021000 rw-p 00000000 00:00 0 
7f99d4021000-7f99d8000000 ---p 00000000 00:00 0 
7f99d8000000-7f99d8021000 rw-p 00000000 00:00 0 
7f99d8021000-7f99dc000000 ---p 00000000 00:00 0 
7f99dc111000-7f99dc1d5000 rw-p 00000000 00:00 0 
7f99dc1d5000-7f99dc1e5000 r-xp 00000000 08:05 1196419                    /usr/lib/jvm/java-11-openjdk-amd64/lib/libnio.so
7f99dc1e5000-7f99dc3e4000 ---p 00010000 08:05 1196419                    /usr/lib/jvm/java-11-openjdk-amd64/lib/libnio.so
7f99dc3e4000-7f99dc3e5000 r--p 0000f000 08:05 1196419                    /usr/lib/jvm/java-11-openjdk-amd64/lib/libnio.so
7f99dc3e5000-7f99dc3e6000 rw-p 00010000 08:05 1196419                    /usr/lib/jvm/java-11-openjdk-amd64/lib/libnio.so
7f99dc3e6000-7f99dc3ea000 ---p 00000000 00:00 0 
7f99dc3ea000-7f99dc4e7000 rw-p 00000000 00:00 0 
7f99dc4e7000-7f99dc4e8000 ---p 00000000 00:00 0 
7f99dc4e8000-7f99dc5e9000 rw-p 00000000 00:00 0 
7f99dc5e9000-7f99dc5ed000 ---p 00000000 00:00 0 
7f99dc5ed000-7f99dc6ea000 rw-p 00000000 00:00 0 
7f99dc6ea000-7f99dc6ee000 ---p 00000000 00:00 0 
7f99dc6ee000-7f99dc7eb000 rw-p 00000000 00:00 0 
7f99dc7eb000-7f99dc7ef000 ---p 00000000 00:00 0 
7f99dc7ef000-7f99dc8ec000 rw-p 00000000 00:00 0 
7f99dc8ec000-7f99dc8f0000 ---p 00000000 00:00 0 
7f99dc8f0000-7f99dc9ed000 rw-p 00000000 00:00 0 
7f99dc9ed000-7f99dc9f1000 ---p 00000000 00:00 0 
7f99dc9f1000-7f99dcaee000 rw-p 00000000 00:00 0 
7f99dcaee000-7f99dcf4f000 r--p 00000000 08:05 787292                     /usr/lib/locale/locale-archive
7f99dcf4f000-7f99dcf53000 ---p 00000000 00:00 0 
7f99dcf53000-7f99dd050000 rw-p 00000000 00:00 0 
7f99dd050000-7f99dd054000 ---p 00000000 00:00 0 
7f99dd054000-7f99dd151000 rw-p 00000000 00:00 0 
7f99dd151000-7f99dd152000 ---p 00000000 00:00 0 
7f99dd152000-7f99dd693000 rw-p 00000000 00:00 0 
7f99dd693000-7f99dda53000 ---p 00000000 00:00 0 
7f99dda53000-7f99dda54000 ---p 00000000 00:00 0 
7f99dda54000-7f99ddb55000 rw-p 00000000 00:00 0 
7f99ddb55000-7f99ddb56000 ---p 00000000 00:00 0 
7f99ddb56000-7f99dff38000 rw-p 00000000 00:00 0 
7f99dff38000-7f99e1af8000 ---p 00000000 00:00 0 
7f99e1af8000-7f99e1cd8000 rw-p 00000000 00:00 0 
7f99e1cd8000-7f99e3898000 ---p 00000000 00:00 0 
7f99e3898000-7f99e38d4000 rw-p 00000000 00:00 0 
7f99e38d4000-7f99e3c4c000 ---p 00000000 00:00 0 
7f99e3c4c000-7f99e3c88000 rw-p 00000000 00:00 0 
7f99e3c88000-7f99e4000000 ---p 00000000 00:00 0 
7f99e4000000-7f99e4021000 rw-p 00000000 00:00 0 
7f99e4021000-7f99e8000000 ---p 00000000 00:00 0 
7f99e801a000-7f99e819c000 rw-p 00000000 00:00 0 
7f99e819c000-7f99e819d000 ---p 00000000 00:00 0 
7f99e819d000-7f99e829e000 rw-p 00000000 00:00 0 
7f99e829e000-7f99e829f000 ---p 00000000 00:00 0 
7f99e829f000-7f99e83dc000 rw-p 00000000 00:00 0 
7f99e83dc000-7f99e8754000 ---p 00000000 00:00 0 
7f99e8754000-7f99e8956000 rw-p 00000000 00:00 0 
7f99e8956000-7f99e8bc6000 rwxp 00000000 00:00 0 
7f99e8bc6000-7f99e8ee5000 ---p 00000000 00:00 0 
7f99e8ee5000-7f99e9155000 rwxp 00000000 00:00 0 
7f99e9155000-7f99f041d000 ---p 00000000 00:00 0 
7f99f041d000-7f99f068d000 rwxp 00000000 00:00 0 
7f99f068d000-7f99f7956000 ---p 00000000 00:00 0 
7f99f7956000-7f9a00000000 r--s 00000000 08:05 1196428                    /usr/lib/jvm/java-11-openjdk-amd64/lib/modules
7f9a00000000-7f9a0039d000 rw-p 00000000 00:00 0 
7f9a0039d000-7f9a04000000 ---p 00000000 00:00 0 
7f9a04044000-7f9a0409f000 rw-p 00000000 00:00 0 
7f9a0409f000-7f9a040a0000 ---p 00000000 00:00 0 
7f9a040a0000-7f9a041a6000 rw-p 00000000 00:00 0 
7f9a041a6000-7f9a0428c000 ---p 00000000 00:00 0 
7f9a0428c000-7f9a04291000 rw-p 00000000 00:00 0 
7f9a04291000-7f9a04377000 ---p 00000000 00:00 0 
7f9a04377000-7f9a0437c000 r-xp 00000000 08:05 1196410                    /usr/lib/jvm/java-11-openjdk-amd64/lib/libjimage.so
7f9a0437c000-7f9a0457b000 ---p 00005000 08:05 1196410                    /usr/lib/jvm/java-11-openjdk-amd64/lib/libjimage.so
7f9a0457b000-7f9a0457c000 r--p 00004000 08:05 1196410                    /usr/lib/jvm/java-11-openjdk-amd64/lib/libjimage.so
7f9a0457c000-7f9a0457d000 rw-p 00005000 08:05 1196410                    /usr/lib/jvm/java-11-openjdk-amd64/lib/libjimage.so
7f9a0457d000-7f9a04584000 r-xp 00000000 08:05 1196427                    /usr/lib/jvm/java-11-openjdk-amd64/lib/libzip.so
7f9a04584000-7f9a04783000 ---p 00007000 08:05 1196427                    /usr/lib/jvm/java-11-openjdk-amd64/lib/libzip.so
7f9a04783000-7f9a04784000 r--p 00006000 08:05 1196427                    /usr/lib/jvm/java-11-openjdk-amd64/lib/libzip.so
7f9a04784000-7f9a04785000 rw-p 00007000 08:05 1196427                    /usr/lib/jvm/java-11-openjdk-amd64/lib/libzip.so
7f9a04785000-7f9a04790000 r-xp 00000000 08:05 262206                     /lib/x86_64-linux-gnu/libnss_files-2.27.so
7f9a04790000-7f9a0498f000 ---p 0000b000 08:05 262206                     /lib/x86_64-linux-gnu/libnss_files-2.27.so
7f9a0498f000-7f9a04990000 r--p 0000a000 08:05 262206                     /lib/x86_64-linux-gnu/libnss_files-2.27.so
7f9a04990000-7f9a04991000 rw-p 0000b000 08:05 262206                     /lib/x86_64-linux-gnu/libnss_files-2.27.so
7f9a04991000-7f9a04997000 rw-p 00000000 00:00 0 
7f9a04997000-7f9a049ae000 r-xp 00000000 08:05 262200                     /lib/x86_64-linux-gnu/libnsl-2.27.so
7f9a049ae000-7f9a04bad000 ---p 00017000 08:05 262200                     /lib/x86_64-linux-gnu/libnsl-2.27.so
7f9a04bad000-7f9a04bae000 r--p 00016000 08:05 262200                     /lib/x86_64-linux-gnu/libnsl-2.27.so
7f9a04bae000-7f9a04baf000 rw-p 00017000 08:05 262200                     /lib/x86_64-linux-gnu/libnsl-2.27.so
7f9a04baf000-7f9a04bb1000 rw-p 00000000 00:00 0 
7f9a04bb1000-7f9a04bbc000 r-xp 00000000 08:05 262210                     /lib/x86_64-linux-gnu/libnss_nis-2.27.so
7f9a04bbc000-7f9a04dbb000 ---p 0000b000 08:05 262210                     /lib/x86_64-linux-gnu/libnss_nis-2.27.so
7f9a04dbb000-7f9a04dbc000 r--p 0000a000 08:05 262210                     /lib/x86_64-linux-gnu/libnss_nis-2.27.so
7f9a04dbc000-7f9a04dbd000 rw-p 0000b000 08:05 262210                     /lib/x86_64-linux-gnu/libnss_nis-2.27.so
7f9a04dbd000-7f9a04dc5000 r-xp 00000000 08:05 262202                     /lib/x86_64-linux-gnu/libnss_compat-2.27.so
7f9a04dc5000-7f9a04fc5000 ---p 00008000 08:05 262202                     /lib/x86_64-linux-gnu/libnss_compat-2.27.so
7f9a04fc5000-7f9a04fc6000 r--p 00008000 08:05 262202                     /lib/x86_64-linux-gnu/libnss_compat-2.27.so
7f9a04fc6000-7f9a04fc7000 rw-p 00009000 08:05 262202                     /lib/x86_64-linux-gnu/libnss_compat-2.27.so
7f9a04fc7000-7f9a04ff0000 r-xp 00000000 08:05 1196406                    /usr/lib/jvm/java-11-openjdk-amd64/lib/libjava.so
7f9a04ff0000-7f9a051ef000 ---p 00029000 08:05 1196406                    /usr/lib/jvm/java-11-openjdk-amd64/lib/libjava.so
7f9a051ef000-7f9a051f0000 r--p 00028000 08:05 1196406                    /usr/lib/jvm/java-11-openjdk-amd64/lib/libjava.so
7f9a051f0000-7f9a051f2000 rw-p 00029000 08:05 1196406                    /usr/lib/jvm/java-11-openjdk-amd64/lib/libjava.so
7f9a051f2000-7f9a051ff000 r-xp 00000000 08:05 1196426                    /usr/lib/jvm/java-11-openjdk-amd64/lib/libverify.so
7f9a051ff000-7f9a053fe000 ---p 0000d000 08:05 1196426                    /usr/lib/jvm/java-11-openjdk-amd64/lib/libverify.so
7f9a053fe000-7f9a05400000 r--p 0000c000 08:05 1196426                    /usr/lib/jvm/java-11-openjdk-amd64/lib/libverify.so
7f9a05400000-7f9a05401000 rw-p 0000e000 08:05 1196426                    /usr/lib/jvm/java-11-openjdk-amd64/lib/libverify.so
7f9a05401000-7f9a05408000 r-xp 00000000 08:05 262231                     /lib/x86_64-linux-gnu/librt-2.27.so
7f9a05408000-7f9a05607000 ---p 00007000 08:05 262231                     /lib/x86_64-linux-gnu/librt-2.27.so
7f9a05607000-7f9a05608000 r--p 00006000 08:05 262231                     /lib/x86_64-linux-gnu/librt-2.27.so
7f9a05608000-7f9a05609000 rw-p 00007000 08:05 262231                     /lib/x86_64-linux-gnu/librt-2.27.so
7f9a05609000-7f9a05620000 r-xp 00000000 08:05 262315                     /lib/x86_64-linux-gnu/libgcc_s.so.1
7f9a05620000-7f9a0581f000 ---p 00017000 08:05 262315                     /lib/x86_64-linux-gnu/libgcc_s.so.1
7f9a0581f000-7f9a05820000 r--p 00016000 08:05 262315                     /lib/x86_64-linux-gnu/libgcc_s.so.1
7f9a05820000-7f9a05821000 rw-p 00017000 08:05 262315                     /lib/x86_64-linux-gnu/libgcc_s.so.1
7f9a05821000-7f9a059be000 r-xp 00000000 08:05 262192                     /lib/x86_64-linux-gnu/libm-2.27.so
7f9a059be000-7f9a05bbd000 ---p 0019d000 08:05 262192                     /lib/x86_64-linux-gnu/libm-2.27.so
7f9a05bbd000-7f9a05bbe000 r--p 0019c000 08:05 262192                     /lib/x86_64-linux-gnu/libm-2.27.so
7f9a05bbe000-7f9a05bbf000 rw-p 0019d000 08:05 262192                     /lib/x86_64-linux-gnu/libm-2.27.so
7f9a05bbf000-7f9a05d38000 r-xp 00000000 08:05 791971                     /usr/lib/x86_64-linux-gnu/libstdc++.so.6.0.25
7f9a05d38000-7f9a05f38000 ---p 00179000 08:05 791971                     /usr/lib/x86_64-linux-gnu/libstdc++.so.6.0.25
7f9a05f38000-7f9a05f42000 r--p 00179000 08:05 791971                     /usr/lib/x86_64-linux-gnu/libstdc++.so.6.0.25
7f9a05f42000-7f9a05f44000 rw-p 00183000 08:05 791971                     /usr/lib/x86_64-linux-gnu/libstdc++.so.6.0.25
7f9a05f44000-7f9a05f48000 rw-p 00000000 00:00 0 
7f9a05f48000-7f9a07014000 r-xp 00000000 08:05 1333060                    /usr/lib/jvm/java-11-openjdk-amd64/lib/server/libjvm.so
7f9a07014000-7f9a07213000 ---p 010cc000 08:05 1333060                    /usr/lib/jvm/java-11-openjdk-amd64/lib/server/libjvm.so
7f9a07213000-7f9a072d0000 r--p 010cb000 08:05 1333060                    /usr/lib/jvm/java-11-openjdk-amd64/lib/server/libjvm.so
7f9a072d0000-7f9a07309000 rw-p 01188000 08:05 1333060                    /usr/lib/jvm/java-11-openjdk-amd64/lib/server/libjvm.so
7f9a07309000-7f9a0735f000 rw-p 00000000 00:00 0 
7f9a0735f000-7f9a07379000 r-xp 00000000 08:05 262216                     /lib/x86_64-linux-gnu/libpthread-2.27.so
7f9a07379000-7f9a07578000 ---p 0001a000 08:05 262216                     /lib/x86_64-linux-gnu/libpthread-2.27.so
7f9a07578000-7f9a07579000 r--p 00019000 08:05 262216                     /lib/x86_64-linux-gnu/libpthread-2.27.so
7f9a07579000-7f9a0757a000 rw-p 0001a000 08:05 262216                     /lib/x86_64-linux-gnu/libpthread-2.27.so
7f9a0757a000-7f9a0757e000 rw-p 00000000 00:00 0 
7f9a0757e000-7f9a07581000 r-xp 00000000 08:05 262191                     /lib/x86_64-linux-gnu/libdl-2.27.so
7f9a07581000-7f9a07780000 ---p 00003000 08:05 262191                     /lib/x86_64-linux-gnu/libdl-2.27.so
7f9a07780000-7f9a07781000 r--p 00002000 08:05 262191                     /lib/x86_64-linux-gnu/libdl-2.27.so
7f9a07781000-7f9a07782000 rw-p 00003000 08:05 262191                     /lib/x86_64-linux-gnu/libdl-2.27.so
7f9a07782000-7f9a0779e000 r-xp 00000000 08:05 262201                     /lib/x86_64-linux-gnu/libz.so.1.2.11
7f9a0779e000-7f9a0799d000 ---p 0001c000 08:05 262201                     /lib/x86_64-linux-gnu/libz.so.1.2.11
7f9a0799d000-7f9a0799e000 r--p 0001b000 08:05 262201                     /lib/x86_64-linux-gnu/libz.so.1.2.11
7f9a0799e000-7f9a0799f000 rw-p 0001c000 08:05 262201                     /lib/x86_64-linux-gnu/libz.so.1.2.11
7f9a0799f000-7f9a07b86000 r-xp 00000000 08:05 262183                     /lib/x86_64-linux-gnu/libc-2.27.so
7f9a07b86000-7f9a07d86000 ---p 001e7000 08:05 262183                     /lib/x86_64-linux-gnu/libc-2.27.so
7f9a07d86000-7f9a07d8a000 r--p 001e7000 08:05 262183                     /lib/x86_64-linux-gnu/libc-2.27.so
7f9a07d8a000-7f9a07d8c000 rw-p 001eb000 08:05 262183                     /lib/x86_64-linux-gnu/libc-2.27.so
7f9a07d8c000-7f9a07d90000 rw-p 00000000 00:00 0 
7f9a07d90000-7f9a07da0000 r-xp 00000000 08:05 1196390                    /usr/lib/jvm/java-11-openjdk-amd64/lib/jli/libjli.so
7f9a07da0000-7f9a07f9f000 ---p 00010000 08:05 1196390                    /usr/lib/jvm/java-11-openjdk-amd64/lib/jli/libjli.so
7f9a07f9f000-7f9a07fa0000 r--p 0000f000 08:05 1196390                    /usr/lib/jvm/java-11-openjdk-amd64/lib/jli/libjli.so
7f9a07fa0000-7f9a07fa1000 rw-p 00010000 08:05 1196390                    /usr/lib/jvm/java-11-openjdk-amd64/lib/jli/libjli.so
7f9a07fa1000-7f9a07fc8000 r-xp 00000000 08:05 262170                     /lib/x86_64-linux-gnu/ld-2.27.so
7f9a07fd1000-7f9a080ab000 rw-p 00000000 00:00 0 
7f9a080ab000-7f9a080af000 ---p 00000000 00:00 0 
7f9a080af000-7f9a081b3000 rw-p 00000000 00:00 0 
7f9a081b3000-7f9a081ba000 ---p 00000000 00:00 0 
7f9a081ba000-7f9a081bc000 r--s 00007000 08:05 1196450                    /usr/share/java/java-atk-wrapper.jar
7f9a081bc000-7f9a081c4000 rw-s 00000000 08:05 2754723                    /tmp/hsperfdata_esaric/25501
7f9a081c4000-7f9a081c5000 ---p 00000000 00:00 0 
7f9a081c5000-7f9a081c6000 r--p 00000000 00:00 0 
7f9a081c6000-7f9a081c8000 rw-p 00000000 00:00 0 
7f9a081c8000-7f9a081c9000 r--p 00027000 08:05 262170                     /lib/x86_64-linux-gnu/ld-2.27.so
7f9a081c9000-7f9a081ca000 rw-p 00028000 08:05 262170                     /lib/x86_64-linux-gnu/ld-2.27.so
7f9a081ca000-7f9a081cb000 rw-p 00000000 00:00 0 
7ffc42b87000-7ffc42ba8000 rw-p 00000000 00:00 0                          [stack]
7ffc42bc4000-7ffc42bc7000 r--p 00000000 00:00 0                          [vvar]
7ffc42bc7000-7ffc42bc9000 r-xp 00000000 00:00 0                          [vdso]
ffffffffff600000-ffffffffff601000 r-xp 00000000 00:00 0                  [vsyscall]


VM Arguments:
java_command: runme 2
java_class_path (initial): .
Launcher Type: SUN_STANDARD

[Global flags]
     intx CICompilerCount                          = 2                                         {product} {ergonomic}
     uint ConcGCThreads                            = 1                                         {product} {ergonomic}
     uint G1ConcRefinementThreads                  = 2                                         {product} {ergonomic}
   size_t G1HeapRegionSize                         = 1048576                                   {product} {ergonomic}
    uintx GCDrainStackTargetSize                   = 64                                        {product} {ergonomic}
   size_t InitialHeapSize                          = 125829120                                 {product} {ergonomic}
   size_t MarkStackSize                            = 4194304                                   {product} {ergonomic}
   size_t MaxHeapSize                              = 1988100096                                {product} {ergonomic}
   size_t MaxNewSize                               = 1192230912                                {product} {ergonomic}
   size_t MinHeapDeltaBytes                        = 1048576                                   {product} {ergonomic}
    uintx NonNMethodCodeHeapSize                   = 5824844                                {pd product} {ergonomic}
    uintx NonProfiledCodeHeapSize                  = 122916698                              {pd product} {ergonomic}
    uintx ProfiledCodeHeapSize                     = 122916698                              {pd product} {ergonomic}
    uintx ReservedCodeCacheSize                    = 251658240                              {pd product} {ergonomic}
     bool SegmentedCodeCache                       = true                                      {product} {ergonomic}
     bool UseCompressedClassPointers               = true                                 {lp64_product} {ergonomic}
     bool UseCompressedOops                        = true                                 {lp64_product} {ergonomic}
     bool UseG1GC                                  = true                                      {product} {ergonomic}

Logging:
Log output configuration:
 #0: stdout all=warning uptime,level,tags
 #1: stderr all=off uptime,level,tags

Environment Variables:
PATH=/home/esaric/bin:/home/esaric/.local/bin:/usr/local/sbin:/usr/local/bin:/usr/sbin:/usr/bin:/sbin:/bin:/usr/games:/usr/local/games:/snap/bin
USERNAME=esaric
LD_LIBRARY_PATH=:/home/esaric/Desktop/NICSLU-master/read_file_java
SHELL=/bin/bash
DISPLAY=:0

Signal Handlers:
SIGSEGV: [libjvm.so+0xde5f50], sa_mask[0]=11111111011111111101111111111110, sa_flags=SA_RESTART|SA_SIGINFO
SIGBUS: [libjvm.so+0xde5f50], sa_mask[0]=11111111011111111101111111111110, sa_flags=SA_RESTART|SA_SIGINFO
SIGFPE: [libjvm.so+0xde5f50], sa_mask[0]=11111111011111111101111111111110, sa_flags=SA_RESTART|SA_SIGINFO
SIGPIPE: [libjvm.so+0xbba5b0], sa_mask[0]=11111111011111111101111111111110, sa_flags=SA_RESTART|SA_SIGINFO
SIGXFSZ: [libjvm.so+0xbba5b0], sa_mask[0]=11111111011111111101111111111110, sa_flags=SA_RESTART|SA_SIGINFO
SIGILL: [libjvm.so+0xde5f50], sa_mask[0]=11111111011111111101111111111110, sa_flags=SA_RESTART|SA_SIGINFO
SIGUSR2: [libjvm.so+0xbba450], sa_mask[0]=00000000000000000000000000000000, sa_flags=SA_RESTART|SA_SIGINFO
SIGHUP: [libjvm.so+0xbba7b0], sa_mask[0]=11111111011111111101111111111110, sa_flags=SA_RESTART|SA_SIGINFO
SIGINT: [libjvm.so+0xbba7b0], sa_mask[0]=11111111011111111101111111111110, sa_flags=SA_RESTART|SA_SIGINFO
SIGTERM: [libjvm.so+0xbba7b0], sa_mask[0]=11111111011111111101111111111110, sa_flags=SA_RESTART|SA_SIGINFO
SIGQUIT: [libjvm.so+0xbba7b0], sa_mask[0]=11111111011111111101111111111110, sa_flags=SA_RESTART|SA_SIGINFO


---------------  S Y S T E M  ---------------

OS:DISTRIB_ID=Ubuntu
DISTRIB_RELEASE=18.04
DISTRIB_CODENAME=bionic
DISTRIB_DESCRIPTION="Ubuntu 18.04.3 LTS"
uname:Linux 4.15.0-66-generic #75-Ubuntu SMP Tue Oct 1 05:24:09 UTC 2019 x86_64
libc:glibc 2.27 NPTL 2.27 
rlimit: STACK 8192k, CORE 0k, NPROC 30144, NOFILE 4096, AS infinity, DATA infinity, FSIZE infinity
load average:2.47 1.39 1.43

/proc/meminfo:
MemTotal:        7761384 kB
MemFree:         2481776 kB
MemAvailable:    4785444 kB
Buffers:          478588 kB
Cached:          2062464 kB
SwapCached:            0 kB
Active:          3460952 kB
Inactive:        1282020 kB
Active(anon):    2201916 kB
Inactive(anon):   155920 kB
Active(file):    1259036 kB
Inactive(file):  1126100 kB
Unevictable:          32 kB
Mlocked:              32 kB
SwapTotal:             0 kB
SwapFree:              0 kB
Dirty:               616 kB
Writeback:             0 kB
AnonPages:       2201944 kB
Mapped:           687492 kB
Shmem:            157968 kB
Slab:             278424 kB
SReclaimable:     221668 kB
SUnreclaim:        56756 kB
KernelStack:       15168 kB
PageTables:        63800 kB
NFS_Unstable:          0 kB
Bounce:                0 kB
WritebackTmp:          0 kB
CommitLimit:     3880692 kB
Committed_AS:    8507608 kB
VmallocTotal:   34359738367 kB
VmallocUsed:           0 kB
VmallocChunk:          0 kB
HardwareCorrupted:     0 kB
AnonHugePages:         0 kB
ShmemHugePages:        0 kB
ShmemPmdMapped:        0 kB
CmaTotal:              0 kB
CmaFree:               0 kB
HugePages_Total:       0
HugePages_Free:        0
HugePages_Rsvd:        0
HugePages_Surp:        0
Hugepagesize:       2048 kB
DirectMap4k:      503836 kB
DirectMap2M:     7471104 kB
DirectMap1G:           0 kB


/proc/sys/kernel/threads-max (system-wide limit on the number of threads):
60289


/proc/sys/vm/max_map_count (maximum number of memory map areas a process may have):
65530


/proc/sys/kernel/pid_max (system-wide limit on number of process identifiers):
32768



container (cgroup) information:
container_type: cgroupv1
cpu_cpuset_cpus: 0-1
cpu_memory_nodes: 0
active_processor_count: 2
cpu_quota: -1
cpu_period: 100000
cpu_shares: -1
memory_limit_in_bytes: -1
memory_and_swap_limit_in_bytes: -2
memory_soft_limit_in_bytes: -1
memory_usage_in_bytes: 4857008128
memory_max_usage_in_bytes: 0

Steal ticks since vm start: 0
Steal ticks percentage since vm start:  0.000

CPU:total 2 (initial active 2) (2 cores per cpu, 1 threads per core) family 20 model 2 stepping 0, cmov, cx8, fxsr, mmx, sse, sse2, sse3, ssse3, popcnt, mmxext, lzcnt, sse4a, tsc, tscinvbit, tscinv
CPU Model and flags from /proc/cpuinfo:
model name	: AMD E-450 APU with Radeon(tm) HD Graphics
flags		: fpu vme de pse tsc msr pae mce cx8 apic sep mtrr pge mca cmov pat pse36 clflush mmx fxsr sse sse2 ht syscall nx mmxext fxsr_opt pdpe1gb rdtscp lm constant_tsc rep_good nopl nonstop_tsc cpuid extd_apicid aperfmperf pni monitor ssse3 cx16 popcnt lahf_lm cmp_legacy svm extapic cr8_legacy abm sse4a misalignsse 3dnowprefetch ibs skinit wdt hw_pstate vmmcall arat npt lbrv svm_lock nrip_save pausefilter

Memory: 4k page, physical 7761384k(2481776k free), swap 0k(0k free)

vm_info: OpenJDK 64-Bit Server VM (11.0.4+11-post-Ubuntu-1ubuntu218.04.3) for linux-amd64 JRE (11.0.4+11-post-Ubuntu-1ubuntu218.04.3), built on Jul 18 2019 18:21:46 by "buildd" with gcc 7.4.0

END.
